Start testing: Jul 12 13:33 PDT
----------------------------------------------------------
1/63 Testing: HeapTest.ConstructionDestruction
1/63 Test: HeapTest.ConstructionDestruction
Command: "/usr/bin/valgrind" "--tool=memcheck" "--leak-check=yes" "--trace-children=no" "/home/cs104/hw-ykelty/hw5/hw5_tests/heap_tests/heap_tests" "--gtest_filter=HeapTest.ConstructionDestruction"
Directory: /home/cs104/hw-ykelty/hw5/hw5_tests/heap_tests
"HeapTest.ConstructionDestruction" start time: Jul 12 13:33 PDT
Output:
----------------------------------------------------------
valgrind: /home/cs104/hw-ykelty/hw5/hw5_tests/heap_tests/heap_tests: No such file or directory
<end of output>
Test time =   0.05 sec
----------------------------------------------------------
Test Failed.
"HeapTest.ConstructionDestruction" end time: Jul 12 13:33 PDT
"HeapTest.ConstructionDestruction" time elapsed: 00:00:00
----------------------------------------------------------

2/63 Testing: HeapTest.InitiallyEmpty
2/63 Test: HeapTest.InitiallyEmpty
Command: "/usr/bin/valgrind" "--tool=memcheck" "--leak-check=yes" "--trace-children=no" "/home/cs104/hw-ykelty/hw5/hw5_tests/heap_tests/heap_tests" "--gtest_filter=HeapTest.InitiallyEmpty"
Directory: /home/cs104/hw-ykelty/hw5/hw5_tests/heap_tests
"HeapTest.InitiallyEmpty" start time: Jul 12 13:33 PDT
Output:
----------------------------------------------------------
valgrind: /home/cs104/hw-ykelty/hw5/hw5_tests/heap_tests/heap_tests: No such file or directory
<end of output>
Test time =   0.00 sec
----------------------------------------------------------
Test Failed.
"HeapTest.InitiallyEmpty" end time: Jul 12 13:33 PDT
"HeapTest.InitiallyEmpty" time elapsed: 00:00:00
----------------------------------------------------------

3/63 Testing: HeapTest.EmptyTopException
3/63 Test: HeapTest.EmptyTopException
Command: "/usr/bin/valgrind" "--tool=memcheck" "--leak-check=yes" "--trace-children=no" "/home/cs104/hw-ykelty/hw5/hw5_tests/heap_tests/heap_tests" "--gtest_filter=HeapTest.EmptyTopException"
Directory: /home/cs104/hw-ykelty/hw5/hw5_tests/heap_tests
"HeapTest.EmptyTopException" start time: Jul 12 13:33 PDT
Output:
----------------------------------------------------------
valgrind: /home/cs104/hw-ykelty/hw5/hw5_tests/heap_tests/heap_tests: No such file or directory
<end of output>
Test time =   0.00 sec
----------------------------------------------------------
Test Failed.
"HeapTest.EmptyTopException" end time: Jul 12 13:33 PDT
"HeapTest.EmptyTopException" time elapsed: 00:00:00
----------------------------------------------------------

4/63 Testing: HeapTest.EmptyPopException
4/63 Test: HeapTest.EmptyPopException
Command: "/usr/bin/valgrind" "--tool=memcheck" "--leak-check=yes" "--trace-children=no" "/home/cs104/hw-ykelty/hw5/hw5_tests/heap_tests/heap_tests" "--gtest_filter=HeapTest.EmptyPopException"
Directory: /home/cs104/hw-ykelty/hw5/hw5_tests/heap_tests
"HeapTest.EmptyPopException" start time: Jul 12 13:33 PDT
Output:
----------------------------------------------------------
valgrind: /home/cs104/hw-ykelty/hw5/hw5_tests/heap_tests/heap_tests: No such file or directory
<end of output>
Test time =   0.00 sec
----------------------------------------------------------
Test Failed.
"HeapTest.EmptyPopException" end time: Jul 12 13:33 PDT
"HeapTest.EmptyPopException" time elapsed: 00:00:00
----------------------------------------------------------

5/63 Testing: HeapTest.SingleItemNonempty
5/63 Test: HeapTest.SingleItemNonempty
Command: "/usr/bin/valgrind" "--tool=memcheck" "--leak-check=yes" "--trace-children=no" "/home/cs104/hw-ykelty/hw5/hw5_tests/heap_tests/heap_tests" "--gtest_filter=HeapTest.SingleItemNonempty"
Directory: /home/cs104/hw-ykelty/hw5/hw5_tests/heap_tests
"HeapTest.SingleItemNonempty" start time: Jul 12 13:33 PDT
Output:
----------------------------------------------------------
valgrind: /home/cs104/hw-ykelty/hw5/hw5_tests/heap_tests/heap_tests: No such file or directory
<end of output>
Test time =   0.00 sec
----------------------------------------------------------
Test Failed.
"HeapTest.SingleItemNonempty" end time: Jul 12 13:33 PDT
"HeapTest.SingleItemNonempty" time elapsed: 00:00:00
----------------------------------------------------------

6/63 Testing: HeapTest.SingleItemPush
6/63 Test: HeapTest.SingleItemPush
Command: "/usr/bin/valgrind" "--tool=memcheck" "--leak-check=yes" "--trace-children=no" "/home/cs104/hw-ykelty/hw5/hw5_tests/heap_tests/heap_tests" "--gtest_filter=HeapTest.SingleItemPush"
Directory: /home/cs104/hw-ykelty/hw5/hw5_tests/heap_tests
"HeapTest.SingleItemPush" start time: Jul 12 13:33 PDT
Output:
----------------------------------------------------------
valgrind: /home/cs104/hw-ykelty/hw5/hw5_tests/heap_tests/heap_tests: No such file or directory
<end of output>
Test time =   0.01 sec
----------------------------------------------------------
Test Failed.
"HeapTest.SingleItemPush" end time: Jul 12 13:33 PDT
"HeapTest.SingleItemPush" time elapsed: 00:00:00
----------------------------------------------------------

7/63 Testing: HeapTest.SingleItemPushPop
7/63 Test: HeapTest.SingleItemPushPop
Command: "/usr/bin/valgrind" "--tool=memcheck" "--leak-check=yes" "--trace-children=no" "/home/cs104/hw-ykelty/hw5/hw5_tests/heap_tests/heap_tests" "--gtest_filter=HeapTest.SingleItemPushPop"
Directory: /home/cs104/hw-ykelty/hw5/hw5_tests/heap_tests
"HeapTest.SingleItemPushPop" start time: Jul 12 13:33 PDT
Output:
----------------------------------------------------------
valgrind: /home/cs104/hw-ykelty/hw5/hw5_tests/heap_tests/heap_tests: No such file or directory
<end of output>
Test time =   0.01 sec
----------------------------------------------------------
Test Failed.
"HeapTest.SingleItemPushPop" end time: Jul 12 13:33 PDT
"HeapTest.SingleItemPushPop" time elapsed: 00:00:00
----------------------------------------------------------

8/63 Testing: HeapTest.TwoElementPush_LowPriFirst
8/63 Test: HeapTest.TwoElementPush_LowPriFirst
Command: "/usr/bin/valgrind" "--tool=memcheck" "--leak-check=yes" "--trace-children=no" "/home/cs104/hw-ykelty/hw5/hw5_tests/heap_tests/heap_tests" "--gtest_filter=HeapTest.TwoElementPush_LowPriFirst"
Directory: /home/cs104/hw-ykelty/hw5/hw5_tests/heap_tests
"HeapTest.TwoElementPush_LowPriFirst" start time: Jul 12 13:33 PDT
Output:
----------------------------------------------------------
valgrind: /home/cs104/hw-ykelty/hw5/hw5_tests/heap_tests/heap_tests: No such file or directory
<end of output>
Test time =   0.00 sec
----------------------------------------------------------
Test Failed.
"HeapTest.TwoElementPush_LowPriFirst" end time: Jul 12 13:33 PDT
"HeapTest.TwoElementPush_LowPriFirst" time elapsed: 00:00:00
----------------------------------------------------------

9/63 Testing: HeapTest.TwoElementPush_HighPriFirst
9/63 Test: HeapTest.TwoElementPush_HighPriFirst
Command: "/usr/bin/valgrind" "--tool=memcheck" "--leak-check=yes" "--trace-children=no" "/home/cs104/hw-ykelty/hw5/hw5_tests/heap_tests/heap_tests" "--gtest_filter=HeapTest.TwoElementPush_HighPriFirst"
Directory: /home/cs104/hw-ykelty/hw5/hw5_tests/heap_tests
"HeapTest.TwoElementPush_HighPriFirst" start time: Jul 12 13:33 PDT
Output:
----------------------------------------------------------
valgrind: /home/cs104/hw-ykelty/hw5/hw5_tests/heap_tests/heap_tests: No such file or directory
<end of output>
Test time =   0.00 sec
----------------------------------------------------------
Test Failed.
"HeapTest.TwoElementPush_HighPriFirst" end time: Jul 12 13:33 PDT
"HeapTest.TwoElementPush_HighPriFirst" time elapsed: 00:00:00
----------------------------------------------------------

10/63 Testing: HeapTest.Duplicates
10/63 Test: HeapTest.Duplicates
Command: "/usr/bin/valgrind" "--tool=memcheck" "--leak-check=yes" "--trace-children=no" "/home/cs104/hw-ykelty/hw5/hw5_tests/heap_tests/heap_tests" "--gtest_filter=HeapTest.Duplicates"
Directory: /home/cs104/hw-ykelty/hw5/hw5_tests/heap_tests
"HeapTest.Duplicates" start time: Jul 12 13:33 PDT
Output:
----------------------------------------------------------
valgrind: /home/cs104/hw-ykelty/hw5/hw5_tests/heap_tests/heap_tests: No such file or directory
<end of output>
Test time =   0.00 sec
----------------------------------------------------------
Test Failed.
"HeapTest.Duplicates" end time: Jul 12 13:33 PDT
"HeapTest.Duplicates" time elapsed: 00:00:00
----------------------------------------------------------

11/63 Testing: HeapTest.NegativeElements
11/63 Test: HeapTest.NegativeElements
Command: "/usr/bin/valgrind" "--tool=memcheck" "--leak-check=yes" "--trace-children=no" "/home/cs104/hw-ykelty/hw5/hw5_tests/heap_tests/heap_tests" "--gtest_filter=HeapTest.NegativeElements"
Directory: /home/cs104/hw-ykelty/hw5/hw5_tests/heap_tests
"HeapTest.NegativeElements" start time: Jul 12 13:33 PDT
Output:
----------------------------------------------------------
valgrind: /home/cs104/hw-ykelty/hw5/hw5_tests/heap_tests/heap_tests: No such file or directory
<end of output>
Test time =   0.01 sec
----------------------------------------------------------
Test Failed.
"HeapTest.NegativeElements" end time: Jul 12 13:33 PDT
"HeapTest.NegativeElements" time elapsed: 00:00:00
----------------------------------------------------------

12/63 Testing: HeapTest.ThreeElementPush_0_5_10
12/63 Test: HeapTest.ThreeElementPush_0_5_10
Command: "/usr/bin/valgrind" "--tool=memcheck" "--leak-check=yes" "--trace-children=no" "/home/cs104/hw-ykelty/hw5/hw5_tests/heap_tests/heap_tests" "--gtest_filter=HeapTest.ThreeElementPush_0_5_10"
Directory: /home/cs104/hw-ykelty/hw5/hw5_tests/heap_tests
"HeapTest.ThreeElementPush_0_5_10" start time: Jul 12 13:33 PDT
Output:
----------------------------------------------------------
valgrind: /home/cs104/hw-ykelty/hw5/hw5_tests/heap_tests/heap_tests: No such file or directory
<end of output>
Test time =   0.00 sec
----------------------------------------------------------
Test Failed.
"HeapTest.ThreeElementPush_0_5_10" end time: Jul 12 13:33 PDT
"HeapTest.ThreeElementPush_0_5_10" time elapsed: 00:00:00
----------------------------------------------------------

13/63 Testing: HeapTest.ThreeElementPush_0_10_5
13/63 Test: HeapTest.ThreeElementPush_0_10_5
Command: "/usr/bin/valgrind" "--tool=memcheck" "--leak-check=yes" "--trace-children=no" "/home/cs104/hw-ykelty/hw5/hw5_tests/heap_tests/heap_tests" "--gtest_filter=HeapTest.ThreeElementPush_0_10_5"
Directory: /home/cs104/hw-ykelty/hw5/hw5_tests/heap_tests
"HeapTest.ThreeElementPush_0_10_5" start time: Jul 12 13:33 PDT
Output:
----------------------------------------------------------
valgrind: /home/cs104/hw-ykelty/hw5/hw5_tests/heap_tests/heap_tests: No such file or directory
<end of output>
Test time =   0.00 sec
----------------------------------------------------------
Test Failed.
"HeapTest.ThreeElementPush_0_10_5" end time: Jul 12 13:33 PDT
"HeapTest.ThreeElementPush_0_10_5" time elapsed: 00:00:00
----------------------------------------------------------

14/63 Testing: HeapTest.ThreeElementPush_5_0_10
14/63 Test: HeapTest.ThreeElementPush_5_0_10
Command: "/usr/bin/valgrind" "--tool=memcheck" "--leak-check=yes" "--trace-children=no" "/home/cs104/hw-ykelty/hw5/hw5_tests/heap_tests/heap_tests" "--gtest_filter=HeapTest.ThreeElementPush_5_0_10"
Directory: /home/cs104/hw-ykelty/hw5/hw5_tests/heap_tests
"HeapTest.ThreeElementPush_5_0_10" start time: Jul 12 13:33 PDT
Output:
----------------------------------------------------------
valgrind: /home/cs104/hw-ykelty/hw5/hw5_tests/heap_tests/heap_tests: No such file or directory
<end of output>
Test time =   0.00 sec
----------------------------------------------------------
Test Failed.
"HeapTest.ThreeElementPush_5_0_10" end time: Jul 12 13:33 PDT
"HeapTest.ThreeElementPush_5_0_10" time elapsed: 00:00:00
----------------------------------------------------------

15/63 Testing: HeapTest.ThreeElementPush_5_10_0
15/63 Test: HeapTest.ThreeElementPush_5_10_0
Command: "/usr/bin/valgrind" "--tool=memcheck" "--leak-check=yes" "--trace-children=no" "/home/cs104/hw-ykelty/hw5/hw5_tests/heap_tests/heap_tests" "--gtest_filter=HeapTest.ThreeElementPush_5_10_0"
Directory: /home/cs104/hw-ykelty/hw5/hw5_tests/heap_tests
"HeapTest.ThreeElementPush_5_10_0" start time: Jul 12 13:33 PDT
Output:
----------------------------------------------------------
valgrind: /home/cs104/hw-ykelty/hw5/hw5_tests/heap_tests/heap_tests: No such file or directory
<end of output>
Test time =   0.00 sec
----------------------------------------------------------
Test Failed.
"HeapTest.ThreeElementPush_5_10_0" end time: Jul 12 13:33 PDT
"HeapTest.ThreeElementPush_5_10_0" time elapsed: 00:00:00
----------------------------------------------------------

16/63 Testing: HeapTest.ThreeElementPush_10_0_5
16/63 Test: HeapTest.ThreeElementPush_10_0_5
Command: "/usr/bin/valgrind" "--tool=memcheck" "--leak-check=yes" "--trace-children=no" "/home/cs104/hw-ykelty/hw5/hw5_tests/heap_tests/heap_tests" "--gtest_filter=HeapTest.ThreeElementPush_10_0_5"
Directory: /home/cs104/hw-ykelty/hw5/hw5_tests/heap_tests
"HeapTest.ThreeElementPush_10_0_5" start time: Jul 12 13:33 PDT
Output:
----------------------------------------------------------
valgrind: /home/cs104/hw-ykelty/hw5/hw5_tests/heap_tests/heap_tests: No such file or directory
<end of output>
Test time =   0.01 sec
----------------------------------------------------------
Test Failed.
"HeapTest.ThreeElementPush_10_0_5" end time: Jul 12 13:33 PDT
"HeapTest.ThreeElementPush_10_0_5" time elapsed: 00:00:00
----------------------------------------------------------

17/63 Testing: HeapTest.ThreeElementPush_10_5_0
17/63 Test: HeapTest.ThreeElementPush_10_5_0
Command: "/usr/bin/valgrind" "--tool=memcheck" "--leak-check=yes" "--trace-children=no" "/home/cs104/hw-ykelty/hw5/hw5_tests/heap_tests/heap_tests" "--gtest_filter=HeapTest.ThreeElementPush_10_5_0"
Directory: /home/cs104/hw-ykelty/hw5/hw5_tests/heap_tests
"HeapTest.ThreeElementPush_10_5_0" start time: Jul 12 13:33 PDT
Output:
----------------------------------------------------------
valgrind: /home/cs104/hw-ykelty/hw5/hw5_tests/heap_tests/heap_tests: No such file or directory
<end of output>
Test time =   0.01 sec
----------------------------------------------------------
Test Failed.
"HeapTest.ThreeElementPush_10_5_0" end time: Jul 12 13:33 PDT
"HeapTest.ThreeElementPush_10_5_0" time elapsed: 00:00:00
----------------------------------------------------------

18/63 Testing: HeapTest.GreaterComparator
18/63 Test: HeapTest.GreaterComparator
Command: "/usr/bin/valgrind" "--tool=memcheck" "--leak-check=yes" "--trace-children=no" "/home/cs104/hw-ykelty/hw5/hw5_tests/heap_tests/heap_tests" "--gtest_filter=HeapTest.GreaterComparator"
Directory: /home/cs104/hw-ykelty/hw5/hw5_tests/heap_tests
"HeapTest.GreaterComparator" start time: Jul 12 13:33 PDT
Output:
----------------------------------------------------------
valgrind: /home/cs104/hw-ykelty/hw5/hw5_tests/heap_tests/heap_tests: No such file or directory
<end of output>
Test time =   0.00 sec
----------------------------------------------------------
Test Failed.
"HeapTest.GreaterComparator" end time: Jul 12 13:33 PDT
"HeapTest.GreaterComparator" time elapsed: 00:00:00
----------------------------------------------------------

19/63 Testing: HeapTest.StringStorage
19/63 Test: HeapTest.StringStorage
Command: "/usr/bin/valgrind" "--tool=memcheck" "--leak-check=yes" "--trace-children=no" "/home/cs104/hw-ykelty/hw5/hw5_tests/heap_tests/heap_tests" "--gtest_filter=HeapTest.StringStorage"
Directory: /home/cs104/hw-ykelty/hw5/hw5_tests/heap_tests
"HeapTest.StringStorage" start time: Jul 12 13:33 PDT
Output:
----------------------------------------------------------
valgrind: /home/cs104/hw-ykelty/hw5/hw5_tests/heap_tests/heap_tests: No such file or directory
<end of output>
Test time =   0.00 sec
----------------------------------------------------------
Test Failed.
"HeapTest.StringStorage" end time: Jul 12 13:33 PDT
"HeapTest.StringStorage" time elapsed: 00:00:00
----------------------------------------------------------

20/63 Testing: HeapTest.FiveElementPush_TrinaryHeap
20/63 Test: HeapTest.FiveElementPush_TrinaryHeap
Command: "/usr/bin/valgrind" "--tool=memcheck" "--leak-check=yes" "--trace-children=no" "/home/cs104/hw-ykelty/hw5/hw5_tests/heap_tests/heap_tests" "--gtest_filter=HeapTest.FiveElementPush_TrinaryHeap"
Directory: /home/cs104/hw-ykelty/hw5/hw5_tests/heap_tests
"HeapTest.FiveElementPush_TrinaryHeap" start time: Jul 12 13:33 PDT
Output:
----------------------------------------------------------
valgrind: /home/cs104/hw-ykelty/hw5/hw5_tests/heap_tests/heap_tests: No such file or directory
<end of output>
Test time =   0.00 sec
----------------------------------------------------------
Test Failed.
"HeapTest.FiveElementPush_TrinaryHeap" end time: Jul 12 13:33 PDT
"HeapTest.FiveElementPush_TrinaryHeap" time elapsed: 00:00:00
----------------------------------------------------------

21/63 Testing: HeapTest.SixElementPush_QuaternaryHeap
21/63 Test: HeapTest.SixElementPush_QuaternaryHeap
Command: "/usr/bin/valgrind" "--tool=memcheck" "--leak-check=yes" "--trace-children=no" "/home/cs104/hw-ykelty/hw5/hw5_tests/heap_tests/heap_tests" "--gtest_filter=HeapTest.SixElementPush_QuaternaryHeap"
Directory: /home/cs104/hw-ykelty/hw5/hw5_tests/heap_tests
"HeapTest.SixElementPush_QuaternaryHeap" start time: Jul 12 13:33 PDT
Output:
----------------------------------------------------------
valgrind: /home/cs104/hw-ykelty/hw5/hw5_tests/heap_tests/heap_tests: No such file or directory
<end of output>
Test time =   0.01 sec
----------------------------------------------------------
Test Failed.
"HeapTest.SixElementPush_QuaternaryHeap" end time: Jul 12 13:33 PDT
"HeapTest.SixElementPush_QuaternaryHeap" time elapsed: 00:00:00
----------------------------------------------------------

22/63 Testing: HeapStress.50x50RandomElements_BinaryHeap
22/63 Test: HeapStress.50x50RandomElements_BinaryHeap
Command: "/usr/bin/valgrind" "--tool=memcheck" "--leak-check=yes" "--trace-children=no" "/home/cs104/hw-ykelty/hw5/hw5_tests/heap_tests/heap_tests" "--gtest_filter=HeapStress.50x50RandomElements_BinaryHeap"
Directory: /home/cs104/hw-ykelty/hw5/hw5_tests/heap_tests
"HeapStress.50x50RandomElements_BinaryHeap" start time: Jul 12 13:33 PDT
Output:
----------------------------------------------------------
valgrind: /home/cs104/hw-ykelty/hw5/hw5_tests/heap_tests/heap_tests: No such file or directory
<end of output>
Test time =   0.01 sec
----------------------------------------------------------
Test Failed.
"HeapStress.50x50RandomElements_BinaryHeap" end time: Jul 12 13:33 PDT
"HeapStress.50x50RandomElements_BinaryHeap" time elapsed: 00:00:00
----------------------------------------------------------

23/63 Testing: HeapStress.50x50RandomElements_QuaternaryHeap
23/63 Test: HeapStress.50x50RandomElements_QuaternaryHeap
Command: "/usr/bin/valgrind" "--tool=memcheck" "--leak-check=yes" "--trace-children=no" "/home/cs104/hw-ykelty/hw5/hw5_tests/heap_tests/heap_tests" "--gtest_filter=HeapStress.50x50RandomElements_QuaternaryHeap"
Directory: /home/cs104/hw-ykelty/hw5/hw5_tests/heap_tests
"HeapStress.50x50RandomElements_QuaternaryHeap" start time: Jul 12 13:33 PDT
Output:
----------------------------------------------------------
valgrind: /home/cs104/hw-ykelty/hw5/hw5_tests/heap_tests/heap_tests: No such file or directory
<end of output>
Test time =   0.00 sec
----------------------------------------------------------
Test Failed.
"HeapStress.50x50RandomElements_QuaternaryHeap" end time: Jul 12 13:33 PDT
"HeapStress.50x50RandomElements_QuaternaryHeap" time elapsed: 00:00:00
----------------------------------------------------------

24/63 Testing: HeapStress.50x50RandomElements_DodecenaryHeap
24/63 Test: HeapStress.50x50RandomElements_DodecenaryHeap
Command: "/usr/bin/valgrind" "--tool=memcheck" "--leak-check=yes" "--trace-children=no" "/home/cs104/hw-ykelty/hw5/hw5_tests/heap_tests/heap_tests" "--gtest_filter=HeapStress.50x50RandomElements_DodecenaryHeap"
Directory: /home/cs104/hw-ykelty/hw5/hw5_tests/heap_tests
"HeapStress.50x50RandomElements_DodecenaryHeap" start time: Jul 12 13:33 PDT
Output:
----------------------------------------------------------
valgrind: /home/cs104/hw-ykelty/hw5/hw5_tests/heap_tests/heap_tests: No such file or directory
<end of output>
Test time =   0.00 sec
----------------------------------------------------------
Test Failed.
"HeapStress.50x50RandomElements_DodecenaryHeap" end time: Jul 12 13:33 PDT
"HeapStress.50x50RandomElements_DodecenaryHeap" time elapsed: 00:00:00
----------------------------------------------------------

25/63 Testing: HeapStress.2x2000RandomElements_Binary
25/63 Test: HeapStress.2x2000RandomElements_Binary
Command: "/usr/bin/valgrind" "--tool=memcheck" "--leak-check=yes" "--trace-children=no" "/home/cs104/hw-ykelty/hw5/hw5_tests/heap_tests/heap_tests" "--gtest_filter=HeapStress.2x2000RandomElements_Binary"
Directory: /home/cs104/hw-ykelty/hw5/hw5_tests/heap_tests
"HeapStress.2x2000RandomElements_Binary" start time: Jul 12 13:33 PDT
Output:
----------------------------------------------------------
valgrind: /home/cs104/hw-ykelty/hw5/hw5_tests/heap_tests/heap_tests: No such file or directory
<end of output>
Test time =   0.01 sec
----------------------------------------------------------
Test Failed.
"HeapStress.2x2000RandomElements_Binary" end time: Jul 12 13:33 PDT
"HeapStress.2x2000RandomElements_Binary" time elapsed: 00:00:00
----------------------------------------------------------

Unable to find executable: /home/cs104/hw-ykelty/hw5/hw5_tests/heap_tests/heap_runtime_tests
26/63 Testing: HeapRuntime.Add
26/63 Test: HeapRuntime.Add
Command: "" "--gtest_filter=HeapRuntime.Add"
Directory: /home/cs104/hw-ykelty/hw5/hw5_tests/heap_tests
"HeapRuntime.Add" start time: 
Output:
----------------------------------------------------------
<end of output>
Test time =   0.00 sec
----------------------------------------------------------
Test Passed.
"HeapRuntime.Add" end time: Jul 12 13:33 PDT
"HeapRuntime.Add" time elapsed: 00:00:00
----------------------------------------------------------

Unable to find executable: /home/cs104/hw-ykelty/hw5/hw5_tests/heap_tests/heap_runtime_tests
27/63 Testing: HeapRuntime.Top
27/63 Test: HeapRuntime.Top
Command: "" "--gtest_filter=HeapRuntime.Top"
Directory: /home/cs104/hw-ykelty/hw5/hw5_tests/heap_tests
"HeapRuntime.Top" start time: 
Output:
----------------------------------------------------------
<end of output>
Test time =   0.00 sec
----------------------------------------------------------
Test Passed.
"HeapRuntime.Top" end time: Jul 12 13:33 PDT
"HeapRuntime.Top" time elapsed: 00:00:00
----------------------------------------------------------

Unable to find executable: /home/cs104/hw-ykelty/hw5/hw5_tests/heap_tests/heap_runtime_tests
28/63 Testing: HeapRuntime.Remove
28/63 Test: HeapRuntime.Remove
Command: "" "--gtest_filter=HeapRuntime.Remove"
Directory: /home/cs104/hw-ykelty/hw5/hw5_tests/heap_tests
"HeapRuntime.Remove" start time: 
Output:
----------------------------------------------------------
<end of output>
Test time =   0.00 sec
----------------------------------------------------------
Test Passed.
"HeapRuntime.Remove" end time: Jul 12 13:33 PDT
"HeapRuntime.Remove" time elapsed: 00:00:00
----------------------------------------------------------

29/63 Testing: HSortTest.SortEmpty
29/63 Test: HSortTest.SortEmpty
Command: "/usr/bin/valgrind" "--tool=memcheck" "--leak-check=yes" "--trace-children=no" "/home/cs104/hw-ykelty/hw5/hw5_tests/hsort_tests/hsort_tests" "--gtest_filter=HSortTest.SortEmpty"
Directory: /home/cs104/hw-ykelty/hw5/hw5_tests/hsort_tests
"HSortTest.SortEmpty" start time: Jul 12 13:33 PDT
Output:
----------------------------------------------------------
==8186== Memcheck, a memory error detector
==8186== Copyright (C) 2002-2017, and GNU GPL'd, by Julian Seward et al.
==8186== Using Valgrind-3.13.0 and LibVEX; rerun with -h for copyright info
==8186== Command: /home/cs104/hw-ykelty/hw5/hw5_tests/hsort_tests/hsort_tests --gtest_filter=HSortTest.SortEmpty
==8186== 
Running main() from gtest_main.cc
Note: Google Test filter = HSortTest.SortEmpty
[==========] Running 1 test from 1 test case.
[----------] Global test environment set-up.
[----------] 1 test from HSortTest
[ RUN      ] HSortTest.SortEmpty
[       OK ] HSortTest.SortEmpty (13 ms)
[----------] 1 test from HSortTest (22 ms total)

[----------] Global test environment tear-down
[==========] 1 test from 1 test case ran. (52 ms total)
[  PASSED  ] 1 test.
==8186== 
==8186== HEAP SUMMARY:
==8186==     in use at exit: 72,704 bytes in 1 blocks
==8186==   total heap usage: 298 allocs, 297 frees, 127,800 bytes allocated
==8186== 
==8186== LEAK SUMMARY:
==8186==    definitely lost: 0 bytes in 0 blocks
==8186==    indirectly lost: 0 bytes in 0 blocks
==8186==      possibly lost: 0 bytes in 0 blocks
==8186==    still reachable: 0 bytes in 0 blocks
==8186==         suppressed: 72,704 bytes in 1 blocks
==8186== 
==8186== For counts of detected and suppressed errors, rerun with: -v
==8186== ERROR SUMMARY: 0 errors from 0 contexts (suppressed: 0 from 0)
<end of output>
Test time =   1.02 sec
----------------------------------------------------------
Test Passed.
"HSortTest.SortEmpty" end time: Jul 12 13:33 PDT
"HSortTest.SortEmpty" time elapsed: 00:00:01
----------------------------------------------------------

30/63 Testing: HSortTest.SortSingleElement
30/63 Test: HSortTest.SortSingleElement
Command: "/usr/bin/valgrind" "--tool=memcheck" "--leak-check=yes" "--trace-children=no" "/home/cs104/hw-ykelty/hw5/hw5_tests/hsort_tests/hsort_tests" "--gtest_filter=HSortTest.SortSingleElement"
Directory: /home/cs104/hw-ykelty/hw5/hw5_tests/hsort_tests
"HSortTest.SortSingleElement" start time: Jul 12 13:33 PDT
Output:
----------------------------------------------------------
==8187== Memcheck, a memory error detector
==8187== Copyright (C) 2002-2017, and GNU GPL'd, by Julian Seward et al.
==8187== Using Valgrind-3.13.0 and LibVEX; rerun with -h for copyright info
==8187== Command: /home/cs104/hw-ykelty/hw5/hw5_tests/hsort_tests/hsort_tests --gtest_filter=HSortTest.SortSingleElement
==8187== 
Running main() from gtest_main.cc
Note: Google Test filter = HSortTest.SortSingleElement
[==========] Running 1 test from 1 test case.
[----------] Global test environment set-up.
[----------] 1 test from HSortTest
[ RUN      ] HSortTest.SortSingleElement
[       OK ] HSortTest.SortSingleElement (21 ms)
[----------] 1 test from HSortTest (28 ms total)

[----------] Global test environment tear-down
[==========] 1 test from 1 test case ran. (58 ms total)
[  PASSED  ] 1 test.
==8187== 
==8187== HEAP SUMMARY:
==8187==     in use at exit: 72,704 bytes in 1 blocks
==8187==   total heap usage: 299 allocs, 298 frees, 127,860 bytes allocated
==8187== 
==8187== LEAK SUMMARY:
==8187==    definitely lost: 0 bytes in 0 blocks
==8187==    indirectly lost: 0 bytes in 0 blocks
==8187==      possibly lost: 0 bytes in 0 blocks
==8187==    still reachable: 0 bytes in 0 blocks
==8187==         suppressed: 72,704 bytes in 1 blocks
==8187== 
==8187== For counts of detected and suppressed errors, rerun with: -v
==8187== ERROR SUMMARY: 0 errors from 0 contexts (suppressed: 0 from 0)
<end of output>
Test time =   0.82 sec
----------------------------------------------------------
Test Passed.
"HSortTest.SortSingleElement" end time: Jul 12 13:33 PDT
"HSortTest.SortSingleElement" time elapsed: 00:00:00
----------------------------------------------------------

31/63 Testing: HSortTest.SortTwoElements_InOrder
31/63 Test: HSortTest.SortTwoElements_InOrder
Command: "/usr/bin/valgrind" "--tool=memcheck" "--leak-check=yes" "--trace-children=no" "/home/cs104/hw-ykelty/hw5/hw5_tests/hsort_tests/hsort_tests" "--gtest_filter=HSortTest.SortTwoElements_InOrder"
Directory: /home/cs104/hw-ykelty/hw5/hw5_tests/hsort_tests
"HSortTest.SortTwoElements_InOrder" start time: Jul 12 13:33 PDT
Output:
----------------------------------------------------------
==8188== Memcheck, a memory error detector
==8188== Copyright (C) 2002-2017, and GNU GPL'd, by Julian Seward et al.
==8188== Using Valgrind-3.13.0 and LibVEX; rerun with -h for copyright info
==8188== Command: /home/cs104/hw-ykelty/hw5/hw5_tests/hsort_tests/hsort_tests --gtest_filter=HSortTest.SortTwoElements_InOrder
==8188== 
Running main() from gtest_main.cc
Note: Google Test filter = HSortTest.SortTwoElements_InOrder
[==========] Running 1 test from 1 test case.
[----------] Global test environment set-up.
[----------] 1 test from HSortTest
[ RUN      ] HSortTest.SortTwoElements_InOrder
/home/cs104/hw-ykelty/hw5/hw5_tests/hsort_tests/hsort_tests.cpp:130: Failure
Value of: checkOrder(mIntContainer, sizeof(elements) / sizeof(int), mIntLessComp)
  Actual: false (List is sorted improperly!  Item at index 1 (10) is less than the item at index 0 (20)!)
Expected: true
[  FAILED  ] HSortTest.SortTwoElements_InOrder (64 ms)
[----------] 1 test from HSortTest (73 ms total)

[----------] Global test environment tear-down
[==========] 1 test from 1 test case ran. (106 ms total)
[  PASSED  ] 0 tests.
[  FAILED  ] 1 test, listed below:
[  FAILED  ] HSortTest.SortTwoElements_InOrder

 1 FAILED TEST
==8188== 
==8188== HEAP SUMMARY:
==8188==     in use at exit: 72,704 bytes in 1 blocks
==8188==   total heap usage: 366 allocs, 365 frees, 146,878 bytes allocated
==8188== 
==8188== LEAK SUMMARY:
==8188==    definitely lost: 0 bytes in 0 blocks
==8188==    indirectly lost: 0 bytes in 0 blocks
==8188==      possibly lost: 0 bytes in 0 blocks
==8188==    still reachable: 0 bytes in 0 blocks
==8188==         suppressed: 72,704 bytes in 1 blocks
==8188== 
==8188== For counts of detected and suppressed errors, rerun with: -v
==8188== ERROR SUMMARY: 0 errors from 0 contexts (suppressed: 0 from 0)
<end of output>
Test time =   0.93 sec
----------------------------------------------------------
Test Failed.
"HSortTest.SortTwoElements_InOrder" end time: Jul 12 13:33 PDT
"HSortTest.SortTwoElements_InOrder" time elapsed: 00:00:00
----------------------------------------------------------

32/63 Testing: HSortTest.SortTwoElements_OutOfOrder
32/63 Test: HSortTest.SortTwoElements_OutOfOrder
Command: "/usr/bin/valgrind" "--tool=memcheck" "--leak-check=yes" "--trace-children=no" "/home/cs104/hw-ykelty/hw5/hw5_tests/hsort_tests/hsort_tests" "--gtest_filter=HSortTest.SortTwoElements_OutOfOrder"
Directory: /home/cs104/hw-ykelty/hw5/hw5_tests/hsort_tests
"HSortTest.SortTwoElements_OutOfOrder" start time: Jul 12 13:33 PDT
Output:
----------------------------------------------------------
==8190== Memcheck, a memory error detector
==8190== Copyright (C) 2002-2017, and GNU GPL'd, by Julian Seward et al.
==8190== Using Valgrind-3.13.0 and LibVEX; rerun with -h for copyright info
==8190== Command: /home/cs104/hw-ykelty/hw5/hw5_tests/hsort_tests/hsort_tests --gtest_filter=HSortTest.SortTwoElements_OutOfOrder
==8190== 
Running main() from gtest_main.cc
Note: Google Test filter = HSortTest.SortTwoElements_OutOfOrder
[==========] Running 1 test from 1 test case.
[----------] Global test environment set-up.
[----------] 1 test from HSortTest
[ RUN      ] HSortTest.SortTwoElements_OutOfOrder
/home/cs104/hw-ykelty/hw5/hw5_tests/hsort_tests/hsort_tests.cpp:138: Failure
Value of: checkOrder(mIntContainer, sizeof(elements) / sizeof(int), mIntLessComp)
  Actual: false (List is sorted improperly!  Item at index 1 (10) is less than the item at index 0 (20)!)
Expected: true
[  FAILED  ] HSortTest.SortTwoElements_OutOfOrder (53 ms)
[----------] 1 test from HSortTest (61 ms total)

[----------] Global test environment tear-down
[==========] 1 test from 1 test case ran. (91 ms total)
[  PASSED  ] 0 tests.
[  FAILED  ] 1 test, listed below:
[  FAILED  ] HSortTest.SortTwoElements_OutOfOrder

 1 FAILED TEST
==8190== 
==8190== HEAP SUMMARY:
==8190==     in use at exit: 72,704 bytes in 1 blocks
==8190==   total heap usage: 366 allocs, 365 frees, 146,956 bytes allocated
==8190== 
==8190== LEAK SUMMARY:
==8190==    definitely lost: 0 bytes in 0 blocks
==8190==    indirectly lost: 0 bytes in 0 blocks
==8190==      possibly lost: 0 bytes in 0 blocks
==8190==    still reachable: 0 bytes in 0 blocks
==8190==         suppressed: 72,704 bytes in 1 blocks
==8190== 
==8190== For counts of detected and suppressed errors, rerun with: -v
==8190== ERROR SUMMARY: 0 errors from 0 contexts (suppressed: 0 from 0)
<end of output>
Test time =   0.87 sec
----------------------------------------------------------
Test Failed.
"HSortTest.SortTwoElements_OutOfOrder" end time: Jul 12 13:33 PDT
"HSortTest.SortTwoElements_OutOfOrder" time elapsed: 00:00:00
----------------------------------------------------------

33/63 Testing: HSortTest.SortThreeElements_10_20_30
33/63 Test: HSortTest.SortThreeElements_10_20_30
Command: "/usr/bin/valgrind" "--tool=memcheck" "--leak-check=yes" "--trace-children=no" "/home/cs104/hw-ykelty/hw5/hw5_tests/hsort_tests/hsort_tests" "--gtest_filter=HSortTest.SortThreeElements_10_20_30"
Directory: /home/cs104/hw-ykelty/hw5/hw5_tests/hsort_tests
"HSortTest.SortThreeElements_10_20_30" start time: Jul 12 13:33 PDT
Output:
----------------------------------------------------------
==8191== Memcheck, a memory error detector
==8191== Copyright (C) 2002-2017, and GNU GPL'd, by Julian Seward et al.
==8191== Using Valgrind-3.13.0 and LibVEX; rerun with -h for copyright info
==8191== Command: /home/cs104/hw-ykelty/hw5/hw5_tests/hsort_tests/hsort_tests --gtest_filter=HSortTest.SortThreeElements_10_20_30
==8191== 
Running main() from gtest_main.cc
Note: Google Test filter = HSortTest.SortThreeElements_10_20_30
[==========] Running 1 test from 1 test case.
[----------] Global test environment set-up.
[----------] 1 test from HSortTest
[ RUN      ] HSortTest.SortThreeElements_10_20_30
/home/cs104/hw-ykelty/hw5/hw5_tests/hsort_tests/hsort_tests.cpp:146: Failure
Value of: checkOrder(mIntContainer, sizeof(elements) / sizeof(int), mIntLessComp)
  Actual: false (List is sorted improperly!  Item at index 1 (20) is less than the item at index 0 (30)!)
Expected: true
[  FAILED  ] HSortTest.SortThreeElements_10_20_30 (57 ms)
[----------] 1 test from HSortTest (64 ms total)

[----------] Global test environment tear-down
[==========] 1 test from 1 test case ran. (97 ms total)
[  PASSED  ] 0 tests.
[  FAILED  ] 1 test, listed below:
[  FAILED  ] HSortTest.SortThreeElements_10_20_30

 1 FAILED TEST
==8191== 
==8191== HEAP SUMMARY:
==8191==     in use at exit: 72,704 bytes in 1 blocks
==8191==   total heap usage: 367 allocs, 366 frees, 146,972 bytes allocated
==8191== 
==8191== LEAK SUMMARY:
==8191==    definitely lost: 0 bytes in 0 blocks
==8191==    indirectly lost: 0 bytes in 0 blocks
==8191==      possibly lost: 0 bytes in 0 blocks
==8191==    still reachable: 0 bytes in 0 blocks
==8191==         suppressed: 72,704 bytes in 1 blocks
==8191== 
==8191== For counts of detected and suppressed errors, rerun with: -v
==8191== ERROR SUMMARY: 0 errors from 0 contexts (suppressed: 0 from 0)
<end of output>
Test time =   0.89 sec
----------------------------------------------------------
Test Failed.
"HSortTest.SortThreeElements_10_20_30" end time: Jul 12 13:33 PDT
"HSortTest.SortThreeElements_10_20_30" time elapsed: 00:00:00
----------------------------------------------------------

34/63 Testing: HSortTest.SortThreeElements_10_30_20
34/63 Test: HSortTest.SortThreeElements_10_30_20
Command: "/usr/bin/valgrind" "--tool=memcheck" "--leak-check=yes" "--trace-children=no" "/home/cs104/hw-ykelty/hw5/hw5_tests/hsort_tests/hsort_tests" "--gtest_filter=HSortTest.SortThreeElements_10_30_20"
Directory: /home/cs104/hw-ykelty/hw5/hw5_tests/hsort_tests
"HSortTest.SortThreeElements_10_30_20" start time: Jul 12 13:33 PDT
Output:
----------------------------------------------------------
==8194== Memcheck, a memory error detector
==8194== Copyright (C) 2002-2017, and GNU GPL'd, by Julian Seward et al.
==8194== Using Valgrind-3.13.0 and LibVEX; rerun with -h for copyright info
==8194== Command: /home/cs104/hw-ykelty/hw5/hw5_tests/hsort_tests/hsort_tests --gtest_filter=HSortTest.SortThreeElements_10_30_20
==8194== 
Running main() from gtest_main.cc
Note: Google Test filter = HSortTest.SortThreeElements_10_30_20
[==========] Running 1 test from 1 test case.
[----------] Global test environment set-up.
[----------] 1 test from HSortTest
[ RUN      ] HSortTest.SortThreeElements_10_30_20
/home/cs104/hw-ykelty/hw5/hw5_tests/hsort_tests/hsort_tests.cpp:154: Failure
Value of: checkOrder(mIntContainer, sizeof(elements) / sizeof(int), mIntLessComp)
  Actual: false (List is sorted improperly!  Item at index 1 (20) is less than the item at index 0 (30)!)
Expected: true
[  FAILED  ] HSortTest.SortThreeElements_10_30_20 (54 ms)
[----------] 1 test from HSortTest (62 ms total)

[----------] Global test environment tear-down
[==========] 1 test from 1 test case ran. (91 ms total)
[  PASSED  ] 0 tests.
[  FAILED  ] 1 test, listed below:
[  FAILED  ] HSortTest.SortThreeElements_10_30_20

 1 FAILED TEST
==8194== 
==8194== HEAP SUMMARY:
==8194==     in use at exit: 72,704 bytes in 1 blocks
==8194==   total heap usage: 367 allocs, 366 frees, 146,972 bytes allocated
==8194== 
==8194== LEAK SUMMARY:
==8194==    definitely lost: 0 bytes in 0 blocks
==8194==    indirectly lost: 0 bytes in 0 blocks
==8194==      possibly lost: 0 bytes in 0 blocks
==8194==    still reachable: 0 bytes in 0 blocks
==8194==         suppressed: 72,704 bytes in 1 blocks
==8194== 
==8194== For counts of detected and suppressed errors, rerun with: -v
==8194== ERROR SUMMARY: 0 errors from 0 contexts (suppressed: 0 from 0)
<end of output>
Test time =   0.90 sec
----------------------------------------------------------
Test Failed.
"HSortTest.SortThreeElements_10_30_20" end time: Jul 12 13:33 PDT
"HSortTest.SortThreeElements_10_30_20" time elapsed: 00:00:00
----------------------------------------------------------

35/63 Testing: HSortTest.SortThreeElements_20_10_30
35/63 Test: HSortTest.SortThreeElements_20_10_30
Command: "/usr/bin/valgrind" "--tool=memcheck" "--leak-check=yes" "--trace-children=no" "/home/cs104/hw-ykelty/hw5/hw5_tests/hsort_tests/hsort_tests" "--gtest_filter=HSortTest.SortThreeElements_20_10_30"
Directory: /home/cs104/hw-ykelty/hw5/hw5_tests/hsort_tests
"HSortTest.SortThreeElements_20_10_30" start time: Jul 12 13:33 PDT
Output:
----------------------------------------------------------
==8195== Memcheck, a memory error detector
==8195== Copyright (C) 2002-2017, and GNU GPL'd, by Julian Seward et al.
==8195== Using Valgrind-3.13.0 and LibVEX; rerun with -h for copyright info
==8195== Command: /home/cs104/hw-ykelty/hw5/hw5_tests/hsort_tests/hsort_tests --gtest_filter=HSortTest.SortThreeElements_20_10_30
==8195== 
Running main() from gtest_main.cc
Note: Google Test filter = HSortTest.SortThreeElements_20_10_30
[==========] Running 1 test from 1 test case.
[----------] Global test environment set-up.
[----------] 1 test from HSortTest
[ RUN      ] HSortTest.SortThreeElements_20_10_30
/home/cs104/hw-ykelty/hw5/hw5_tests/hsort_tests/hsort_tests.cpp:162: Failure
Value of: checkOrder(mIntContainer, sizeof(elements) / sizeof(int), mIntLessComp)
  Actual: false (List is sorted improperly!  Item at index 1 (20) is less than the item at index 0 (30)!)
Expected: true
[  FAILED  ] HSortTest.SortThreeElements_20_10_30 (57 ms)
[----------] 1 test from HSortTest (64 ms total)

[----------] Global test environment tear-down
[==========] 1 test from 1 test case ran. (94 ms total)
[  PASSED  ] 0 tests.
[  FAILED  ] 1 test, listed below:
[  FAILED  ] HSortTest.SortThreeElements_20_10_30

 1 FAILED TEST
==8195== 
==8195== HEAP SUMMARY:
==8195==     in use at exit: 72,704 bytes in 1 blocks
==8195==   total heap usage: 367 allocs, 366 frees, 146,972 bytes allocated
==8195== 
==8195== LEAK SUMMARY:
==8195==    definitely lost: 0 bytes in 0 blocks
==8195==    indirectly lost: 0 bytes in 0 blocks
==8195==      possibly lost: 0 bytes in 0 blocks
==8195==    still reachable: 0 bytes in 0 blocks
==8195==         suppressed: 72,704 bytes in 1 blocks
==8195== 
==8195== For counts of detected and suppressed errors, rerun with: -v
==8195== ERROR SUMMARY: 0 errors from 0 contexts (suppressed: 0 from 0)
<end of output>
Test time =   0.87 sec
----------------------------------------------------------
Test Failed.
"HSortTest.SortThreeElements_20_10_30" end time: Jul 12 13:33 PDT
"HSortTest.SortThreeElements_20_10_30" time elapsed: 00:00:00
----------------------------------------------------------

36/63 Testing: HSortTest.SortThreeElements_20_30_10
36/63 Test: HSortTest.SortThreeElements_20_30_10
Command: "/usr/bin/valgrind" "--tool=memcheck" "--leak-check=yes" "--trace-children=no" "/home/cs104/hw-ykelty/hw5/hw5_tests/hsort_tests/hsort_tests" "--gtest_filter=HSortTest.SortThreeElements_20_30_10"
Directory: /home/cs104/hw-ykelty/hw5/hw5_tests/hsort_tests
"HSortTest.SortThreeElements_20_30_10" start time: Jul 12 13:33 PDT
Output:
----------------------------------------------------------
==8196== Memcheck, a memory error detector
==8196== Copyright (C) 2002-2017, and GNU GPL'd, by Julian Seward et al.
==8196== Using Valgrind-3.13.0 and LibVEX; rerun with -h for copyright info
==8196== Command: /home/cs104/hw-ykelty/hw5/hw5_tests/hsort_tests/hsort_tests --gtest_filter=HSortTest.SortThreeElements_20_30_10
==8196== 
Running main() from gtest_main.cc
Note: Google Test filter = HSortTest.SortThreeElements_20_30_10
[==========] Running 1 test from 1 test case.
[----------] Global test environment set-up.
[----------] 1 test from HSortTest
[ RUN      ] HSortTest.SortThreeElements_20_30_10
/home/cs104/hw-ykelty/hw5/hw5_tests/hsort_tests/hsort_tests.cpp:170: Failure
Value of: checkOrder(mIntContainer, sizeof(elements) / sizeof(int), mIntLessComp)
  Actual: false (List is sorted improperly!  Item at index 1 (10) is less than the item at index 0 (30)!)
Expected: true
[  FAILED  ] HSortTest.SortThreeElements_20_30_10 (53 ms)
[----------] 1 test from HSortTest (60 ms total)

[----------] Global test environment tear-down
[==========] 1 test from 1 test case ran. (92 ms total)
[  PASSED  ] 0 tests.
[  FAILED  ] 1 test, listed below:
[  FAILED  ] HSortTest.SortThreeElements_20_30_10

 1 FAILED TEST
==8196== 
==8196== HEAP SUMMARY:
==8196==     in use at exit: 72,704 bytes in 1 blocks
==8196==   total heap usage: 367 allocs, 366 frees, 146,972 bytes allocated
==8196== 
==8196== LEAK SUMMARY:
==8196==    definitely lost: 0 bytes in 0 blocks
==8196==    indirectly lost: 0 bytes in 0 blocks
==8196==      possibly lost: 0 bytes in 0 blocks
==8196==    still reachable: 0 bytes in 0 blocks
==8196==         suppressed: 72,704 bytes in 1 blocks
==8196== 
==8196== For counts of detected and suppressed errors, rerun with: -v
==8196== ERROR SUMMARY: 0 errors from 0 contexts (suppressed: 0 from 0)
<end of output>
Test time =   0.85 sec
----------------------------------------------------------
Test Failed.
"HSortTest.SortThreeElements_20_30_10" end time: Jul 12 13:33 PDT
"HSortTest.SortThreeElements_20_30_10" time elapsed: 00:00:00
----------------------------------------------------------

37/63 Testing: HSortTest.SortThreeElements_30_10_20
37/63 Test: HSortTest.SortThreeElements_30_10_20
Command: "/usr/bin/valgrind" "--tool=memcheck" "--leak-check=yes" "--trace-children=no" "/home/cs104/hw-ykelty/hw5/hw5_tests/hsort_tests/hsort_tests" "--gtest_filter=HSortTest.SortThreeElements_30_10_20"
Directory: /home/cs104/hw-ykelty/hw5/hw5_tests/hsort_tests
"HSortTest.SortThreeElements_30_10_20" start time: Jul 12 13:33 PDT
Output:
----------------------------------------------------------
==8197== Memcheck, a memory error detector
==8197== Copyright (C) 2002-2017, and GNU GPL'd, by Julian Seward et al.
==8197== Using Valgrind-3.13.0 and LibVEX; rerun with -h for copyright info
==8197== Command: /home/cs104/hw-ykelty/hw5/hw5_tests/hsort_tests/hsort_tests --gtest_filter=HSortTest.SortThreeElements_30_10_20
==8197== 
Running main() from gtest_main.cc
Note: Google Test filter = HSortTest.SortThreeElements_30_10_20
[==========] Running 1 test from 1 test case.
[----------] Global test environment set-up.
[----------] 1 test from HSortTest
[ RUN      ] HSortTest.SortThreeElements_30_10_20
/home/cs104/hw-ykelty/hw5/hw5_tests/hsort_tests/hsort_tests.cpp:178: Failure
Value of: checkOrder(mIntContainer, sizeof(elements) / sizeof(int), mIntLessComp)
  Actual: false (List is sorted improperly!  Item at index 1 (20) is less than the item at index 0 (30)!)
Expected: true
[  FAILED  ] HSortTest.SortThreeElements_30_10_20 (59 ms)
[----------] 1 test from HSortTest (69 ms total)

[----------] Global test environment tear-down
[==========] 1 test from 1 test case ran. (100 ms total)
[  PASSED  ] 0 tests.
[  FAILED  ] 1 test, listed below:
[  FAILED  ] HSortTest.SortThreeElements_30_10_20

 1 FAILED TEST
==8197== 
==8197== HEAP SUMMARY:
==8197==     in use at exit: 72,704 bytes in 1 blocks
==8197==   total heap usage: 367 allocs, 366 frees, 146,972 bytes allocated
==8197== 
==8197== LEAK SUMMARY:
==8197==    definitely lost: 0 bytes in 0 blocks
==8197==    indirectly lost: 0 bytes in 0 blocks
==8197==      possibly lost: 0 bytes in 0 blocks
==8197==    still reachable: 0 bytes in 0 blocks
==8197==         suppressed: 72,704 bytes in 1 blocks
==8197== 
==8197== For counts of detected and suppressed errors, rerun with: -v
==8197== ERROR SUMMARY: 0 errors from 0 contexts (suppressed: 0 from 0)
<end of output>
Test time =   0.88 sec
----------------------------------------------------------
Test Failed.
"HSortTest.SortThreeElements_30_10_20" end time: Jul 12 13:33 PDT
"HSortTest.SortThreeElements_30_10_20" time elapsed: 00:00:00
----------------------------------------------------------

38/63 Testing: HSortTest.SortThreeElements_30_20_10
38/63 Test: HSortTest.SortThreeElements_30_20_10
Command: "/usr/bin/valgrind" "--tool=memcheck" "--leak-check=yes" "--trace-children=no" "/home/cs104/hw-ykelty/hw5/hw5_tests/hsort_tests/hsort_tests" "--gtest_filter=HSortTest.SortThreeElements_30_20_10"
Directory: /home/cs104/hw-ykelty/hw5/hw5_tests/hsort_tests
"HSortTest.SortThreeElements_30_20_10" start time: Jul 12 13:33 PDT
Output:
----------------------------------------------------------
==8198== Memcheck, a memory error detector
==8198== Copyright (C) 2002-2017, and GNU GPL'd, by Julian Seward et al.
==8198== Using Valgrind-3.13.0 and LibVEX; rerun with -h for copyright info
==8198== Command: /home/cs104/hw-ykelty/hw5/hw5_tests/hsort_tests/hsort_tests --gtest_filter=HSortTest.SortThreeElements_30_20_10
==8198== 
Running main() from gtest_main.cc
Note: Google Test filter = HSortTest.SortThreeElements_30_20_10
[==========] Running 1 test from 1 test case.
[----------] Global test environment set-up.
[----------] 1 test from HSortTest
[ RUN      ] HSortTest.SortThreeElements_30_20_10
/home/cs104/hw-ykelty/hw5/hw5_tests/hsort_tests/hsort_tests.cpp:186: Failure
Value of: checkOrder(mIntContainer, sizeof(elements) / sizeof(int), mIntLessComp)
  Actual: false (List is sorted improperly!  Item at index 1 (10) is less than the item at index 0 (30)!)
Expected: true
[  FAILED  ] HSortTest.SortThreeElements_30_20_10 (64 ms)
[----------] 1 test from HSortTest (72 ms total)

[----------] Global test environment tear-down
[==========] 1 test from 1 test case ran. (110 ms total)
[  PASSED  ] 0 tests.
[  FAILED  ] 1 test, listed below:
[  FAILED  ] HSortTest.SortThreeElements_30_20_10

 1 FAILED TEST
==8198== 
==8198== HEAP SUMMARY:
==8198==     in use at exit: 72,704 bytes in 1 blocks
==8198==   total heap usage: 367 allocs, 366 frees, 146,972 bytes allocated
==8198== 
==8198== LEAK SUMMARY:
==8198==    definitely lost: 0 bytes in 0 blocks
==8198==    indirectly lost: 0 bytes in 0 blocks
==8198==      possibly lost: 0 bytes in 0 blocks
==8198==    still reachable: 0 bytes in 0 blocks
==8198==         suppressed: 72,704 bytes in 1 blocks
==8198== 
==8198== For counts of detected and suppressed errors, rerun with: -v
==8198== ERROR SUMMARY: 0 errors from 0 contexts (suppressed: 0 from 0)
<end of output>
Test time =   0.88 sec
----------------------------------------------------------
Test Failed.
"HSortTest.SortThreeElements_30_20_10" end time: Jul 12 13:33 PDT
"HSortTest.SortThreeElements_30_20_10" time elapsed: 00:00:00
----------------------------------------------------------

39/63 Testing: HSortTest.SortThreeElements_Greater
39/63 Test: HSortTest.SortThreeElements_Greater
Command: "/usr/bin/valgrind" "--tool=memcheck" "--leak-check=yes" "--trace-children=no" "/home/cs104/hw-ykelty/hw5/hw5_tests/hsort_tests/hsort_tests" "--gtest_filter=HSortTest.SortThreeElements_Greater"
Directory: /home/cs104/hw-ykelty/hw5/hw5_tests/hsort_tests
"HSortTest.SortThreeElements_Greater" start time: Jul 12 13:33 PDT
Output:
----------------------------------------------------------
==8199== Memcheck, a memory error detector
==8199== Copyright (C) 2002-2017, and GNU GPL'd, by Julian Seward et al.
==8199== Using Valgrind-3.13.0 and LibVEX; rerun with -h for copyright info
==8199== Command: /home/cs104/hw-ykelty/hw5/hw5_tests/hsort_tests/hsort_tests --gtest_filter=HSortTest.SortThreeElements_Greater
==8199== 
Running main() from gtest_main.cc
Note: Google Test filter = HSortTest.SortThreeElements_Greater
[==========] Running 1 test from 1 test case.
[----------] Global test environment set-up.
[----------] 1 test from HSortTest
[ RUN      ] HSortTest.SortThreeElements_Greater
/home/cs104/hw-ykelty/hw5/hw5_tests/hsort_tests/hsort_tests.cpp:194: Failure
Value of: checkOrder(mIntContainer, sizeof(elements) / sizeof(int), mIntGreaterComp)
  Actual: false (List is sorted improperly!  Item at index 1 (20) is less than the item at index 0 (10)!)
Expected: true
[  FAILED  ] HSortTest.SortThreeElements_Greater (55 ms)
[----------] 1 test from HSortTest (63 ms total)

[----------] Global test environment tear-down
[==========] 1 test from 1 test case ran. (93 ms total)
[  PASSED  ] 0 tests.
[  FAILED  ] 1 test, listed below:
[  FAILED  ] HSortTest.SortThreeElements_Greater

 1 FAILED TEST
==8199== 
==8199== HEAP SUMMARY:
==8199==     in use at exit: 72,704 bytes in 1 blocks
==8199==   total heap usage: 367 allocs, 366 frees, 146,991 bytes allocated
==8199== 
==8199== LEAK SUMMARY:
==8199==    definitely lost: 0 bytes in 0 blocks
==8199==    indirectly lost: 0 bytes in 0 blocks
==8199==      possibly lost: 0 bytes in 0 blocks
==8199==    still reachable: 0 bytes in 0 blocks
==8199==         suppressed: 72,704 bytes in 1 blocks
==8199== 
==8199== For counts of detected and suppressed errors, rerun with: -v
==8199== ERROR SUMMARY: 0 errors from 0 contexts (suppressed: 0 from 0)
<end of output>
Test time =   0.88 sec
----------------------------------------------------------
Test Failed.
"HSortTest.SortThreeElements_Greater" end time: Jul 12 13:33 PDT
"HSortTest.SortThreeElements_Greater" time elapsed: 00:00:00
----------------------------------------------------------

40/63 Testing: HSortTest.SortStrings
40/63 Test: HSortTest.SortStrings
Command: "/usr/bin/valgrind" "--tool=memcheck" "--leak-check=yes" "--trace-children=no" "/home/cs104/hw-ykelty/hw5/hw5_tests/hsort_tests/hsort_tests" "--gtest_filter=HSortTest.SortStrings"
Directory: /home/cs104/hw-ykelty/hw5/hw5_tests/hsort_tests
"HSortTest.SortStrings" start time: Jul 12 13:33 PDT
Output:
----------------------------------------------------------
==8200== Memcheck, a memory error detector
==8200== Copyright (C) 2002-2017, and GNU GPL'd, by Julian Seward et al.
==8200== Using Valgrind-3.13.0 and LibVEX; rerun with -h for copyright info
==8200== Command: /home/cs104/hw-ykelty/hw5/hw5_tests/hsort_tests/hsort_tests --gtest_filter=HSortTest.SortStrings
==8200== 
Running main() from gtest_main.cc
Note: Google Test filter = HSortTest.SortStrings
[==========] Running 1 test from 1 test case.
[----------] Global test environment set-up.
[----------] 1 test from HSortTest
[ RUN      ] HSortTest.SortStrings
/home/cs104/hw-ykelty/hw5/hw5_tests/hsort_tests/hsort_tests.cpp:202: Failure
Value of: checkOrder(mStringContainer, sizeof(elements) / sizeof(std::string), mStringLessComp)
  Actual: false (List is sorted improperly!  Item at index 1 (David) is less than the item at index 0 (Esther)!)
Expected: true
[  FAILED  ] HSortTest.SortStrings (63 ms)
[----------] 1 test from HSortTest (69 ms total)

[----------] Global test environment tear-down
[==========] 1 test from 1 test case ran. (99 ms total)
[  PASSED  ] 0 tests.
[  FAILED  ] 1 test, listed below:
[  FAILED  ] HSortTest.SortStrings

 1 FAILED TEST
==8200== 
==8200== HEAP SUMMARY:
==8200==     in use at exit: 72,704 bytes in 1 blocks
==8200==   total heap usage: 368 allocs, 367 frees, 147,527 bytes allocated
==8200== 
==8200== LEAK SUMMARY:
==8200==    definitely lost: 0 bytes in 0 blocks
==8200==    indirectly lost: 0 bytes in 0 blocks
==8200==      possibly lost: 0 bytes in 0 blocks
==8200==    still reachable: 0 bytes in 0 blocks
==8200==         suppressed: 72,704 bytes in 1 blocks
==8200== 
==8200== For counts of detected and suppressed errors, rerun with: -v
==8200== ERROR SUMMARY: 0 errors from 0 contexts (suppressed: 0 from 0)
<end of output>
Test time =   0.88 sec
----------------------------------------------------------
Test Failed.
"HSortTest.SortStrings" end time: Jul 12 13:33 PDT
"HSortTest.SortStrings" time elapsed: 00:00:00
----------------------------------------------------------

41/63 Testing: HSortTest.SortPairs
41/63 Test: HSortTest.SortPairs
Command: "/usr/bin/valgrind" "--tool=memcheck" "--leak-check=yes" "--trace-children=no" "/home/cs104/hw-ykelty/hw5/hw5_tests/hsort_tests/hsort_tests" "--gtest_filter=HSortTest.SortPairs"
Directory: /home/cs104/hw-ykelty/hw5/hw5_tests/hsort_tests
"HSortTest.SortPairs" start time: Jul 12 13:33 PDT
Output:
----------------------------------------------------------
==8201== Memcheck, a memory error detector
==8201== Copyright (C) 2002-2017, and GNU GPL'd, by Julian Seward et al.
==8201== Using Valgrind-3.13.0 and LibVEX; rerun with -h for copyright info
==8201== Command: /home/cs104/hw-ykelty/hw5/hw5_tests/hsort_tests/hsort_tests --gtest_filter=HSortTest.SortPairs
==8201== 
Running main() from gtest_main.cc
Note: Google Test filter = HSortTest.SortPairs
[==========] Running 1 test from 1 test case.
[----------] Global test environment set-up.
[----------] 1 test from HSortTest
[ RUN      ] HSortTest.SortPairs
/home/cs104/hw-ykelty/hw5/hw5_tests/hsort_tests/hsort_tests.cpp:210: Failure
Value of: checkOrder(mStringIntPairContainer, sizeof(elements) / sizeof(std::pair<std::string, int>), mStringIntPairLessComp)
  Actual: false (List is sorted improperly!  Item at index 1 ([David, 3]) is less than the item at index 0 ([Esther, 2])!)
Expected: true
[  FAILED  ] HSortTest.SortPairs (71 ms)
[----------] 1 test from HSortTest (77 ms total)

[----------] Global test environment tear-down
[==========] 1 test from 1 test case ran. (109 ms total)
[  PASSED  ] 0 tests.
[  FAILED  ] 1 test, listed below:
[  FAILED  ] HSortTest.SortPairs

 1 FAILED TEST
==8201== 
==8201== HEAP SUMMARY:
==8201==     in use at exit: 72,704 bytes in 1 blocks
==8201==   total heap usage: 370 allocs, 369 frees, 148,305 bytes allocated
==8201== 
==8201== LEAK SUMMARY:
==8201==    definitely lost: 0 bytes in 0 blocks
==8201==    indirectly lost: 0 bytes in 0 blocks
==8201==      possibly lost: 0 bytes in 0 blocks
==8201==    still reachable: 0 bytes in 0 blocks
==8201==         suppressed: 72,704 bytes in 1 blocks
==8201== 
==8201== For counts of detected and suppressed errors, rerun with: -v
==8201== ERROR SUMMARY: 0 errors from 0 contexts (suppressed: 0 from 0)
<end of output>
Test time =   0.89 sec
----------------------------------------------------------
Test Failed.
"HSortTest.SortPairs" end time: Jul 12 13:33 PDT
"HSortTest.SortPairs" time elapsed: 00:00:00
----------------------------------------------------------

42/63 Testing: HSortTest.Stress10RandomElements_Less
42/63 Test: HSortTest.Stress10RandomElements_Less
Command: "/usr/bin/valgrind" "--tool=memcheck" "--leak-check=yes" "--trace-children=no" "/home/cs104/hw-ykelty/hw5/hw5_tests/hsort_tests/hsort_tests" "--gtest_filter=HSortTest.Stress10RandomElements_Less"
Directory: /home/cs104/hw-ykelty/hw5/hw5_tests/hsort_tests
"HSortTest.Stress10RandomElements_Less" start time: Jul 12 13:33 PDT
Output:
----------------------------------------------------------
==8202== Memcheck, a memory error detector
==8202== Copyright (C) 2002-2017, and GNU GPL'd, by Julian Seward et al.
==8202== Using Valgrind-3.13.0 and LibVEX; rerun with -h for copyright info
==8202== Command: /home/cs104/hw-ykelty/hw5/hw5_tests/hsort_tests/hsort_tests --gtest_filter=HSortTest.Stress10RandomElements_Less
==8202== 
Running main() from gtest_main.cc
Note: Google Test filter = HSortTest.Stress10RandomElements_Less
[==========] Running 1 test from 1 test case.
[----------] Global test environment set-up.
[----------] 1 test from HSortTest
[ RUN      ] HSortTest.Stress10RandomElements_Less
/home/cs104/hw-ykelty/hw5/hw5_tests/hsort_tests/hsort_tests.cpp:218: Failure
Value of: checkOrder(mIntContainer, NUMBER_OF_ITEMS, mIntLessComp)
  Actual: false (List is sorted improperly!  Item at index 1 (-16) is less than the item at index 0 (45)!)
Expected: true
[  FAILED  ] HSortTest.Stress10RandomElements_Less (68 ms)
[----------] 1 test from HSortTest (75 ms total)

[----------] Global test environment tear-down
[==========] 1 test from 1 test case ran. (113 ms total)
[  PASSED  ] 0 tests.
[  FAILED  ] 1 test, listed below:
[  FAILED  ] HSortTest.Stress10RandomElements_Less

 1 FAILED TEST
==8202== 
==8202== HEAP SUMMARY:
==8202==     in use at exit: 72,704 bytes in 1 blocks
==8202==   total heap usage: 365 allocs, 364 frees, 146,801 bytes allocated
==8202== 
==8202== LEAK SUMMARY:
==8202==    definitely lost: 0 bytes in 0 blocks
==8202==    indirectly lost: 0 bytes in 0 blocks
==8202==      possibly lost: 0 bytes in 0 blocks
==8202==    still reachable: 0 bytes in 0 blocks
==8202==         suppressed: 72,704 bytes in 1 blocks
==8202== 
==8202== For counts of detected and suppressed errors, rerun with: -v
==8202== ERROR SUMMARY: 0 errors from 0 contexts (suppressed: 0 from 0)
<end of output>
Test time =   0.98 sec
----------------------------------------------------------
Test Failed.
"HSortTest.Stress10RandomElements_Less" end time: Jul 12 13:33 PDT
"HSortTest.Stress10RandomElements_Less" time elapsed: 00:00:00
----------------------------------------------------------

43/63 Testing: HSortTest.Stress100RandomElements_Less
43/63 Test: HSortTest.Stress100RandomElements_Less
Command: "/usr/bin/valgrind" "--tool=memcheck" "--leak-check=yes" "--trace-children=no" "/home/cs104/hw-ykelty/hw5/hw5_tests/hsort_tests/hsort_tests" "--gtest_filter=HSortTest.Stress100RandomElements_Less"
Directory: /home/cs104/hw-ykelty/hw5/hw5_tests/hsort_tests
"HSortTest.Stress100RandomElements_Less" start time: Jul 12 13:33 PDT
Output:
----------------------------------------------------------
==8203== Memcheck, a memory error detector
==8203== Copyright (C) 2002-2017, and GNU GPL'd, by Julian Seward et al.
==8203== Using Valgrind-3.13.0 and LibVEX; rerun with -h for copyright info
==8203== Command: /home/cs104/hw-ykelty/hw5/hw5_tests/hsort_tests/hsort_tests --gtest_filter=HSortTest.Stress100RandomElements_Less
==8203== 
Running main() from gtest_main.cc
Note: Google Test filter = HSortTest.Stress100RandomElements_Less
[==========] Running 1 test from 1 test case.
[----------] Global test environment set-up.
[----------] 1 test from HSortTest
[ RUN      ] HSortTest.Stress100RandomElements_Less
/home/cs104/hw-ykelty/hw5/hw5_tests/hsort_tests/hsort_tests.cpp:226: Failure
Value of: checkOrder(mIntContainer, NUMBER_OF_ITEMS, mIntLessComp)
  Actual: false (List is sorted improperly!  Item at index 1 (-298) is less than the item at index 0 (472)!)
Expected: true
[  FAILED  ] HSortTest.Stress100RandomElements_Less (65 ms)
[----------] 1 test from HSortTest (71 ms total)

[----------] Global test environment tear-down
[==========] 1 test from 1 test case ran. (103 ms total)
[  PASSED  ] 0 tests.
[  FAILED  ] 1 test, listed below:
[  FAILED  ] HSortTest.Stress100RandomElements_Less

 1 FAILED TEST
==8203== 
==8203== HEAP SUMMARY:
==8203==     in use at exit: 72,704 bytes in 1 blocks
==8203==   total heap usage: 365 allocs, 364 frees, 147,219 bytes allocated
==8203== 
==8203== LEAK SUMMARY:
==8203==    definitely lost: 0 bytes in 0 blocks
==8203==    indirectly lost: 0 bytes in 0 blocks
==8203==      possibly lost: 0 bytes in 0 blocks
==8203==    still reachable: 0 bytes in 0 blocks
==8203==         suppressed: 72,704 bytes in 1 blocks
==8203== 
==8203== For counts of detected and suppressed errors, rerun with: -v
==8203== ERROR SUMMARY: 0 errors from 0 contexts (suppressed: 0 from 0)
<end of output>
Test time =   0.89 sec
----------------------------------------------------------
Test Failed.
"HSortTest.Stress100RandomElements_Less" end time: Jul 12 13:33 PDT
"HSortTest.Stress100RandomElements_Less" time elapsed: 00:00:00
----------------------------------------------------------

44/63 Testing: HSortTest.Stress1000RandomElements_Less
44/63 Test: HSortTest.Stress1000RandomElements_Less
Command: "/usr/bin/valgrind" "--tool=memcheck" "--leak-check=yes" "--trace-children=no" "/home/cs104/hw-ykelty/hw5/hw5_tests/hsort_tests/hsort_tests" "--gtest_filter=HSortTest.Stress1000RandomElements_Less"
Directory: /home/cs104/hw-ykelty/hw5/hw5_tests/hsort_tests
"HSortTest.Stress1000RandomElements_Less" start time: Jul 12 13:33 PDT
Output:
----------------------------------------------------------
==8204== Memcheck, a memory error detector
==8204== Copyright (C) 2002-2017, and GNU GPL'd, by Julian Seward et al.
==8204== Using Valgrind-3.13.0 and LibVEX; rerun with -h for copyright info
==8204== Command: /home/cs104/hw-ykelty/hw5/hw5_tests/hsort_tests/hsort_tests --gtest_filter=HSortTest.Stress1000RandomElements_Less
==8204== 
Running main() from gtest_main.cc
Note: Google Test filter = HSortTest.Stress1000RandomElements_Less
[==========] Running 1 test from 1 test case.
[----------] Global test environment set-up.
[----------] 1 test from HSortTest
[ RUN      ] HSortTest.Stress1000RandomElements_Less
/home/cs104/hw-ykelty/hw5/hw5_tests/hsort_tests/hsort_tests.cpp:234: Failure
Value of: checkOrder(mIntContainer, NUMBER_OF_ITEMS, mIntLessComp)
  Actual: false (List is sorted improperly!  Item at index 1 (-4394) is less than the item at index 0 (5000)!)
Expected: true
[  FAILED  ] HSortTest.Stress1000RandomElements_Less (69 ms)
[----------] 1 test from HSortTest (77 ms total)

[----------] Global test environment tear-down
[==========] 1 test from 1 test case ran. (109 ms total)
[  PASSED  ] 0 tests.
[  FAILED  ] 1 test, listed below:
[  FAILED  ] HSortTest.Stress1000RandomElements_Less

 1 FAILED TEST
==8204== 
==8204== HEAP SUMMARY:
==8204==     in use at exit: 72,704 bytes in 1 blocks
==8204==   total heap usage: 365 allocs, 364 frees, 150,877 bytes allocated
==8204== 
==8204== LEAK SUMMARY:
==8204==    definitely lost: 0 bytes in 0 blocks
==8204==    indirectly lost: 0 bytes in 0 blocks
==8204==      possibly lost: 0 bytes in 0 blocks
==8204==    still reachable: 0 bytes in 0 blocks
==8204==         suppressed: 72,704 bytes in 1 blocks
==8204== 
==8204== For counts of detected and suppressed errors, rerun with: -v
==8204== ERROR SUMMARY: 0 errors from 0 contexts (suppressed: 0 from 0)
<end of output>
Test time =   0.88 sec
----------------------------------------------------------
Test Failed.
"HSortTest.Stress1000RandomElements_Less" end time: Jul 12 13:33 PDT
"HSortTest.Stress1000RandomElements_Less" time elapsed: 00:00:00
----------------------------------------------------------

45/63 Testing: HSortTest.Stress10000RandomElements_Less
45/63 Test: HSortTest.Stress10000RandomElements_Less
Command: "/usr/bin/valgrind" "--tool=memcheck" "--leak-check=yes" "--trace-children=no" "/home/cs104/hw-ykelty/hw5/hw5_tests/hsort_tests/hsort_tests" "--gtest_filter=HSortTest.Stress10000RandomElements_Less"
Directory: /home/cs104/hw-ykelty/hw5/hw5_tests/hsort_tests
"HSortTest.Stress10000RandomElements_Less" start time: Jul 12 13:33 PDT
Output:
----------------------------------------------------------
==8205== Memcheck, a memory error detector
==8205== Copyright (C) 2002-2017, and GNU GPL'd, by Julian Seward et al.
==8205== Using Valgrind-3.13.0 and LibVEX; rerun with -h for copyright info
==8205== Command: /home/cs104/hw-ykelty/hw5/hw5_tests/hsort_tests/hsort_tests --gtest_filter=HSortTest.Stress10000RandomElements_Less
==8205== 
Running main() from gtest_main.cc
Note: Google Test filter = HSortTest.Stress10000RandomElements_Less
[==========] Running 1 test from 1 test case.
[----------] Global test environment set-up.
[----------] 1 test from HSortTest
[ RUN      ] HSortTest.Stress10000RandomElements_Less
Stack size was 0x800000 bytes, setting it to the max of infinity bytes.
/home/cs104/hw-ykelty/hw5/hw5_tests/hsort_tests/hsort_tests.cpp:244: Failure
Value of: checkOrder(mIntContainer, NUMBER_OF_ITEMS, mIntLessComp)
  Actual: false (List is sorted improperly!  Item at index 1 (-46655) is less than the item at index 0 (49994)!)
Expected: true
[  FAILED  ] HSortTest.Stress10000RandomElements_Less (112 ms)
[----------] 1 test from HSortTest (118 ms total)

[----------] Global test environment tear-down
[==========] 1 test from 1 test case ran. (148 ms total)
[  PASSED  ] 0 tests.
[  FAILED  ] 1 test, listed below:
[  FAILED  ] HSortTest.Stress10000RandomElements_Less

 1 FAILED TEST
==8205== 
==8205== HEAP SUMMARY:
==8205==     in use at exit: 72,704 bytes in 1 blocks
==8205==   total heap usage: 367 allocs, 366 frees, 187,961 bytes allocated
==8205== 
==8205== LEAK SUMMARY:
==8205==    definitely lost: 0 bytes in 0 blocks
==8205==    indirectly lost: 0 bytes in 0 blocks
==8205==      possibly lost: 0 bytes in 0 blocks
==8205==    still reachable: 0 bytes in 0 blocks
==8205==         suppressed: 72,704 bytes in 1 blocks
==8205== 
==8205== For counts of detected and suppressed errors, rerun with: -v
==8205== ERROR SUMMARY: 0 errors from 0 contexts (suppressed: 0 from 0)
<end of output>
Test time =   0.95 sec
----------------------------------------------------------
Test Failed.
"HSortTest.Stress10000RandomElements_Less" end time: Jul 12 13:33 PDT
"HSortTest.Stress10000RandomElements_Less" time elapsed: 00:00:00
----------------------------------------------------------

46/63 Testing: HeapSortRuntime.Runtime
46/63 Test: HeapSortRuntime.Runtime
Command: "/home/cs104/hw-ykelty/hw5/hw5_tests/hsort_tests/hsort_runtime_tests" "--gtest_filter=HeapSortRuntime.Runtime"
Directory: /home/cs104/hw-ykelty/hw5/hw5_tests/hsort_tests
"HeapSortRuntime.Runtime" start time: Jul 12 13:33 PDT
Output:
----------------------------------------------------------
Running main() from gtest_main.cc
Note: Google Test filter = HeapSortRuntime.Runtime
[==========] Running 1 test from 1 test case.
[----------] Global test environment set-up.
[----------] 1 test from HeapSortRuntime
[ RUN      ] HeapSortRuntime.Runtime
>> Evaluating runtime of hsort()
Testing if time complexity could be linear...
Correlation factor (1.4666) is >= threshold (1.3000)
>> Time complexity of hsort() is likely linear
Testing if time complexity could be constant...
Correlation factor (1.1987) is < threshold (1.3000)
Testing if time complexity could be logarithmic...
Correlation factor (0.4100) is < threshold (1.3000)
Testing if time complexity could be linearithmic...
Correlation factor (-0.3305) is < threshold (1.3000)
Testing if time complexity could be quadratic...
Correlation factor (0.7506) is < threshold (1.3000)
Testing if time complexity could be cubic...
Correlation factor (0.4575) is < threshold (1.3000)
[       OK ] HeapSortRuntime.Runtime (87 ms)
[----------] 1 test from HeapSortRuntime (87 ms total)

[----------] Global test environment tear-down
[==========] 1 test from 1 test case ran. (87 ms total)
[  PASSED  ] 1 test.
<end of output>
Test time =   0.09 sec
----------------------------------------------------------
Test Passed.
"HeapSortRuntime.Runtime" end time: Jul 12 13:33 PDT
"HeapSortRuntime.Runtime" time elapsed: 00:00:00
----------------------------------------------------------

47/63 Testing: Mentions.NoFollowers
47/63 Test: Mentions.NoFollowers
Command: "/usr/bin/valgrind" "--tool=memcheck" "--leak-check=yes" "--trace-children=no" "/home/cs104/hw-ykelty/hw5/hw5_tests/mentions_tests/mentions_tests" "--gtest_filter=Mentions.NoFollowers"
Directory: /home/cs104/hw-ykelty/hw5/hw5_tests/mentions_tests
"Mentions.NoFollowers" start time: Jul 12 13:33 PDT
Output:
----------------------------------------------------------
==8207== Memcheck, a memory error detector
==8207== Copyright (C) 2002-2017, and GNU GPL'd, by Julian Seward et al.
==8207== Using Valgrind-3.13.0 and LibVEX; rerun with -h for copyright info
==8207== Command: /home/cs104/hw-ykelty/hw5/hw5_tests/mentions_tests/mentions_tests --gtest_filter=Mentions.NoFollowers
==8207== 
Running main() from gtest_main.cc
Note: Google Test filter = Mentions.NoFollowers
[==========] Running 1 test from 1 test case.
[----------] Global test environment set-up.
[----------] 1 test from Mentions
[ RUN      ] Mentions.NoFollowers
Aaron
2015-7-3 6:0:1 Aaron I do not follow anyone, and no one follows me therefore this should only appear in Aarons main feed

2015-7-3 6:0:54 Aaron @Bryan This tweet should appear only in Aaron main feed and Bryan mention feed

Bryan
2015-7-3 6:13:54 Calvin This tweet should appear in my, Bryan, David, and Emmanuel main feed

2015-7-3 6:6:55 Bryan This tweet should appear in @Aaron mention feed, and in Bryan, Calvin, David, and Emmanuel main feed

2015-7-3 6:0:54 Aaron @Bryan This tweet should appear only in Aaron main feed and Bryan mention feed

2015-7-3 6:4:35 Bryan @Calvin This tweet should appear in Calvin main and mention feeds, and in my main feed

2015-7-4 5:24:23 Calvin @Bryan can see this tweet in his main and mention feeds

2015-7-3 6:19:4 David @Bryan Only Bryan can see this in his mention feed and I should see it in my main feed

2015-7-3 6:33:33 Emanuel @Bryan I am sure @Aaron can not see this

Calvin
2015-7-3 6:6:55 Bryan This tweet should appear in @Aaron mention feed, and in Bryan, Calvin, David, and Emmanuel main feed

2015-7-3 6:13:54 Calvin This tweet should appear in my, Bryan, David, and Emmanuel main feed

2015-7-3 6:4:35 Bryan @Calvin This tweet should appear in Calvin main and mention feeds, and in my main feed

2015-7-4 5:24:23 Calvin @Bryan can see this tweet in his main and mention feeds

2015-7-4 5:8:58 Emanuel @Calvin This one should not show up in any feed of @Bryan

David
2015-7-3 6:6:55 Bryan This tweet should appear in @Aaron mention feed, and in Bryan, Calvin, David, and Emmanuel main feed

2015-7-3 6:13:54 Calvin This tweet should appear in my, Bryan, David, and Emmanuel main feed

2015-7-3 6:19:4 David @Bryan Only Bryan can see this in his mention feed and I should see it in my main feed

Emanuel
2015-7-3 6:6:55 Bryan This tweet should appear in @Aaron mention feed, and in Bryan, Calvin, David, and Emmanuel main feed

2015-7-3 6:13:54 Calvin This tweet should appear in my, Bryan, David, and Emmanuel main feed

2015-7-3 6:33:33 Emanuel @Bryan I am sure @Aaron can not see this

2015-7-4 5:8:58 Emanuel @Calvin This one should not show up in any feed of @Bryan

/home/cs104/hw-ykelty/hw5/hw5_tests/mentions_tests/mentions_tests.cpp:39: Failure
Value of: bryanMentions.fail()
  Actual: true
Expected: false
Unable to open Bryan's mentions feed
[  FAILED  ] Mentions.NoFollowers (163 ms)
[----------] 1 test from Mentions (170 ms total)

[----------] Global test environment tear-down
[==========] 1 test from 1 test case ran. (201 ms total)
[  PASSED  ] 0 tests.
[  FAILED  ] 1 test, listed below:
[  FAILED  ] Mentions.NoFollowers

 1 FAILED TEST
==8207== 
==8207== HEAP SUMMARY:
==8207==     in use at exit: 76,390 bytes in 55 blocks
==8207==   total heap usage: 651 allocs, 596 frees, 254,331 bytes allocated
==8207== 
==8207== 3,686 (352 direct, 3,334 indirect) bytes in 2 blocks are definitely lost in loss record 15 of 16
==8207==    at 0x4C2E17F: operator new(unsigned long) (in /usr/lib/valgrind/vgpreload_memcheck-amd64-linux.so)
==8207==    by 0x41E754: TwitEng::parse(char*) (twiteng.cpp:83)
==8207==    by 0x40552A: Mentions_NoFollowers_Test::TestBody() (mentions_tests.cpp:19)
==8207==    by 0x448C52: void testing::internal::HandleExceptionsInMethodIfSupported<testing::Test, void>(testing::Test*, void (testing::Test::*)(), char const*) (in /home/cs104/hw-ykelty/hw5/hw5_tests/mentions_tests/mentions_tests)
==8207==    by 0x440753: testing::Test::Run() [clone .part.368] (in /home/cs104/hw-ykelty/hw5/hw5_tests/mentions_tests/mentions_tests)
==8207==    by 0x440A0C: testing::TestInfo::Run() [clone .part.369] (in /home/cs104/hw-ykelty/hw5/hw5_tests/mentions_tests/mentions_tests)
==8207==    by 0x440BF4: testing::TestCase::Run() [clone .part.370] (in /home/cs104/hw-ykelty/hw5/hw5_tests/mentions_tests/mentions_tests)
==8207==    by 0x4430A0: testing::internal::UnitTestImpl::RunAllTests() [clone .part.371] [clone .constprop.426] (in /home/cs104/hw-ykelty/hw5/hw5_tests/mentions_tests/mentions_tests)
==8207==    by 0x4434B0: testing::UnitTest::Run() (in /home/cs104/hw-ykelty/hw5/hw5_tests/mentions_tests/mentions_tests)
==8207==    by 0x40510F: main (in /home/cs104/hw-ykelty/hw5/hw5_tests/mentions_tests/mentions_tests)
==8207== 
==8207== LEAK SUMMARY:
==8207==    definitely lost: 352 bytes in 2 blocks
==8207==    indirectly lost: 3,334 bytes in 52 blocks
==8207==      possibly lost: 0 bytes in 0 blocks
==8207==    still reachable: 0 bytes in 0 blocks
==8207==         suppressed: 72,704 bytes in 1 blocks
==8207== 
==8207== For counts of detected and suppressed errors, rerun with: -v
==8207== ERROR SUMMARY: 1 errors from 1 contexts (suppressed: 0 from 0)
<end of output>
Test time =   0.97 sec
----------------------------------------------------------
Test Failed.
"Mentions.NoFollowers" end time: Jul 12 13:33 PDT
"Mentions.NoFollowers" time elapsed: 00:00:00
----------------------------------------------------------

48/63 Testing: Mentions.DirectMention
48/63 Test: Mentions.DirectMention
Command: "/usr/bin/valgrind" "--tool=memcheck" "--leak-check=yes" "--trace-children=no" "/home/cs104/hw-ykelty/hw5/hw5_tests/mentions_tests/mentions_tests" "--gtest_filter=Mentions.DirectMention"
Directory: /home/cs104/hw-ykelty/hw5/hw5_tests/mentions_tests
"Mentions.DirectMention" start time: Jul 12 13:33 PDT
Output:
----------------------------------------------------------
==8208== Memcheck, a memory error detector
==8208== Copyright (C) 2002-2017, and GNU GPL'd, by Julian Seward et al.
==8208== Using Valgrind-3.13.0 and LibVEX; rerun with -h for copyright info
==8208== Command: /home/cs104/hw-ykelty/hw5/hw5_tests/mentions_tests/mentions_tests --gtest_filter=Mentions.DirectMention
==8208== 
Running main() from gtest_main.cc
Note: Google Test filter = Mentions.DirectMention
[==========] Running 1 test from 1 test case.
[----------] Global test environment set-up.
[----------] 1 test from Mentions
[ RUN      ] Mentions.DirectMention
Aaron
2015-7-3 6:0:1 Aaron I do not follow anyone, and no one follows me therefore this should only appear in Aarons main feed

2015-7-3 6:0:54 Aaron @Bryan This tweet should appear only in Aaron main feed and Bryan mention feed

Bryan
2015-7-3 6:13:54 Calvin This tweet should appear in my, Bryan, David, and Emmanuel main feed

2015-7-3 6:6:55 Bryan This tweet should appear in @Aaron mention feed, and in Bryan, Calvin, David, and Emmanuel main feed

2015-7-3 6:0:54 Aaron @Bryan This tweet should appear only in Aaron main feed and Bryan mention feed

2015-7-3 6:4:35 Bryan @Calvin This tweet should appear in Calvin main and mention feeds, and in my main feed

2015-7-4 5:24:23 Calvin @Bryan can see this tweet in his main and mention feeds

2015-7-3 6:19:4 David @Bryan Only Bryan can see this in his mention feed and I should see it in my main feed

2015-7-3 6:33:33 Emanuel @Bryan I am sure @Aaron can not see this

Calvin
2015-7-3 6:6:55 Bryan This tweet should appear in @Aaron mention feed, and in Bryan, Calvin, David, and Emmanuel main feed

2015-7-3 6:13:54 Calvin This tweet should appear in my, Bryan, David, and Emmanuel main feed

2015-7-3 6:4:35 Bryan @Calvin This tweet should appear in Calvin main and mention feeds, and in my main feed

2015-7-4 5:24:23 Calvin @Bryan can see this tweet in his main and mention feeds

2015-7-4 5:8:58 Emanuel @Calvin This one should not show up in any feed of @Bryan

David
2015-7-3 6:6:55 Bryan This tweet should appear in @Aaron mention feed, and in Bryan, Calvin, David, and Emmanuel main feed

2015-7-3 6:13:54 Calvin This tweet should appear in my, Bryan, David, and Emmanuel main feed

2015-7-3 6:19:4 David @Bryan Only Bryan can see this in his mention feed and I should see it in my main feed

Emanuel
2015-7-3 6:6:55 Bryan This tweet should appear in @Aaron mention feed, and in Bryan, Calvin, David, and Emmanuel main feed

2015-7-3 6:13:54 Calvin This tweet should appear in my, Bryan, David, and Emmanuel main feed

2015-7-3 6:33:33 Emanuel @Bryan I am sure @Aaron can not see this

2015-7-4 5:8:58 Emanuel @Calvin This one should not show up in any feed of @Bryan

/home/cs104/hw-ykelty/hw5/hw5_tests/mentions_tests/mentions_tests.cpp:127: Failure
Value of: bryanMentions.fail()
  Actual: true
Expected: false
Unable to open Bryan's mentions feed
[  FAILED  ] Mentions.DirectMention (169 ms)
[----------] 1 test from Mentions (178 ms total)

[----------] Global test environment tear-down
[==========] 1 test from 1 test case ran. (210 ms total)
[  PASSED  ] 0 tests.
[  FAILED  ] 1 test, listed below:
[  FAILED  ] Mentions.DirectMention

 1 FAILED TEST
==8208== 
==8208== HEAP SUMMARY:
==8208==     in use at exit: 76,390 bytes in 55 blocks
==8208==   total heap usage: 651 allocs, 596 frees, 254,351 bytes allocated
==8208== 
==8208== 3,686 (352 direct, 3,334 indirect) bytes in 2 blocks are definitely lost in loss record 15 of 16
==8208==    at 0x4C2E17F: operator new(unsigned long) (in /usr/lib/valgrind/vgpreload_memcheck-amd64-linux.so)
==8208==    by 0x41E754: TwitEng::parse(char*) (twiteng.cpp:83)
==8208==    by 0x408038: Mentions_DirectMention_Test::TestBody() (mentions_tests.cpp:107)
==8208==    by 0x448C52: void testing::internal::HandleExceptionsInMethodIfSupported<testing::Test, void>(testing::Test*, void (testing::Test::*)(), char const*) (in /home/cs104/hw-ykelty/hw5/hw5_tests/mentions_tests/mentions_tests)
==8208==    by 0x440753: testing::Test::Run() [clone .part.368] (in /home/cs104/hw-ykelty/hw5/hw5_tests/mentions_tests/mentions_tests)
==8208==    by 0x440A0C: testing::TestInfo::Run() [clone .part.369] (in /home/cs104/hw-ykelty/hw5/hw5_tests/mentions_tests/mentions_tests)
==8208==    by 0x440BF4: testing::TestCase::Run() [clone .part.370] (in /home/cs104/hw-ykelty/hw5/hw5_tests/mentions_tests/mentions_tests)
==8208==    by 0x4430A0: testing::internal::UnitTestImpl::RunAllTests() [clone .part.371] [clone .constprop.426] (in /home/cs104/hw-ykelty/hw5/hw5_tests/mentions_tests/mentions_tests)
==8208==    by 0x4434B0: testing::UnitTest::Run() (in /home/cs104/hw-ykelty/hw5/hw5_tests/mentions_tests/mentions_tests)
==8208==    by 0x40510F: main (in /home/cs104/hw-ykelty/hw5/hw5_tests/mentions_tests/mentions_tests)
==8208== 
==8208== LEAK SUMMARY:
==8208==    definitely lost: 352 bytes in 2 blocks
==8208==    indirectly lost: 3,334 bytes in 52 blocks
==8208==      possibly lost: 0 bytes in 0 blocks
==8208==    still reachable: 0 bytes in 0 blocks
[...]
==8213==    by 0x440753: testing::Test::Run() [clone .part.368] (in /home/cs104/hw-ykelty/hw5/hw5_tests/mentions_tests/mentions_tests)
==8213==    by 0x440A0C: testing::TestInfo::Run() [clone .part.369] (in /home/cs104/hw-ykelty/hw5/hw5_tests/mentions_tests/mentions_tests)
==8213==    by 0x440BF4: testing::TestCase::Run() [clone .part.370] (in /home/cs104/hw-ykelty/hw5/hw5_tests/mentions_tests/mentions_tests)
==8213==    by 0x4430A0: testing::internal::UnitTestImpl::RunAllTests() [clone .part.371] [clone .constprop.426] (in /home/cs104/hw-ykelty/hw5/hw5_tests/mentions_tests/mentions_tests)
==8213==    by 0x4434B0: testing::UnitTest::Run() (in /home/cs104/hw-ykelty/hw5/hw5_tests/mentions_tests/mentions_tests)
==8213==    by 0x40510F: main (in /home/cs104/hw-ykelty/hw5/hw5_tests/mentions_tests/mentions_tests)
==8213== 
==8213== LEAK SUMMARY:
==8213==    definitely lost: 352 bytes in 2 blocks
==8213==    indirectly lost: 3,334 bytes in 52 blocks
==8213==      possibly lost: 0 bytes in 0 blocks
==8213==    still reachable: 0 bytes in 0 blocks
==8213==         suppressed: 72,704 bytes in 1 blocks
==8213== 
==8213== For counts of detected and suppressed errors, rerun with: -v
==8213== ERROR SUMMARY: 1 errors from 1 contexts (suppressed: 0 from 0)
<end of output>
Test time =   0.98 sec
----------------------------------------------------------
Test Failed.
"Mentions.TweetInMainAndMention" end time: Jul 12 13:33 PDT
"Mentions.TweetInMainAndMention" time elapsed: 00:00:00
----------------------------------------------------------

54/63 Testing: Mentions.DirectMentionNotFollowingBack
54/63 Test: Mentions.DirectMentionNotFollowingBack
Command: "/usr/bin/valgrind" "--tool=memcheck" "--leak-check=yes" "--trace-children=no" "/home/cs104/hw-ykelty/hw5/hw5_tests/mentions_tests/mentions_tests" "--gtest_filter=Mentions.DirectMentionNotFollowingBack"
Directory: /home/cs104/hw-ykelty/hw5/hw5_tests/mentions_tests
"Mentions.DirectMentionNotFollowingBack" start time: Jul 12 13:33 PDT
Output:
----------------------------------------------------------
==8214== Memcheck, a memory error detector
==8214== Copyright (C) 2002-2017, and GNU GPL'd, by Julian Seward et al.
==8214== Using Valgrind-3.13.0 and LibVEX; rerun with -h for copyright info
==8214== Command: /home/cs104/hw-ykelty/hw5/hw5_tests/mentions_tests/mentions_tests --gtest_filter=Mentions.DirectMentionNotFollowingBack
==8214== 
Running main() from gtest_main.cc
Note: Google Test filter = Mentions.DirectMentionNotFollowingBack
[==========] Running 1 test from 1 test case.
[----------] Global test environment set-up.
[----------] 1 test from Mentions
[ RUN      ] Mentions.DirectMentionNotFollowingBack
Aaron
2015-7-3 6:0:1 Aaron I do not follow anyone, and no one follows me therefore this should only appear in Aarons main feed

2015-7-3 6:0:54 Aaron @Bryan This tweet should appear only in Aaron main feed and Bryan mention feed

Bryan
2015-7-3 6:13:54 Calvin This tweet should appear in my, Bryan, David, and Emmanuel main feed

2015-7-3 6:6:55 Bryan This tweet should appear in @Aaron mention feed, and in Bryan, Calvin, David, and Emmanuel main feed

2015-7-3 6:0:54 Aaron @Bryan This tweet should appear only in Aaron main feed and Bryan mention feed

2015-7-3 6:4:35 Bryan @Calvin This tweet should appear in Calvin main and mention feeds, and in my main feed

2015-7-4 5:24:23 Calvin @Bryan can see this tweet in his main and mention feeds

2015-7-3 6:19:4 David @Bryan Only Bryan can see this in his mention feed and I should see it in my main feed

2015-7-3 6:33:33 Emanuel @Bryan I am sure @Aaron can not see this

Calvin
2015-7-3 6:6:55 Bryan This tweet should appear in @Aaron mention feed, and in Bryan, Calvin, David, and Emmanuel main feed

2015-7-3 6:13:54 Calvin This tweet should appear in my, Bryan, David, and Emmanuel main feed

2015-7-3 6:4:35 Bryan @Calvin This tweet should appear in Calvin main and mention feeds, and in my main feed

2015-7-4 5:24:23 Calvin @Bryan can see this tweet in his main and mention feeds

2015-7-4 5:8:58 Emanuel @Calvin This one should not show up in any feed of @Bryan

David
2015-7-3 6:6:55 Bryan This tweet should appear in @Aaron mention feed, and in Bryan, Calvin, David, and Emmanuel main feed

2015-7-3 6:13:54 Calvin This tweet should appear in my, Bryan, David, and Emmanuel main feed

2015-7-3 6:19:4 David @Bryan Only Bryan can see this in his mention feed and I should see it in my main feed

Emanuel
2015-7-3 6:6:55 Bryan This tweet should appear in @Aaron mention feed, and in Bryan, Calvin, David, and Emmanuel main feed

2015-7-3 6:13:54 Calvin This tweet should appear in my, Bryan, David, and Emmanuel main feed

2015-7-3 6:33:33 Emanuel @Bryan I am sure @Aaron can not see this

2015-7-4 5:8:58 Emanuel @Calvin This one should not show up in any feed of @Bryan

/home/cs104/hw-ykelty/hw5/hw5_tests/mentions_tests/mentions_tests.cpp:689: Failure
Value of: bryanMentions.fail()
  Actual: true
Expected: false
Unable to open Bryan's mentions feed
[  FAILED  ] Mentions.DirectMentionNotFollowingBack (175 ms)
[----------] 1 test from Mentions (184 ms total)

[----------] Global test environment tear-down
[==========] 1 test from 1 test case ran. (217 ms total)
[  PASSED  ] 0 tests.
[  FAILED  ] 1 test, listed below:
[  FAILED  ] Mentions.DirectMentionNotFollowingBack

 1 FAILED TEST
==8214== 
==8214== HEAP SUMMARY:
==8214==     in use at exit: 76,390 bytes in 55 blocks
==8214==   total heap usage: 651 allocs, 596 frees, 254,551 bytes allocated
==8214== 
==8214== 3,686 (352 direct, 3,334 indirect) bytes in 2 blocks are definitely lost in loss record 15 of 16
==8214==    at 0x4C2E17F: operator new(unsigned long) (in /usr/lib/valgrind/vgpreload_memcheck-amd64-linux.so)
==8214==    by 0x41E754: TwitEng::parse(char*) (twiteng.cpp:83)
==8214==    by 0x41828C: Mentions_DirectMentionNotFollowingBack_Test::TestBody() (mentions_tests.cpp:669)
==8214==    by 0x448C52: void testing::internal::HandleExceptionsInMethodIfSupported<testing::Test, void>(testing::Test*, void (testing::Test::*)(), char const*) (in /home/cs104/hw-ykelty/hw5/hw5_tests/mentions_tests/mentions_tests)
==8214==    by 0x440753: testing::Test::Run() [clone .part.368] (in /home/cs104/hw-ykelty/hw5/hw5_tests/mentions_tests/mentions_tests)
==8214==    by 0x440A0C: testing::TestInfo::Run() [clone .part.369] (in /home/cs104/hw-ykelty/hw5/hw5_tests/mentions_tests/mentions_tests)
==8214==    by 0x440BF4: testing::TestCase::Run() [clone .part.370] (in /home/cs104/hw-ykelty/hw5/hw5_tests/mentions_tests/mentions_tests)
==8214==    by 0x4430A0: testing::internal::UnitTestImpl::RunAllTests() [clone .part.371] [clone .constprop.426] (in /home/cs104/hw-ykelty/hw5/hw5_tests/mentions_tests/mentions_tests)
==8214==    by 0x4434B0: testing::UnitTest::Run() (in /home/cs104/hw-ykelty/hw5/hw5_tests/mentions_tests/mentions_tests)
==8214==    by 0x40510F: main (in /home/cs104/hw-ykelty/hw5/hw5_tests/mentions_tests/mentions_tests)
==8214== 
==8214== LEAK SUMMARY:
==8214==    definitely lost: 352 bytes in 2 blocks
==8214==    indirectly lost: 3,334 bytes in 52 blocks
==8214==      possibly lost: 0 bytes in 0 blocks
==8214==    still reachable: 0 bytes in 0 blocks
==8214==         suppressed: 72,704 bytes in 1 blocks
==8214== 
==8214== For counts of detected and suppressed errors, rerun with: -v
==8214== ERROR SUMMARY: 1 errors from 1 contexts (suppressed: 0 from 0)
<end of output>
Test time =   1.01 sec
----------------------------------------------------------
Test Failed.
"Mentions.DirectMentionNotFollowingBack" end time: Jul 12 13:33 PDT
"Mentions.DirectMentionNotFollowingBack" time elapsed: 00:00:01
----------------------------------------------------------

55/63 Testing: Mentions.NoneOfBryansFeeds
55/63 Test: Mentions.NoneOfBryansFeeds
Command: "/usr/bin/valgrind" "--tool=memcheck" "--leak-check=yes" "--trace-children=no" "/home/cs104/hw-ykelty/hw5/hw5_tests/mentions_tests/mentions_tests" "--gtest_filter=Mentions.NoneOfBryansFeeds"
Directory: /home/cs104/hw-ykelty/hw5/hw5_tests/mentions_tests
"Mentions.NoneOfBryansFeeds" start time: Jul 12 13:33 PDT
Output:
----------------------------------------------------------
==8215== Memcheck, a memory error detector
==8215== Copyright (C) 2002-2017, and GNU GPL'd, by Julian Seward et al.
==8215== Using Valgrind-3.13.0 and LibVEX; rerun with -h for copyright info
==8215== Command: /home/cs104/hw-ykelty/hw5/hw5_tests/mentions_tests/mentions_tests --gtest_filter=Mentions.NoneOfBryansFeeds
==8215== 
Running main() from gtest_main.cc
Note: Google Test filter = Mentions.NoneOfBryansFeeds
[==========] Running 1 test from 1 test case.
[----------] Global test environment set-up.
[----------] 1 test from Mentions
[ RUN      ] Mentions.NoneOfBryansFeeds
Aaron
2015-7-3 6:0:1 Aaron I do not follow anyone, and no one follows me therefore this should only appear in Aarons main feed

2015-7-3 6:0:54 Aaron @Bryan This tweet should appear only in Aaron main feed and Bryan mention feed

Bryan
2015-7-3 6:13:54 Calvin This tweet should appear in my, Bryan, David, and Emmanuel main feed

2015-7-3 6:6:55 Bryan This tweet should appear in @Aaron mention feed, and in Bryan, Calvin, David, and Emmanuel main feed

2015-7-3 6:0:54 Aaron @Bryan This tweet should appear only in Aaron main feed and Bryan mention feed

2015-7-3 6:4:35 Bryan @Calvin This tweet should appear in Calvin main and mention feeds, and in my main feed

2015-7-4 5:24:23 Calvin @Bryan can see this tweet in his main and mention feeds

2015-7-3 6:19:4 David @Bryan Only Bryan can see this in his mention feed and I should see it in my main feed

2015-7-3 6:33:33 Emanuel @Bryan I am sure @Aaron can not see this

Calvin
2015-7-3 6:6:55 Bryan This tweet should appear in @Aaron mention feed, and in Bryan, Calvin, David, and Emmanuel main feed

2015-7-3 6:13:54 Calvin This tweet should appear in my, Bryan, David, and Emmanuel main feed

2015-7-3 6:4:35 Bryan @Calvin This tweet should appear in Calvin main and mention feeds, and in my main feed

2015-7-4 5:24:23 Calvin @Bryan can see this tweet in his main and mention feeds

2015-7-4 5:8:58 Emanuel @Calvin This one should not show up in any feed of @Bryan

David
2015-7-3 6:6:55 Bryan This tweet should appear in @Aaron mention feed, and in Bryan, Calvin, David, and Emmanuel main feed

2015-7-3 6:13:54 Calvin This tweet should appear in my, Bryan, David, and Emmanuel main feed

2015-7-3 6:19:4 David @Bryan Only Bryan can see this in his mention feed and I should see it in my main feed

Emanuel
2015-7-3 6:6:55 Bryan This tweet should appear in @Aaron mention feed, and in Bryan, Calvin, David, and Emmanuel main feed

2015-7-3 6:13:54 Calvin This tweet should appear in my, Bryan, David, and Emmanuel main feed

2015-7-3 6:33:33 Emanuel @Bryan I am sure @Aaron can not see this

2015-7-4 5:8:58 Emanuel @Calvin This one should not show up in any feed of @Bryan

/home/cs104/hw-ykelty/hw5/hw5_tests/mentions_tests/mentions_tests.cpp:777: Failure
Value of: bryanMentions.fail()
  Actual: true
Expected: false
Unable to open Bryan's mentions feed
[  FAILED  ] Mentions.NoneOfBryansFeeds (165 ms)
[----------] 1 test from Mentions (172 ms total)

[----------] Global test environment tear-down
[==========] 1 test from 1 test case ran. (203 ms total)
[  PASSED  ] 0 tests.
[  FAILED  ] 1 test, listed below:
[  FAILED  ] Mentions.NoneOfBryansFeeds

 1 FAILED TEST
==8215== 
==8215== HEAP SUMMARY:
==8215==     in use at exit: 76,390 bytes in 55 blocks
==8215==   total heap usage: 651 allocs, 596 frees, 254,379 bytes allocated
==8215== 
==8215== 3,686 (352 direct, 3,334 indirect) bytes in 2 blocks are definitely lost in loss record 15 of 16
==8215==    at 0x4C2E17F: operator new(unsigned long) (in /usr/lib/valgrind/vgpreload_memcheck-amd64-linux.so)
==8215==    by 0x41E754: TwitEng::parse(char*) (twiteng.cpp:83)
==8215==    by 0x41AD9A: Mentions_NoneOfBryansFeeds_Test::TestBody() (mentions_tests.cpp:757)
==8215==    by 0x448C52: void testing::internal::HandleExceptionsInMethodIfSupported<testing::Test, void>(testing::Test*, void (testing::Test::*)(), char const*) (in /home/cs104/hw-ykelty/hw5/hw5_tests/mentions_tests/mentions_tests)
==8215==    by 0x440753: testing::Test::Run() [clone .part.368] (in /home/cs104/hw-ykelty/hw5/hw5_tests/mentions_tests/mentions_tests)
==8215==    by 0x440A0C: testing::TestInfo::Run() [clone .part.369] (in /home/cs104/hw-ykelty/hw5/hw5_tests/mentions_tests/mentions_tests)
==8215==    by 0x440BF4: testing::TestCase::Run() [clone .part.370] (in /home/cs104/hw-ykelty/hw5/hw5_tests/mentions_tests/mentions_tests)
==8215==    by 0x4430A0: testing::internal::UnitTestImpl::RunAllTests() [clone .part.371] [clone .constprop.426] (in /home/cs104/hw-ykelty/hw5/hw5_tests/mentions_tests/mentions_tests)
==8215==    by 0x4434B0: testing::UnitTest::Run() (in /home/cs104/hw-ykelty/hw5/hw5_tests/mentions_tests/mentions_tests)
==8215==    by 0x40510F: main (in /home/cs104/hw-ykelty/hw5/hw5_tests/mentions_tests/mentions_tests)
==8215== 
==8215== LEAK SUMMARY:
==8215==    definitely lost: 352 bytes in 2 blocks
==8215==    indirectly lost: 3,334 bytes in 52 blocks
==8215==      possibly lost: 0 bytes in 0 blocks
==8215==    still reachable: 0 bytes in 0 blocks
==8215==         suppressed: 72,704 bytes in 1 blocks
==8215== 
==8215== For counts of detected and suppressed errors, rerun with: -v
==8215== ERROR SUMMARY: 1 errors from 1 contexts (suppressed: 0 from 0)
<end of output>
Test time =   0.99 sec
----------------------------------------------------------
Test Failed.
"Mentions.NoneOfBryansFeeds" end time: Jul 12 13:34 PDT
"Mentions.NoneOfBryansFeeds" time elapsed: 00:00:00
----------------------------------------------------------

56/63 Testing: Follow.CanFollow
56/63 Test: Follow.CanFollow
Command: "/usr/bin/valgrind" "--tool=memcheck" "--leak-check=yes" "--trace-children=no" "/home/cs104/hw-ykelty/hw5/hw5_tests/follow_tests/follow_tests" "--gtest_filter=Follow.CanFollow"
Directory: /home/cs104/hw-ykelty/hw5/hw5_tests/follow_tests
"Follow.CanFollow" start time: Jul 12 13:34 PDT
Output:
----------------------------------------------------------
valgrind: /home/cs104/hw-ykelty/hw5/hw5_tests/follow_tests/follow_tests: No such file or directory
<end of output>
Test time =   0.00 sec
----------------------------------------------------------
Test Failed.
"Follow.CanFollow" end time: Jul 12 13:34 PDT
"Follow.CanFollow" time elapsed: 00:00:00
----------------------------------------------------------

57/63 Testing: Follow.NoFollowing
57/63 Test: Follow.NoFollowing
Command: "/usr/bin/valgrind" "--tool=memcheck" "--leak-check=yes" "--trace-children=no" "/home/cs104/hw-ykelty/hw5/hw5_tests/follow_tests/follow_tests" "--gtest_filter=Follow.NoFollowing"
Directory: /home/cs104/hw-ykelty/hw5/hw5_tests/follow_tests
"Follow.NoFollowing" start time: Jul 12 13:34 PDT
Output:
----------------------------------------------------------
valgrind: /home/cs104/hw-ykelty/hw5/hw5_tests/follow_tests/follow_tests: No such file or directory
<end of output>
Test time =   0.00 sec
----------------------------------------------------------
Test Failed.
"Follow.NoFollowing" end time: Jul 12 13:34 PDT
"Follow.NoFollowing" time elapsed: 00:00:00
----------------------------------------------------------

58/63 Testing: Follow.HasFollowing
58/63 Test: Follow.HasFollowing
Command: "/usr/bin/valgrind" "--tool=memcheck" "--leak-check=yes" "--trace-children=no" "/home/cs104/hw-ykelty/hw5/hw5_tests/follow_tests/follow_tests" "--gtest_filter=Follow.HasFollowing"
Directory: /home/cs104/hw-ykelty/hw5/hw5_tests/follow_tests
"Follow.HasFollowing" start time: Jul 12 13:34 PDT
Output:
----------------------------------------------------------
valgrind: /home/cs104/hw-ykelty/hw5/hw5_tests/follow_tests/follow_tests: No such file or directory
<end of output>
Test time =   0.01 sec
----------------------------------------------------------
Test Failed.
"Follow.HasFollowing" end time: Jul 12 13:34 PDT
"Follow.HasFollowing" time elapsed: 00:00:00
----------------------------------------------------------

59/63 Testing: Follow.NoFollowingSave
59/63 Test: Follow.NoFollowingSave
Command: "/usr/bin/valgrind" "--tool=memcheck" "--leak-check=yes" "--trace-children=no" "/home/cs104/hw-ykelty/hw5/hw5_tests/follow_tests/follow_tests" "--gtest_filter=Follow.NoFollowingSave"
Directory: /home/cs104/hw-ykelty/hw5/hw5_tests/follow_tests
"Follow.NoFollowingSave" start time: Jul 12 13:34 PDT
Output:
----------------------------------------------------------
valgrind: /home/cs104/hw-ykelty/hw5/hw5_tests/follow_tests/follow_tests: No such file or directory
<end of output>
Test time =   0.01 sec
----------------------------------------------------------
Test Failed.
"Follow.NoFollowingSave" end time: Jul 12 13:34 PDT
"Follow.NoFollowingSave" time elapsed: 00:00:00
----------------------------------------------------------

60/63 Testing: Follow.HasFollowingSave
60/63 Test: Follow.HasFollowingSave
Command: "/usr/bin/valgrind" "--tool=memcheck" "--leak-check=yes" "--trace-children=no" "/home/cs104/hw-ykelty/hw5/hw5_tests/follow_tests/follow_tests" "--gtest_filter=Follow.HasFollowingSave"
Directory: /home/cs104/hw-ykelty/hw5/hw5_tests/follow_tests
"Follow.HasFollowingSave" start time: Jul 12 13:34 PDT
Output:
----------------------------------------------------------
valgrind: /home/cs104/hw-ykelty/hw5/hw5_tests/follow_tests/follow_tests: No such file or directory
<end of output>
Test time =   0.01 sec
----------------------------------------------------------
Test Failed.
"Follow.HasFollowingSave" end time: Jul 12 13:34 PDT
"Follow.HasFollowingSave" time elapsed: 00:00:00
----------------------------------------------------------

61/63 Testing: Save.CanSave
61/63 Test: Save.CanSave
Command: "/usr/bin/valgrind" "--tool=memcheck" "--leak-check=yes" "--trace-children=no" "/home/cs104/hw-ykelty/hw5/hw5_tests/save_tests/save_tests" "--gtest_filter=Save.CanSave"
Directory: /home/cs104/hw-ykelty/hw5/hw5_tests/save_tests
"Save.CanSave" start time: Jul 12 13:34 PDT
Output:
----------------------------------------------------------
valgrind: /home/cs104/hw-ykelty/hw5/hw5_tests/save_tests/save_tests: No such file or directory
<end of output>
Test time =   0.01 sec
----------------------------------------------------------
Test Failed.
"Save.CanSave" end time: Jul 12 13:34 PDT
"Save.CanSave" time elapsed: 00:00:00
----------------------------------------------------------

62/63 Testing: Save.NoChanges
62/63 Test: Save.NoChanges
Command: "/usr/bin/valgrind" "--tool=memcheck" "--leak-check=yes" "--trace-children=no" "/home/cs104/hw-ykelty/hw5/hw5_tests/save_tests/save_tests" "--gtest_filter=Save.NoChanges"
Directory: /home/cs104/hw-ykelty/hw5/hw5_tests/save_tests
"Save.NoChanges" start time: Jul 12 13:34 PDT
Output:
----------------------------------------------------------
valgrind: /home/cs104/hw-ykelty/hw5/hw5_tests/save_tests/save_tests: No such file or directory
<end of output>
Test time =   0.00 sec
----------------------------------------------------------
Test Failed.
"Save.NoChanges" end time: Jul 12 13:34 PDT
"Save.NoChanges" time elapsed: 00:00:00
----------------------------------------------------------

63/63 Testing: Save.AddTweet
63/63 Test: Save.AddTweet
Command: "/usr/bin/valgrind" "--tool=memcheck" "--leak-check=yes" "--trace-children=no" "/home/cs104/hw-ykelty/hw5/hw5_tests/save_tests/save_tests" "--gtest_filter=Save.AddTweet"
Directory: /home/cs104/hw-ykelty/hw5/hw5_tests/save_tests
"Save.AddTweet" start time: Jul 12 13:34 PDT
Output:
----------------------------------------------------------
valgrind: /home/cs104/hw-ykelty/hw5/hw5_tests/save_tests/save_tests: No such file or directory
<end of output>
Test time =   0.01 sec
----------------------------------------------------------
Test Failed.
"Save.AddTweet" end time: Jul 12 13:34 PDT
"Save.AddTweet" time elapsed: 00:00:00
----------------------------------------------------------

End testing: Jul 12 13:34 PDT
