Start testing: Jul 10 10:34 PDT
----------------------------------------------------------
1/59 Testing: BST.ConstructionDestruction
1/59 Test: BST.ConstructionDestruction
Command: "/usr/bin/valgrind" "--tool=memcheck" "--leak-check=yes" "--trace-children=no" "--error-exitcode=113" "/home/cs104/hw-ykelty/hw7/hw7_check/bst_tests/bst_tests" "--gtest_filter=BST.ConstructionDestruction"
Directory: /home/cs104/hw-ykelty/hw7/hw7_check/bst_tests
"BST.ConstructionDestruction" start time: Jul 10 10:34 PDT
Output:
----------------------------------------------------------
==18363== Memcheck, a memory error detector
==18363== Copyright (C) 2002-2017, and GNU GPL'd, by Julian Seward et al.
==18363== Using Valgrind-3.13.0 and LibVEX; rerun with -h for copyright info
==18363== Command: /home/cs104/hw-ykelty/hw7/hw7_check/bst_tests/bst_tests --gtest_filter=BST.ConstructionDestruction
==18363== 
Running main() from gtest_main.cc
Note: Google Test filter = BST.ConstructionDestruction
[==========] Running 1 test from 1 test case.
[----------] Global test environment set-up.
[----------] 1 test from BST
[ RUN      ] BST.ConstructionDestruction
[       OK ] BST.ConstructionDestruction (6 ms)
[----------] 1 test from BST (12 ms total)

[----------] Global test environment tear-down
[==========] 1 test from 1 test case ran. (42 ms total)
[  PASSED  ] 1 test.
==18363== 
==18363== HEAP SUMMARY:
==18363==     in use at exit: 72,704 bytes in 1 blocks
==18363==   total heap usage: 383 allocs, 382 frees, 133,008 bytes allocated
==18363== 
==18363== LEAK SUMMARY:
==18363==    definitely lost: 0 bytes in 0 blocks
==18363==    indirectly lost: 0 bytes in 0 blocks
==18363==      possibly lost: 0 bytes in 0 blocks
==18363==    still reachable: 0 bytes in 0 blocks
==18363==         suppressed: 72,704 bytes in 1 blocks
==18363== 
==18363== For counts of detected and suppressed errors, rerun with: -v
==18363== ERROR SUMMARY: 0 errors from 0 contexts (suppressed: 0 from 0)
<end of output>
Test time =   0.89 sec
----------------------------------------------------------
Test Passed.
"BST.ConstructionDestruction" end time: Jul 10 10:34 PDT
"BST.ConstructionDestruction" time elapsed: 00:00:00
----------------------------------------------------------

2/59 Testing: BSTInsert.JustRoot
2/59 Test: BSTInsert.JustRoot
Command: "/usr/bin/valgrind" "--tool=memcheck" "--leak-check=yes" "--trace-children=no" "--error-exitcode=113" "/home/cs104/hw-ykelty/hw7/hw7_check/bst_tests/bst_tests" "--gtest_filter=BSTInsert.JustRoot"
Directory: /home/cs104/hw-ykelty/hw7/hw7_check/bst_tests
"BSTInsert.JustRoot" start time: Jul 10 10:34 PDT
Output:
----------------------------------------------------------
==18364== Memcheck, a memory error detector
==18364== Copyright (C) 2002-2017, and GNU GPL'd, by Julian Seward et al.
==18364== Using Valgrind-3.13.0 and LibVEX; rerun with -h for copyright info
==18364== Command: /home/cs104/hw-ykelty/hw7/hw7_check/bst_tests/bst_tests --gtest_filter=BSTInsert.JustRoot
==18364== 
Running main() from gtest_main.cc
Note: Google Test filter = BSTInsert.JustRoot
[==========] Running 1 test from 1 test case.
[----------] Global test environment set-up.
[----------] 1 test from BSTInsert
[ RUN      ] BSTInsert.JustRoot
[       OK ] BSTInsert.JustRoot (34 ms)
[----------] 1 test from BSTInsert (42 ms total)

[----------] Global test environment tear-down
[==========] 1 test from 1 test case ran. (73 ms total)
[  PASSED  ] 1 test.
==18364== 
==18364== HEAP SUMMARY:
==18364==     in use at exit: 72,704 bytes in 1 blocks
==18364==   total heap usage: 385 allocs, 384 frees, 133,105 bytes allocated
==18364== 
==18364== LEAK SUMMARY:
==18364==    definitely lost: 0 bytes in 0 blocks
==18364==    indirectly lost: 0 bytes in 0 blocks
==18364==      possibly lost: 0 bytes in 0 blocks
==18364==    still reachable: 0 bytes in 0 blocks
==18364==         suppressed: 72,704 bytes in 1 blocks
==18364== 
==18364== For counts of detected and suppressed errors, rerun with: -v
==18364== ERROR SUMMARY: 0 errors from 0 contexts (suppressed: 0 from 0)
<end of output>
Test time =   0.89 sec
----------------------------------------------------------
Test Passed.
"BSTInsert.JustRoot" end time: Jul 10 10:34 PDT
"BSTInsert.JustRoot" time elapsed: 00:00:00
----------------------------------------------------------

3/59 Testing: BSTInsert.DoubleInsertLeft
3/59 Test: BSTInsert.DoubleInsertLeft
Command: "/usr/bin/valgrind" "--tool=memcheck" "--leak-check=yes" "--trace-children=no" "--error-exitcode=113" "/home/cs104/hw-ykelty/hw7/hw7_check/bst_tests/bst_tests" "--gtest_filter=BSTInsert.DoubleInsertLeft"
Directory: /home/cs104/hw-ykelty/hw7/hw7_check/bst_tests
"BSTInsert.DoubleInsertLeft" start time: Jul 10 10:34 PDT
Output:
----------------------------------------------------------
==18365== Memcheck, a memory error detector
==18365== Copyright (C) 2002-2017, and GNU GPL'd, by Julian Seward et al.
==18365== Using Valgrind-3.13.0 and LibVEX; rerun with -h for copyright info
==18365== Command: /home/cs104/hw-ykelty/hw7/hw7_check/bst_tests/bst_tests --gtest_filter=BSTInsert.DoubleInsertLeft
==18365== 
Running main() from gtest_main.cc
Note: Google Test filter = BSTInsert.DoubleInsertLeft
[==========] Running 1 test from 1 test case.
[----------] Global test environment set-up.
[----------] 1 test from BSTInsert
[ RUN      ] BSTInsert.DoubleInsertLeft
[       OK ] BSTInsert.DoubleInsertLeft (41 ms)
[----------] 1 test from BSTInsert (50 ms total)

[----------] Global test environment tear-down
[==========] 1 test from 1 test case ran. (87 ms total)
[  PASSED  ] 1 test.
==18365== 
==18365== HEAP SUMMARY:
==18365==     in use at exit: 72,704 bytes in 1 blocks
==18365==   total heap usage: 387 allocs, 386 frees, 133,161 bytes allocated
==18365== 
==18365== LEAK SUMMARY:
==18365==    definitely lost: 0 bytes in 0 blocks
==18365==    indirectly lost: 0 bytes in 0 blocks
==18365==      possibly lost: 0 bytes in 0 blocks
==18365==    still reachable: 0 bytes in 0 blocks
==18365==         suppressed: 72,704 bytes in 1 blocks
==18365== 
==18365== For counts of detected and suppressed errors, rerun with: -v
==18365== ERROR SUMMARY: 0 errors from 0 contexts (suppressed: 0 from 0)
<end of output>
Test time =   0.94 sec
----------------------------------------------------------
Test Passed.
"BSTInsert.DoubleInsertLeft" end time: Jul 10 10:34 PDT
"BSTInsert.DoubleInsertLeft" time elapsed: 00:00:00
----------------------------------------------------------

4/59 Testing: BSTInsert.DoubleInsertRight
4/59 Test: BSTInsert.DoubleInsertRight
Command: "/usr/bin/valgrind" "--tool=memcheck" "--leak-check=yes" "--trace-children=no" "--error-exitcode=113" "/home/cs104/hw-ykelty/hw7/hw7_check/bst_tests/bst_tests" "--gtest_filter=BSTInsert.DoubleInsertRight"
Directory: /home/cs104/hw-ykelty/hw7/hw7_check/bst_tests
"BSTInsert.DoubleInsertRight" start time: Jul 10 10:34 PDT
Output:
----------------------------------------------------------
==18366== Memcheck, a memory error detector
==18366== Copyright (C) 2002-2017, and GNU GPL'd, by Julian Seward et al.
==18366== Using Valgrind-3.13.0 and LibVEX; rerun with -h for copyright info
==18366== Command: /home/cs104/hw-ykelty/hw7/hw7_check/bst_tests/bst_tests --gtest_filter=BSTInsert.DoubleInsertRight
==18366== 
Running main() from gtest_main.cc
Note: Google Test filter = BSTInsert.DoubleInsertRight
[==========] Running 1 test from 1 test case.
[----------] Global test environment set-up.
[----------] 1 test from BSTInsert
[ RUN      ] BSTInsert.DoubleInsertRight
[       OK ] BSTInsert.DoubleInsertRight (34 ms)
[----------] 1 test from BSTInsert (40 ms total)

[----------] Global test environment tear-down
[==========] 1 test from 1 test case ran. (71 ms total)
[  PASSED  ] 1 test.
==18366== 
==18366== HEAP SUMMARY:
==18366==     in use at exit: 72,704 bytes in 1 blocks
==18366==   total heap usage: 387 allocs, 386 frees, 133,168 bytes allocated
==18366== 
==18366== LEAK SUMMARY:
==18366==    definitely lost: 0 bytes in 0 blocks
==18366==    indirectly lost: 0 bytes in 0 blocks
==18366==      possibly lost: 0 bytes in 0 blocks
==18366==    still reachable: 0 bytes in 0 blocks
==18366==         suppressed: 72,704 bytes in 1 blocks
==18366== 
==18366== For counts of detected and suppressed errors, rerun with: -v
==18366== ERROR SUMMARY: 0 errors from 0 contexts (suppressed: 0 from 0)
<end of output>
Test time =   0.89 sec
----------------------------------------------------------
Test Passed.
"BSTInsert.DoubleInsertRight" end time: Jul 10 10:34 PDT
"BSTInsert.DoubleInsertRight" time elapsed: 00:00:00
----------------------------------------------------------

5/59 Testing: BSTInsert.InsertZigZigLeft
5/59 Test: BSTInsert.InsertZigZigLeft
Command: "/usr/bin/valgrind" "--tool=memcheck" "--leak-check=yes" "--trace-children=no" "--error-exitcode=113" "/home/cs104/hw-ykelty/hw7/hw7_check/bst_tests/bst_tests" "--gtest_filter=BSTInsert.InsertZigZigLeft"
Directory: /home/cs104/hw-ykelty/hw7/hw7_check/bst_tests
"BSTInsert.InsertZigZigLeft" start time: Jul 10 10:34 PDT
Output:
----------------------------------------------------------
==18367== Memcheck, a memory error detector
==18367== Copyright (C) 2002-2017, and GNU GPL'd, by Julian Seward et al.
==18367== Using Valgrind-3.13.0 and LibVEX; rerun with -h for copyright info
==18367== Command: /home/cs104/hw-ykelty/hw7/hw7_check/bst_tests/bst_tests --gtest_filter=BSTInsert.InsertZigZigLeft
==18367== 
Running main() from gtest_main.cc
Note: Google Test filter = BSTInsert.InsertZigZigLeft
[==========] Running 1 test from 1 test case.
[----------] Global test environment set-up.
[----------] 1 test from BSTInsert
[ RUN      ] BSTInsert.InsertZigZigLeft
[       OK ] BSTInsert.InsertZigZigLeft (36 ms)
[----------] 1 test from BSTInsert (42 ms total)

[----------] Global test environment tear-down
[==========] 1 test from 1 test case ran. (73 ms total)
[  PASSED  ] 1 test.
==18367== 
==18367== HEAP SUMMARY:
==18367==     in use at exit: 72,704 bytes in 1 blocks
==18367==   total heap usage: 389 allocs, 388 frees, 133,241 bytes allocated
==18367== 
==18367== LEAK SUMMARY:
==18367==    definitely lost: 0 bytes in 0 blocks
==18367==    indirectly lost: 0 bytes in 0 blocks
==18367==      possibly lost: 0 bytes in 0 blocks
==18367==    still reachable: 0 bytes in 0 blocks
==18367==         suppressed: 72,704 bytes in 1 blocks
==18367== 
==18367== For counts of detected and suppressed errors, rerun with: -v
==18367== ERROR SUMMARY: 0 errors from 0 contexts (suppressed: 0 from 0)
<end of output>
Test time =   0.88 sec
----------------------------------------------------------
Test Passed.
"BSTInsert.InsertZigZigLeft" end time: Jul 10 10:34 PDT
"BSTInsert.InsertZigZigLeft" time elapsed: 00:00:00
----------------------------------------------------------

6/59 Testing: BSTInsert.InsertZigZigRight
6/59 Test: BSTInsert.InsertZigZigRight
Command: "/usr/bin/valgrind" "--tool=memcheck" "--leak-check=yes" "--trace-children=no" "--error-exitcode=113" "/home/cs104/hw-ykelty/hw7/hw7_check/bst_tests/bst_tests" "--gtest_filter=BSTInsert.InsertZigZigRight"
Directory: /home/cs104/hw-ykelty/hw7/hw7_check/bst_tests
"BSTInsert.InsertZigZigRight" start time: Jul 10 10:34 PDT
Output:
----------------------------------------------------------
==18368== Memcheck, a memory error detector
==18368== Copyright (C) 2002-2017, and GNU GPL'd, by Julian Seward et al.
==18368== Using Valgrind-3.13.0 and LibVEX; rerun with -h for copyright info
==18368== Command: /home/cs104/hw-ykelty/hw7/hw7_check/bst_tests/bst_tests --gtest_filter=BSTInsert.InsertZigZigRight
==18368== 
Running main() from gtest_main.cc
Note: Google Test filter = BSTInsert.InsertZigZigRight
[==========] Running 1 test from 1 test case.
[----------] Global test environment set-up.
[----------] 1 test from BSTInsert
[ RUN      ] BSTInsert.InsertZigZigRight
[       OK ] BSTInsert.InsertZigZigRight (37 ms)
[----------] 1 test from BSTInsert (43 ms total)

[----------] Global test environment tear-down
[==========] 1 test from 1 test case ran. (74 ms total)
[  PASSED  ] 1 test.
==18368== 
==18368== HEAP SUMMARY:
==18368==     in use at exit: 72,704 bytes in 1 blocks
==18368==   total heap usage: 389 allocs, 388 frees, 133,248 bytes allocated
==18368== 
==18368== LEAK SUMMARY:
==18368==    definitely lost: 0 bytes in 0 blocks
==18368==    indirectly lost: 0 bytes in 0 blocks
==18368==      possibly lost: 0 bytes in 0 blocks
==18368==    still reachable: 0 bytes in 0 blocks
==18368==         suppressed: 72,704 bytes in 1 blocks
==18368== 
==18368== For counts of detected and suppressed errors, rerun with: -v
==18368== ERROR SUMMARY: 0 errors from 0 contexts (suppressed: 0 from 0)
<end of output>
Test time =   0.89 sec
----------------------------------------------------------
Test Passed.
"BSTInsert.InsertZigZigRight" end time: Jul 10 10:34 PDT
"BSTInsert.InsertZigZigRight" time elapsed: 00:00:00
----------------------------------------------------------

7/59 Testing: BSTInsert.InsertZigZagLeft
7/59 Test: BSTInsert.InsertZigZagLeft
Command: "/usr/bin/valgrind" "--tool=memcheck" "--leak-check=yes" "--trace-children=no" "--error-exitcode=113" "/home/cs104/hw-ykelty/hw7/hw7_check/bst_tests/bst_tests" "--gtest_filter=BSTInsert.InsertZigZagLeft"
Directory: /home/cs104/hw-ykelty/hw7/hw7_check/bst_tests
"BSTInsert.InsertZigZagLeft" start time: Jul 10 10:34 PDT
Output:
----------------------------------------------------------
==18369== Memcheck, a memory error detector
==18369== Copyright (C) 2002-2017, and GNU GPL'd, by Julian Seward et al.
==18369== Using Valgrind-3.13.0 and LibVEX; rerun with -h for copyright info
==18369== Command: /home/cs104/hw-ykelty/hw7/hw7_check/bst_tests/bst_tests --gtest_filter=BSTInsert.InsertZigZagLeft
==18369== 
Running main() from gtest_main.cc
Note: Google Test filter = BSTInsert.InsertZigZagLeft
[==========] Running 1 test from 1 test case.
[----------] Global test environment set-up.
[----------] 1 test from BSTInsert
[ RUN      ] BSTInsert.InsertZigZagLeft
[       OK ] BSTInsert.InsertZigZagLeft (39 ms)
[----------] 1 test from BSTInsert (47 ms total)

[----------] Global test environment tear-down
[==========] 1 test from 1 test case ran. (77 ms total)
[  PASSED  ] 1 test.
==18369== 
==18369== HEAP SUMMARY:
==18369==     in use at exit: 72,704 bytes in 1 blocks
==18369==   total heap usage: 389 allocs, 388 frees, 133,241 bytes allocated
==18369== 
==18369== LEAK SUMMARY:
==18369==    definitely lost: 0 bytes in 0 blocks
==18369==    indirectly lost: 0 bytes in 0 blocks
==18369==      possibly lost: 0 bytes in 0 blocks
==18369==    still reachable: 0 bytes in 0 blocks
==18369==         suppressed: 72,704 bytes in 1 blocks
==18369== 
==18369== For counts of detected and suppressed errors, rerun with: -v
==18369== ERROR SUMMARY: 0 errors from 0 contexts (suppressed: 0 from 0)
<end of output>
Test time =   0.88 sec
----------------------------------------------------------
Test Passed.
"BSTInsert.InsertZigZagLeft" end time: Jul 10 10:34 PDT
"BSTInsert.InsertZigZagLeft" time elapsed: 00:00:00
----------------------------------------------------------

8/59 Testing: BSTInsert.InsertZigZagRight
8/59 Test: BSTInsert.InsertZigZagRight
Command: "/usr/bin/valgrind" "--tool=memcheck" "--leak-check=yes" "--trace-children=no" "--error-exitcode=113" "/home/cs104/hw-ykelty/hw7/hw7_check/bst_tests/bst_tests" "--gtest_filter=BSTInsert.InsertZigZagRight"
Directory: /home/cs104/hw-ykelty/hw7/hw7_check/bst_tests
"BSTInsert.InsertZigZagRight" start time: Jul 10 10:34 PDT
Output:
----------------------------------------------------------
==18370== Memcheck, a memory error detector
==18370== Copyright (C) 2002-2017, and GNU GPL'd, by Julian Seward et al.
==18370== Using Valgrind-3.13.0 and LibVEX; rerun with -h for copyright info
==18370== Command: /home/cs104/hw-ykelty/hw7/hw7_check/bst_tests/bst_tests --gtest_filter=BSTInsert.InsertZigZagRight
==18370== 
Running main() from gtest_main.cc
Note: Google Test filter = BSTInsert.InsertZigZagRight
[==========] Running 1 test from 1 test case.
[----------] Global test environment set-up.
[----------] 1 test from BSTInsert
[ RUN      ] BSTInsert.InsertZigZagRight
[       OK ] BSTInsert.InsertZigZagRight (39 ms)
[----------] 1 test from BSTInsert (46 ms total)

[----------] Global test environment tear-down
[==========] 1 test from 1 test case ran. (75 ms total)
[  PASSED  ] 1 test.
==18370== 
==18370== HEAP SUMMARY:
==18370==     in use at exit: 72,704 bytes in 1 blocks
==18370==   total heap usage: 389 allocs, 388 frees, 133,248 bytes allocated
==18370== 
==18370== LEAK SUMMARY:
==18370==    definitely lost: 0 bytes in 0 blocks
==18370==    indirectly lost: 0 bytes in 0 blocks
==18370==      possibly lost: 0 bytes in 0 blocks
==18370==    still reachable: 0 bytes in 0 blocks
==18370==         suppressed: 72,704 bytes in 1 blocks
==18370== 
==18370== For counts of detected and suppressed errors, rerun with: -v
==18370== ERROR SUMMARY: 0 errors from 0 contexts (suppressed: 0 from 0)
<end of output>
Test time =   0.88 sec
----------------------------------------------------------
Test Passed.
"BSTInsert.InsertZigZagRight" end time: Jul 10 10:34 PDT
"BSTInsert.InsertZigZagRight" time elapsed: 00:00:00
----------------------------------------------------------

9/59 Testing: BSTInsert.7Elements
9/59 Test: BSTInsert.7Elements
Command: "/usr/bin/valgrind" "--tool=memcheck" "--leak-check=yes" "--trace-children=no" "--error-exitcode=113" "/home/cs104/hw-ykelty/hw7/hw7_check/bst_tests/bst_tests" "--gtest_filter=BSTInsert.7Elements"
Directory: /home/cs104/hw-ykelty/hw7/hw7_check/bst_tests
"BSTInsert.7Elements" start time: Jul 10 10:34 PDT
Output:
----------------------------------------------------------
==18371== Memcheck, a memory error detector
==18371== Copyright (C) 2002-2017, and GNU GPL'd, by Julian Seward et al.
==18371== Using Valgrind-3.13.0 and LibVEX; rerun with -h for copyright info
==18371== Command: /home/cs104/hw-ykelty/hw7/hw7_check/bst_tests/bst_tests --gtest_filter=BSTInsert.7Elements
==18371== 
Running main() from gtest_main.cc
Note: Google Test filter = BSTInsert.7Elements
[==========] Running 1 test from 1 test case.
[----------] Global test environment set-up.
[----------] 1 test from BSTInsert
[ RUN      ] BSTInsert.7Elements
[       OK ] BSTInsert.7Elements (47 ms)
[----------] 1 test from BSTInsert (53 ms total)

[----------] Global test environment tear-down
[==========] 1 test from 1 test case ran. (83 ms total)
[  PASSED  ] 1 test.
==18371== 
==18371== HEAP SUMMARY:
==18371==     in use at exit: 72,704 bytes in 1 blocks
==18371==   total heap usage: 397 allocs, 396 frees, 133,512 bytes allocated
==18371== 
==18371== LEAK SUMMARY:
==18371==    definitely lost: 0 bytes in 0 blocks
==18371==    indirectly lost: 0 bytes in 0 blocks
==18371==      possibly lost: 0 bytes in 0 blocks
==18371==    still reachable: 0 bytes in 0 blocks
==18371==         suppressed: 72,704 bytes in 1 blocks
==18371== 
==18371== For counts of detected and suppressed errors, rerun with: -v
==18371== ERROR SUMMARY: 0 errors from 0 contexts (suppressed: 0 from 0)
<end of output>
Test time =   0.90 sec
----------------------------------------------------------
Test Passed.
"BSTInsert.7Elements" end time: Jul 10 10:34 PDT
"BSTInsert.7Elements" time elapsed: 00:00:00
----------------------------------------------------------

10/59 Testing: BSTClear.Clear
10/59 Test: BSTClear.Clear
Command: "/usr/bin/valgrind" "--tool=memcheck" "--leak-check=yes" "--trace-children=no" "--error-exitcode=113" "/home/cs104/hw-ykelty/hw7/hw7_check/bst_tests/bst_tests" "--gtest_filter=BSTClear.Clear"
Directory: /home/cs104/hw-ykelty/hw7/hw7_check/bst_tests
"BSTClear.Clear" start time: Jul 10 10:34 PDT
Output:
----------------------------------------------------------
==18372== Memcheck, a memory error detector
==18372== Copyright (C) 2002-2017, and GNU GPL'd, by Julian Seward et al.
==18372== Using Valgrind-3.13.0 and LibVEX; rerun with -h for copyright info
==18372== Command: /home/cs104/hw-ykelty/hw7/hw7_check/bst_tests/bst_tests --gtest_filter=BSTClear.Clear
==18372== 
Running main() from gtest_main.cc
Note: Google Test filter = BSTClear.Clear
[==========] Running 1 test from 1 test case.
[----------] Global test environment set-up.
[----------] 1 test from BSTClear
[ RUN      ] BSTClear.Clear
[       OK ] BSTClear.Clear (18 ms)
[----------] 1 test from BSTClear (24 ms total)

[----------] Global test environment tear-down
[==========] 1 test from 1 test case ran. (55 ms total)
[  PASSED  ] 1 test.
==18372== 
==18372== HEAP SUMMARY:
==18372==     in use at exit: 72,704 bytes in 1 blocks
==18372==   total heap usage: 352 allocs, 351 frees, 131,974 bytes allocated
==18372== 
==18372== LEAK SUMMARY:
==18372==    definitely lost: 0 bytes in 0 blocks
==18372==    indirectly lost: 0 bytes in 0 blocks
==18372==      possibly lost: 0 bytes in 0 blocks
==18372==    still reachable: 0 bytes in 0 blocks
==18372==         suppressed: 72,704 bytes in 1 blocks
==18372== 
==18372== For counts of detected and suppressed errors, rerun with: -v
==18372== ERROR SUMMARY: 0 errors from 0 contexts (suppressed: 0 from 0)
<end of output>
Test time =   0.87 sec
----------------------------------------------------------
Test Passed.
"BSTClear.Clear" end time: Jul 10 10:34 PDT
"BSTClear.Clear" time elapsed: 00:00:00
----------------------------------------------------------

11/59 Testing: BSTFind.InvalidFind
11/59 Test: BSTFind.InvalidFind
Command: "/usr/bin/valgrind" "--tool=memcheck" "--leak-check=yes" "--trace-children=no" "--error-exitcode=113" "/home/cs104/hw-ykelty/hw7/hw7_check/bst_tests/bst_tests" "--gtest_filter=BSTFind.InvalidFind"
Directory: /home/cs104/hw-ykelty/hw7/hw7_check/bst_tests
"BSTFind.InvalidFind" start time: Jul 10 10:34 PDT
Output:
----------------------------------------------------------
==18373== Memcheck, a memory error detector
==18373== Copyright (C) 2002-2017, and GNU GPL'd, by Julian Seward et al.
==18373== Using Valgrind-3.13.0 and LibVEX; rerun with -h for copyright info
==18373== Command: /home/cs104/hw-ykelty/hw7/hw7_check/bst_tests/bst_tests --gtest_filter=BSTFind.InvalidFind
==18373== 
Running main() from gtest_main.cc
Note: Google Test filter = BSTFind.InvalidFind
[==========] Running 1 test from 1 test case.
[----------] Global test environment set-up.
[----------] 1 test from BSTFind
[ RUN      ] BSTFind.InvalidFind
[       OK ] BSTFind.InvalidFind (14 ms)
[----------] 1 test from BSTFind (22 ms total)

[----------] Global test environment tear-down
[==========] 1 test from 1 test case ran. (57 ms total)
[  PASSED  ] 1 test.
==18373== 
==18373== HEAP SUMMARY:
==18373==     in use at exit: 72,704 bytes in 1 blocks
==18373==   total heap usage: 385 allocs, 384 frees, 133,032 bytes allocated
==18373== 
==18373== LEAK SUMMARY:
==18373==    definitely lost: 0 bytes in 0 blocks
==18373==    indirectly lost: 0 bytes in 0 blocks
==18373==      possibly lost: 0 bytes in 0 blocks
==18373==    still reachable: 0 bytes in 0 blocks
==18373==         suppressed: 72,704 bytes in 1 blocks
==18373== 
==18373== For counts of detected and suppressed errors, rerun with: -v
==18373== ERROR SUMMARY: 0 errors from 0 contexts (suppressed: 0 from 0)
<end of output>
Test time =   0.94 sec
----------------------------------------------------------
Test Passed.
"BSTFind.InvalidFind" end time: Jul 10 10:34 PDT
"BSTFind.InvalidFind" time elapsed: 00:00:00
----------------------------------------------------------

12/59 Testing: BSTInsert.Duplicates
12/59 Test: BSTInsert.Duplicates
Command: "/usr/bin/valgrind" "--tool=memcheck" "--leak-check=yes" "--trace-children=no" "--error-exitcode=113" "/home/cs104/hw-ykelty/hw7/hw7_check/bst_tests/bst_tests" "--gtest_filter=BSTInsert.Duplicates"
Directory: /home/cs104/hw-ykelty/hw7/hw7_check/bst_tests
"BSTInsert.Duplicates" start time: Jul 10 10:34 PDT
Output:
----------------------------------------------------------
==18374== Memcheck, a memory error detector
==18374== Copyright (C) 2002-2017, and GNU GPL'd, by Julian Seward et al.
==18374== Using Valgrind-3.13.0 and LibVEX; rerun with -h for copyright info
==18374== Command: /home/cs104/hw-ykelty/hw7/hw7_check/bst_tests/bst_tests --gtest_filter=BSTInsert.Duplicates
==18374== 
Running main() from gtest_main.cc
Note: Google Test filter = BSTInsert.Duplicates
[==========] Running 1 test from 1 test case.
[----------] Global test environment set-up.
[----------] 1 test from BSTInsert
[ RUN      ] BSTInsert.Duplicates
[       OK ] BSTInsert.Duplicates (44 ms)
[----------] 1 test from BSTInsert (51 ms total)

[----------] Global test environment tear-down
[==========] 1 test from 1 test case ran. (82 ms total)
[  PASSED  ] 1 test.
==18374== 
==18374== HEAP SUMMARY:
==18374==     in use at exit: 72,704 bytes in 1 blocks
==18374==   total heap usage: 391 allocs, 390 frees, 133,279 bytes allocated
==18374== 
==18374== LEAK SUMMARY:
==18374==    definitely lost: 0 bytes in 0 blocks
==18374==    indirectly lost: 0 bytes in 0 blocks
==18374==      possibly lost: 0 bytes in 0 blocks
==18374==    still reachable: 0 bytes in 0 blocks
==18374==         suppressed: 72,704 bytes in 1 blocks
==18374== 
==18374== For counts of detected and suppressed errors, rerun with: -v
==18374== ERROR SUMMARY: 0 errors from 0 contexts (suppressed: 0 from 0)
<end of output>
Test time =   0.92 sec
----------------------------------------------------------
Test Passed.
"BSTInsert.Duplicates" end time: Jul 10 10:34 PDT
"BSTInsert.Duplicates" time elapsed: 00:00:00
----------------------------------------------------------

13/59 Testing: BSTInsert.BasicRandom
13/59 Test: BSTInsert.BasicRandom
Command: "/usr/bin/valgrind" "--tool=memcheck" "--leak-check=yes" "--trace-children=no" "--error-exitcode=113" "/home/cs104/hw-ykelty/hw7/hw7_check/bst_tests/bst_tests" "--gtest_filter=BSTInsert.BasicRandom"
Directory: /home/cs104/hw-ykelty/hw7/hw7_check/bst_tests
"BSTInsert.BasicRandom" start time: Jul 10 10:34 PDT
Output:
----------------------------------------------------------
==18375== Memcheck, a memory error detector
==18375== Copyright (C) 2002-2017, and GNU GPL'd, by Julian Seward et al.
==18375== Using Valgrind-3.13.0 and LibVEX; rerun with -h for copyright info
==18375== Command: /home/cs104/hw-ykelty/hw7/hw7_check/bst_tests/bst_tests --gtest_filter=BSTInsert.BasicRandom
==18375== 
Running main() from gtest_main.cc
Note: Google Test filter = BSTInsert.BasicRandom
[==========] Running 1 test from 1 test case.
[----------] Global test environment set-up.
[----------] 1 test from BSTInsert
[ RUN      ] BSTInsert.BasicRandom
[       OK ] BSTInsert.BasicRandom (64 ms)
[----------] 1 test from BSTInsert (71 ms total)

[----------] Global test environment tear-down
[==========] 1 test from 1 test case ran. (106 ms total)
[  PASSED  ] 1 test.
==18375== 
==18375== HEAP SUMMARY:
==18375==     in use at exit: 72,704 bytes in 1 blocks
==18375==   total heap usage: 404 allocs, 403 frees, 133,806 bytes allocated
==18375== 
==18375== LEAK SUMMARY:
==18375==    definitely lost: 0 bytes in 0 blocks
==18375==    indirectly lost: 0 bytes in 0 blocks
==18375==      possibly lost: 0 bytes in 0 blocks
==18375==    still reachable: 0 bytes in 0 blocks
==18375==         suppressed: 72,704 bytes in 1 blocks
==18375== 
==18375== For counts of detected and suppressed errors, rerun with: -v
==18375== ERROR SUMMARY: 0 errors from 0 contexts (suppressed: 0 from 0)
<end of output>
Test time =   0.98 sec
----------------------------------------------------------
Test Passed.
"BSTInsert.BasicRandom" end time: Jul 10 10:34 PDT
"BSTInsert.BasicRandom" time elapsed: 00:00:00
----------------------------------------------------------

14/59 Testing: BSTInsert.Random50x30ele
14/59 Test: BSTInsert.Random50x30ele
Command: "/usr/bin/valgrind" "--tool=memcheck" "--leak-check=yes" "--trace-children=no" "--error-exitcode=113" "/home/cs104/hw-ykelty/hw7/hw7_check/bst_tests/bst_tests" "--gtest_filter=BSTInsert.Random50x30ele"
Directory: /home/cs104/hw-ykelty/hw7/hw7_check/bst_tests
"BSTInsert.Random50x30ele" start time: Jul 10 10:34 PDT
Output:
----------------------------------------------------------
==18376== Memcheck, a memory error detector
==18376== Copyright (C) 2002-2017, and GNU GPL'd, by Julian Seward et al.
==18376== Using Valgrind-3.13.0 and LibVEX; rerun with -h for copyright info
==18376== Command: /home/cs104/hw-ykelty/hw7/hw7_check/bst_tests/bst_tests --gtest_filter=BSTInsert.Random50x30ele
==18376== 
Running main() from gtest_main.cc
Note: Google Test filter = BSTInsert.Random50x30ele
[==========] Running 1 test from 1 test case.
[----------] Global test environment set-up.
[----------] 1 test from BSTInsert
[ RUN      ] BSTInsert.Random50x30ele
[       OK ] BSTInsert.Random50x30ele (210 ms)
[----------] 1 test from BSTInsert (216 ms total)

[----------] Global test environment tear-down
[==========] 1 test from 1 test case ran. (247 ms total)
[  PASSED  ] 1 test.
==18376== 
==18376== HEAP SUMMARY:
==18376==     in use at exit: 72,704 bytes in 1 blocks
==18376==   total heap usage: 3,534 allocs, 3,533 frees, 263,387 bytes allocated
==18376== 
==18376== LEAK SUMMARY:
==18376==    definitely lost: 0 bytes in 0 blocks
==18376==    indirectly lost: 0 bytes in 0 blocks
==18376==      possibly lost: 0 bytes in 0 blocks
==18376==    still reachable: 0 bytes in 0 blocks
==18376==         suppressed: 72,704 bytes in 1 blocks
==18376== 
==18376== For counts of detected and suppressed errors, rerun with: -v
==18376== ERROR SUMMARY: 0 errors from 0 contexts (suppressed: 0 from 0)
<end of output>
Test time =   1.07 sec
----------------------------------------------------------
Test Passed.
"BSTInsert.Random50x30ele" end time: Jul 10 10:34 PDT
"BSTInsert.Random50x30ele" time elapsed: 00:00:01
----------------------------------------------------------

15/59 Testing: BSTInsert.Random3x5000ele
15/59 Test: BSTInsert.Random3x5000ele
Command: "/usr/bin/valgrind" "--tool=memcheck" "--leak-check=yes" "--trace-children=no" "--error-exitcode=113" "/home/cs104/hw-ykelty/hw7/hw7_check/bst_tests/bst_tests" "--gtest_filter=BSTInsert.Random3x5000ele"
Directory: /home/cs104/hw-ykelty/hw7/hw7_check/bst_tests
"BSTInsert.Random3x5000ele" start time: Jul 10 10:34 PDT
Output:
----------------------------------------------------------
==18377== Memcheck, a memory error detector
==18377== Copyright (C) 2002-2017, and GNU GPL'd, by Julian Seward et al.
==18377== Using Valgrind-3.13.0 and LibVEX; rerun with -h for copyright info
==18377== Command: /home/cs104/hw-ykelty/hw7/hw7_check/bst_tests/bst_tests --gtest_filter=BSTInsert.Random3x5000ele
==18377== 
Running main() from gtest_main.cc
Note: Google Test filter = BSTInsert.Random3x5000ele
[==========] Running 1 test from 1 test case.
[----------] Global test environment set-up.
[----------] 1 test from BSTInsert
[ RUN      ] BSTInsert.Random3x5000ele
[       OK ] BSTInsert.Random3x5000ele (892 ms)
[----------] 1 test from BSTInsert (898 ms total)

[----------] Global test environment tear-down
[==========] 1 test from 1 test case ran. (930 ms total)
[  PASSED  ] 1 test.
==18377== 
==18377== HEAP SUMMARY:
==18377==     in use at exit: 72,704 bytes in 1 blocks
==18377==   total heap usage: 30,393 allocs, 30,392 frees, 1,393,258 bytes allocated
==18377== 
==18377== LEAK SUMMARY:
==18377==    definitely lost: 0 bytes in 0 blocks
==18377==    indirectly lost: 0 bytes in 0 blocks
==18377==      possibly lost: 0 bytes in 0 blocks
==18377==    still reachable: 0 bytes in 0 blocks
==18377==         suppressed: 72,704 bytes in 1 blocks
==18377== 
==18377== For counts of detected and suppressed errors, rerun with: -v
==18377== ERROR SUMMARY: 0 errors from 0 contexts (suppressed: 0 from 0)
<end of output>
Test time =   1.87 sec
----------------------------------------------------------
Test Passed.
"BSTInsert.Random3x5000ele" end time: Jul 10 10:34 PDT
"BSTInsert.Random3x5000ele" time elapsed: 00:00:01
----------------------------------------------------------

16/59 Testing: BSTRemove.EmptyTree
16/59 Test: BSTRemove.EmptyTree
Command: "/usr/bin/valgrind" "--tool=memcheck" "--leak-check=yes" "--trace-children=no" "--error-exitcode=113" "/home/cs104/hw-ykelty/hw7/hw7_check/bst_tests/bst_tests" "--gtest_filter=BSTRemove.EmptyTree"
Directory: /home/cs104/hw-ykelty/hw7/hw7_check/bst_tests
"BSTRemove.EmptyTree" start time: Jul 10 10:34 PDT
Output:
----------------------------------------------------------
==18378== Memcheck, a memory error detector
==18378== Copyright (C) 2002-2017, and GNU GPL'd, by Julian Seward et al.
==18378== Using Valgrind-3.13.0 and LibVEX; rerun with -h for copyright info
==18378== Command: /home/cs104/hw-ykelty/hw7/hw7_check/bst_tests/bst_tests --gtest_filter=BSTRemove.EmptyTree
==18378== 
Running main() from gtest_main.cc
Note: Google Test filter = BSTRemove.EmptyTree
[==========] Running 1 test from 1 test case.
[----------] Global test environment set-up.
[----------] 1 test from BSTRemove
[ RUN      ] BSTRemove.EmptyTree
[       OK ] BSTRemove.EmptyTree (13 ms)
[----------] 1 test from BSTRemove (20 ms total)

[----------] Global test environment tear-down
[==========] 1 test from 1 test case ran. (50 ms total)
[  PASSED  ] 1 test.
==18378== 
==18378== HEAP SUMMARY:
==18378==     in use at exit: 72,704 bytes in 1 blocks
==18378==   total heap usage: 384 allocs, 383 frees, 132,987 bytes allocated
==18378== 
==18378== LEAK SUMMARY:
==18378==    definitely lost: 0 bytes in 0 blocks
==18378==    indirectly lost: 0 bytes in 0 blocks
==18378==      possibly lost: 0 bytes in 0 blocks
==18378==    still reachable: 0 bytes in 0 blocks
==18378==         suppressed: 72,704 bytes in 1 blocks
==18378== 
==18378== For counts of detected and suppressed errors, rerun with: -v
==18378== ERROR SUMMARY: 0 errors from 0 contexts (suppressed: 0 from 0)
<end of output>
Test time =   0.91 sec
----------------------------------------------------------
Test Passed.
"BSTRemove.EmptyTree" end time: Jul 10 10:34 PDT
"BSTRemove.EmptyTree" time elapsed: 00:00:00
----------------------------------------------------------

17/59 Testing: BSTRemove.NodeMismatch
17/59 Test: BSTRemove.NodeMismatch
Command: "/usr/bin/valgrind" "--tool=memcheck" "--leak-check=yes" "--trace-children=no" "--error-exitcode=113" "/home/cs104/hw-ykelty/hw7/hw7_check/bst_tests/bst_tests" "--gtest_filter=BSTRemove.NodeMismatch"
Directory: /home/cs104/hw-ykelty/hw7/hw7_check/bst_tests
"BSTRemove.NodeMismatch" start time: Jul 10 10:34 PDT
Output:
----------------------------------------------------------
==18381== Memcheck, a memory error detector
==18381== Copyright (C) 2002-2017, and GNU GPL'd, by Julian Seward et al.
==18381== Using Valgrind-3.13.0 and LibVEX; rerun with -h for copyright info
==18381== Command: /home/cs104/hw-ykelty/hw7/hw7_check/bst_tests/bst_tests --gtest_filter=BSTRemove.NodeMismatch
==18381== 
Running main() from gtest_main.cc
Note: Google Test filter = BSTRemove.NodeMismatch
[==========] Running 1 test from 1 test case.
[----------] Global test environment set-up.
[----------] 1 test from BSTRemove
[ RUN      ] BSTRemove.NodeMismatch
[       OK ] BSTRemove.NodeMismatch (55 ms)
[----------] 1 test from BSTRemove (61 ms total)

[----------] Global test environment tear-down
[==========] 1 test from 1 test case ran. (95 ms total)
[  PASSED  ] 1 test.
==18381== 
==18381== HEAP SUMMARY:
==18381==     in use at exit: 72,704 bytes in 1 blocks
==18381==   total heap usage: 388 allocs, 387 frees, 133,328 bytes allocated
==18381== 
==18381== LEAK SUMMARY:
==18381==    definitely lost: 0 bytes in 0 blocks
==18381==    indirectly lost: 0 bytes in 0 blocks
==18381==      possibly lost: 0 bytes in 0 blocks
==18381==    still reachable: 0 bytes in 0 blocks
==18381==         suppressed: 72,704 bytes in 1 blocks
==18381== 
==18381== For counts of detected and suppressed errors, rerun with: -v
==18381== ERROR SUMMARY: 0 errors from 0 contexts (suppressed: 0 from 0)
<end of output>
Test time =   1.07 sec
----------------------------------------------------------
Test Passed.
"BSTRemove.NodeMismatch" end time: Jul 10 10:34 PDT
"BSTRemove.NodeMismatch" time elapsed: 00:00:01
----------------------------------------------------------

18/59 Testing: BSTRemove.SingleRemove
18/59 Test: BSTRemove.SingleRemove
Command: "/usr/bin/valgrind" "--tool=memcheck" "--leak-check=yes" "--trace-children=no" "--error-exitcode=113" "/home/cs104/hw-ykelty/hw7/hw7_check/bst_tests/bst_tests" "--gtest_filter=BSTRemove.SingleRemove"
Directory: /home/cs104/hw-ykelty/hw7/hw7_check/bst_tests
"BSTRemove.SingleRemove" start time: Jul 10 10:34 PDT
Output:
----------------------------------------------------------
==18382== Memcheck, a memory error detector
==18382== Copyright (C) 2002-2017, and GNU GPL'd, by Julian Seward et al.
==18382== Using Valgrind-3.13.0 and LibVEX; rerun with -h for copyright info
==18382== Command: /home/cs104/hw-ykelty/hw7/hw7_check/bst_tests/bst_tests --gtest_filter=BSTRemove.SingleRemove
==18382== 
Running main() from gtest_main.cc
Note: Google Test filter = BSTRemove.SingleRemove
[==========] Running 1 test from 1 test case.
[----------] Global test environment set-up.
[----------] 1 test from BSTRemove
[ RUN      ] BSTRemove.SingleRemove
[       OK ] BSTRemove.SingleRemove (16 ms)
[----------] 1 test from BSTRemove (25 ms total)

[----------] Global test environment tear-down
[==========] 1 test from 1 test case ran. (59 ms total)
[  PASSED  ] 1 test.
==18382== 
==18382== HEAP SUMMARY:
==18382==     in use at exit: 72,704 bytes in 1 blocks
==18382==   total heap usage: 384 allocs, 383 frees, 133,021 bytes allocated
==18382== 
==18382== LEAK SUMMARY:
==18382==    definitely lost: 0 bytes in 0 blocks
==18382==    indirectly lost: 0 bytes in 0 blocks
==18382==      possibly lost: 0 bytes in 0 blocks
==18382==    still reachable: 0 bytes in 0 blocks
==18382==         suppressed: 72,704 bytes in 1 blocks
==18382== 
==18382== For counts of detected and suppressed errors, rerun with: -v
==18382== ERROR SUMMARY: 0 errors from 0 contexts (suppressed: 0 from 0)
<end of output>
Test time =   0.97 sec
----------------------------------------------------------
Test Passed.
"BSTRemove.SingleRemove" end time: Jul 10 10:34 PDT
"BSTRemove.SingleRemove" time elapsed: 00:00:00
----------------------------------------------------------

19/59 Testing: BSTRemove.RightChildRemove
19/59 Test: BSTRemove.RightChildRemove
Command: "/usr/bin/valgrind" "--tool=memcheck" "--leak-check=yes" "--trace-children=no" "--error-exitcode=113" "/home/cs104/hw-ykelty/hw7/hw7_check/bst_tests/bst_tests" "--gtest_filter=BSTRemove.RightChildRemove"
Directory: /home/cs104/hw-ykelty/hw7/hw7_check/bst_tests
"BSTRemove.RightChildRemove" start time: Jul 10 10:34 PDT
Output:
----------------------------------------------------------
==18383== Memcheck, a memory error detector
==18383== Copyright (C) 2002-2017, and GNU GPL'd, by Julian Seward et al.
==18383== Using Valgrind-3.13.0 and LibVEX; rerun with -h for copyright info
==18383== Command: /home/cs104/hw-ykelty/hw7/hw7_check/bst_tests/bst_tests --gtest_filter=BSTRemove.RightChildRemove
==18383== 
Running main() from gtest_main.cc
Note: Google Test filter = BSTRemove.RightChildRemove
[==========] Running 1 test from 1 test case.
[----------] Global test environment set-up.
[----------] 1 test from BSTRemove
[ RUN      ] BSTRemove.RightChildRemove
[       OK ] BSTRemove.RightChildRemove (47 ms)
[----------] 1 test from BSTRemove (55 ms total)

[----------] Global test environment tear-down
[==========] 1 test from 1 test case ran. (91 ms total)
[  PASSED  ] 1 test.
==18383== 
==18383== HEAP SUMMARY:
==18383==     in use at exit: 72,704 bytes in 1 blocks
==18383==   total heap usage: 388 allocs, 387 frees, 133,225 bytes allocated
==18383== 
==18383== LEAK SUMMARY:
==18383==    definitely lost: 0 bytes in 0 blocks
==18383==    indirectly lost: 0 bytes in 0 blocks
==18383==      possibly lost: 0 bytes in 0 blocks
==18383==    still reachable: 0 bytes in 0 blocks
==18383==         suppressed: 72,704 bytes in 1 blocks
==18383== 
==18383== For counts of detected and suppressed errors, rerun with: -v
==18383== ERROR SUMMARY: 0 errors from 0 contexts (suppressed: 0 from 0)
<end of output>
Test time =   0.96 sec
----------------------------------------------------------
Test Passed.
"BSTRemove.RightChildRemove" end time: Jul 10 10:34 PDT
"BSTRemove.RightChildRemove" time elapsed: 00:00:00
----------------------------------------------------------

20/59 Testing: BSTRemove.LeftChildRemove
20/59 Test: BSTRemove.LeftChildRemove
Command: "/usr/bin/valgrind" "--tool=memcheck" "--leak-check=yes" "--trace-children=no" "--error-exitcode=113" "/home/cs104/hw-ykelty/hw7/hw7_check/bst_tests/bst_tests" "--gtest_filter=BSTRemove.LeftChildRemove"
Directory: /home/cs104/hw-ykelty/hw7/hw7_check/bst_tests
"BSTRemove.LeftChildRemove" start time: Jul 10 10:34 PDT
Output:
----------------------------------------------------------
==18384== Memcheck, a memory error detector
==18384== Copyright (C) 2002-2017, and GNU GPL'd, by Julian Seward et al.
==18384== Using Valgrind-3.13.0 and LibVEX; rerun with -h for copyright info
==18384== Command: /home/cs104/hw-ykelty/hw7/hw7_check/bst_tests/bst_tests --gtest_filter=BSTRemove.LeftChildRemove
==18384== 
Running main() from gtest_main.cc
Note: Google Test filter = BSTRemove.LeftChildRemove
[==========] Running 1 test from 1 test case.
[----------] Global test environment set-up.
[----------] 1 test from BSTRemove
[ RUN      ] BSTRemove.LeftChildRemove
[       OK ] BSTRemove.LeftChildRemove (44 ms)
[----------] 1 test from BSTRemove (53 ms total)

[----------] Global test environment tear-down
[==========] 1 test from 1 test case ran. (88 ms total)
[  PASSED  ] 1 test.
==18384== 
==18384== HEAP SUMMARY:
==18384==     in use at exit: 72,704 bytes in 1 blocks
==18384==   total heap usage: 388 allocs, 387 frees, 133,218 bytes allocated
==18384== 
==18384== LEAK SUMMARY:
==18384==    definitely lost: 0 bytes in 0 blocks
==18384==    indirectly lost: 0 bytes in 0 blocks
==18384==      possibly lost: 0 bytes in 0 blocks
==18384==    still reachable: 0 bytes in 0 blocks
==18384==         suppressed: 72,704 bytes in 1 blocks
==18384== 
==18384== For counts of detected and suppressed errors, rerun with: -v
==18384== ERROR SUMMARY: 0 errors from 0 contexts (suppressed: 0 from 0)
<end of output>
Test time =   0.98 sec
----------------------------------------------------------
Test Passed.
"BSTRemove.LeftChildRemove" end time: Jul 10 10:34 PDT
"BSTRemove.LeftChildRemove" time elapsed: 00:00:00
----------------------------------------------------------

21/59 Testing: BSTRemove.TwoChildrenRemove_3Node
21/59 Test: BSTRemove.TwoChildrenRemove_3Node
Command: "/usr/bin/valgrind" "--tool=memcheck" "--leak-check=yes" "--trace-children=no" "--error-exitcode=113" "/home/cs104/hw-ykelty/hw7/hw7_check/bst_tests/bst_tests" "--gtest_filter=BSTRemove.TwoChildrenRemove_3Node"
Directory: /home/cs104/hw-ykelty/hw7/hw7_check/bst_tests
"BSTRemove.TwoChildrenRemove_3Node" start time: Jul 10 10:34 PDT
Output:
----------------------------------------------------------
==18385== Memcheck, a memory error detector
==18385== Copyright (C) 2002-2017, and GNU GPL'd, by Julian Seward et al.
==18385== Using Valgrind-3.13.0 and LibVEX; rerun with -h for copyright info
==18385== Command: /home/cs104/hw-ykelty/hw7/hw7_check/bst_tests/bst_tests --gtest_filter=BSTRemove.TwoChildrenRemove_3Node
==18385== 
Running main() from gtest_main.cc
Note: Google Test filter = BSTRemove.TwoChildrenRemove_3Node
[==========] Running 1 test from 1 test case.
[----------] Global test environment set-up.
[----------] 1 test from BSTRemove
[ RUN      ] BSTRemove.TwoChildrenRemove_3Node
hi
==18385== Invalid read of size 4
==18385==    at 0x431AB6: testing::AssertionResult checkValidTraversal<int, double>(Node<int, double>*) (check_bst.h:56)
==18385==    by 0x4302C7: testing::AssertionResult isValidTree<int, double>(BinarySearchTree<int, double>&) (check_bst.h:47)
==18385==    by 0x42E8E7: testing::AssertionResult verifyBST<int, double>(BinarySearchTree<int, double>&, std::set<int, std::less<int>, std::allocator<int> > const&) (check_bst.h:335)
==18385==    by 0x422A7D: BSTRemove_TwoChildrenRemove_3Node_Test::TestBody() (test_remove.cpp:70)
==18385==    by 0x4636F2: void testing::internal::HandleExceptionsInMethodIfSupported<testing::Test, void>(testing::Test*, void (testing::Test::*)(), char const*) (in /home/cs104/hw-ykelty/hw7/hw7_check/bst_tests/bst_tests)
==18385==    by 0x45B463: testing::Test::Run() [clone .part.368] (in /home/cs104/hw-ykelty/hw7/hw7_check/bst_tests/bst_tests)
==18385==    by 0x45B71C: testing::TestInfo::Run() [clone .part.369] (in /home/cs104/hw-ykelty/hw7/hw7_check/bst_tests/bst_tests)
==18385==    by 0x45B904: testing::TestCase::Run() [clone .part.370] (in /home/cs104/hw-ykelty/hw7/hw7_check/bst_tests/bst_tests)
==18385==    by 0x45DDB0: testing::internal::UnitTestImpl::RunAllTests() [clone .part.371] [clone .constprop.426] (in /home/cs104/hw-ykelty/hw7/hw7_check/bst_tests/bst_tests)
==18385==    by 0x45E1C0: testing::UnitTest::Run() (in /home/cs104/hw-ykelty/hw7/hw7_check/bst_tests/bst_tests)
==18385==    by 0x40518F: main (in /home/cs104/hw-ykelty/hw7/hw7_check/bst_tests/bst_tests)
==18385==  Address 0x5ce76f8 is 8 bytes inside a block of size 48 free'd
==18385==    at 0x4C2F23B: operator delete(void*) (in /usr/lib/valgrind/vgpreload_memcheck-amd64-linux.so)
==18385==    by 0x43023D: Node<int, double>::~Node() (bst.h:73)
==18385==    by 0x42E583: BinarySearchTree<int, double>::remove(int const&) (bst.h:587)
==18385==    by 0x422A16: BSTRemove_TwoChildrenRemove_3Node_Test::TestBody() (test_remove.cpp:68)
==18385==    by 0x4636F2: void testing::internal::HandleExceptionsInMethodIfSupported<testing::Test, void>(testing::Test*, void (testing::Test::*)(), char const*) (in /home/cs104/hw-ykelty/hw7/hw7_check/bst_tests/bst_tests)
==18385==    by 0x45B463: testing::Test::Run() [clone .part.368] (in /home/cs104/hw-ykelty/hw7/hw7_check/bst_tests/bst_tests)
==18385==    by 0x45B71C: testing::TestInfo::Run() [clone .part.369] (in /home/cs104/hw-ykelty/hw7/hw7_check/bst_tests/bst_tests)
==18385==    by 0x45B904: testing::TestCase::Run() [clone .part.370] (in /home/cs104/hw-ykelty/hw7/hw7_check/bst_tests/bst_tests)
==18385==    by 0x45DDB0: testing::internal::UnitTestImpl::RunAllTests() [clone .part.371] [clone .constprop.426] (in /home/cs104/hw-ykelty/hw7/hw7_check/bst_tests/bst_tests)
==18385==    by 0x45E1C0: testing::UnitTest::Run() (in /home/cs104/hw-ykelty/hw7/hw7_check/bst_tests/bst_tests)
==18385==    by 0x40518F: main (in /home/cs104/hw-ykelty/hw7/hw7_check/bst_tests/bst_tests)
==18385==  Block was alloc'd at
==18385==    at 0x4C2E17F: operator new(unsigned long) (in /usr/lib/valgrind/vgpreload_memcheck-amd64-linux.so)
==18385==    by 0x42E21B: BinarySearchTree<int, double>::insert(std::pair<int const, double> const&) (bst.h:493)
==18385==    by 0x422913: BSTRemove_TwoChildrenRemove_3Node_Test::TestBody() (test_remove.cpp:65)
==18385==    by 0x4636F2: void testing::internal::HandleExceptionsInMethodIfSupported<testing::Test, void>(testing::Test*, void (testing::Test::*)(), char const*) (in /home/cs104/hw-ykelty/hw7/hw7_check/bst_tests/bst_tests)
==18385==    by 0x45B463: testing::Test::Run() [clone .part.368] (in /home/cs104/hw-ykelty/hw7/hw7_check/bst_tests/bst_tests)
==18385==    by 0x45B71C: testing::TestInfo::Run() [clone .part.369] (in /home/cs104/hw-ykelty/hw7/hw7_check/bst_tests/bst_tests)
==18385==    by 0x45B904: testing::TestCase::Run() [clone .part.370] (in /home/cs104/hw-ykelty/hw7/hw7_check/bst_tests/bst_tests)
==18385==    by 0x45DDB0: testing::internal::UnitTestImpl::RunAllTests() [clone .part.371] [clone .constprop.426] (in /home/cs104/hw-ykelty/hw7/hw7_check/bst_tests/bst_tests)
==18385==    by 0x45E1C0: testing::UnitTest::Run() (in /home/cs104/hw-ykelty/hw7/hw7_check/bst_tests/bst_tests)
==18385==    by 0x40518F: main (in /home/cs104/hw-ykelty/hw7/hw7_check/bst_tests/bst_tests)
==18385== 
==18385== Invalid read of size 4
==18385==    at 0x41445D: testing::Message& testing::Message::operator<< <int>(int const&) (gtest-message.h:131)
==18385==    by 0x410874: testing::AssertionResult& testing::AssertionResult::operator<< <int>(int const&) (gtest.h:283)
==18385==    by 0x431B43: testing::AssertionResult checkValidTraversal<int, double>(Node<int, double>*) (check_bst.h:57)
==18385==    by 0x4302C7: testing::AssertionResult isValidTree<int, double>(BinarySearchTree<int, double>&) (check_bst.h:47)
==18385==    by 0x42E8E7: testing::AssertionResult verifyBST<int, double>(BinarySearchTree<int, double>&, std::set<int, std::less<int>, std::allocator<int> > const&) (check_bst.h:335)
==18385==    by 0x422A7D: BSTRemove_TwoChildrenRemove_3Node_Test::TestBody() (test_remove.cpp:70)
==18385==    by 0x4636F2: void testing::internal::HandleExceptionsInMethodIfSupported<testing::Test, void>(testing::Test*, void (testing::Test::*)(), char const*) (in /home/cs104/hw-ykelty/hw7/hw7_check/bst_tests/bst_tests)
==18385==    by 0x45B463: testing::Test::Run() [clone .part.368] (in /home/cs104/hw-ykelty/hw7/hw7_check/bst_tests/bst_tests)
==18385==    by 0x45B71C: testing::TestInfo::Run() [clone .part.369] (in /home/cs104/hw-ykelty/hw7/hw7_check/bst_tests/bst_tests)
==18385==    by 0x45B904: testing::TestCase::Run() [clone .part.370] (in /home/cs104/hw-ykelty/hw7/hw7_check/bst_tests/bst_tests)
==18385==    by 0x45DDB0: testing::internal::UnitTestImpl::RunAllTests() [clone .part.371] [clone .constprop.426] (in /home/cs104/hw-ykelty/hw7/hw7_check/bst_tests/bst_tests)
==18385==    by 0x45E1C0: testing::UnitTest::Run() (in /home/cs104/hw-ykelty/hw7/hw7_check/bst_tests/bst_tests)
==18385==  Address 0x5ce76f8 is 8 bytes inside a block of size 48 free'd
==18385==    at 0x4C2F23B: operator delete(void*) (in /usr/lib/valgrind/vgpreload_memcheck-amd64-linux.so)
==18385==    by 0x43023D: Node<int, double>::~Node() (bst.h:73)
==18385==    by 0x42E583: BinarySearchTree<int, double>::remove(int const&) (bst.h:587)
==18385==    by 0x422A16: BSTRemove_TwoChildrenRemove_3Node_Test::TestBody() (test_remove.cpp:68)
==18385==    by 0x4636F2: void testing::internal::HandleExceptionsInMethodIfSupported<testing::Test, void>(testing::Test*, void (testing::Test::*)(), char const*) (in /home/cs104/hw-ykelty/hw7/hw7_check/bst_tests/bst_tests)
==18385==    by 0x45B463: testing::Test::Run() [clone .part.368] (in /home/cs104/hw-ykelty/hw7/hw7_check/bst_tests/bst_tests)
==18385==    by 0x45B71C: testing::TestInfo::Run() [clone .part.369] (in /home/cs104/hw-ykelty/hw7/hw7_check/bst_tests/bst_tests)
==18385==    by 0x45B904: testing::TestCase::Run() [clone .part.370] (in /home/cs104/hw-ykelty/hw7/hw7_check/bst_tests/bst_tests)
==18385==    by 0x45DDB0: testing::internal::UnitTestImpl::RunAllTests() [clone .part.371] [clone .constprop.426] (in /home/cs104/hw-ykelty/hw7/hw7_check/bst_tests/bst_tests)
==18385==    by 0x45E1C0: testing::UnitTest::Run() (in /home/cs104/hw-ykelty/hw7/hw7_check/bst_tests/bst_tests)
==18385==    by 0x40518F: main (in /home/cs104/hw-ykelty/hw7/hw7_check/bst_tests/bst_tests)
==18385==  Block was alloc'd at
==18385==    at 0x4C2E17F: operator new(unsigned long) (in /usr/lib/valgrind/vgpreload_memcheck-amd64-linux.so)
==18385==    by 0x42E21B: BinarySearchTree<int, double>::insert(std::pair<int const, double> const&) (bst.h:493)
==18385==    by 0x422913: BSTRemove_TwoChildrenRemove_3Node_Test::TestBody() (test_remove.cpp:65)
==18385==    by 0x4636F2: void testing::internal::HandleExceptionsInMethodIfSupported<testing::Test, void>(testing::Test*, void (testing::Test::*)(), char const*) (in /home/cs104/hw-ykelty/hw7/hw7_check/bst_tests/bst_tests)
==18385==    by 0x45B463: testing::Test::Run() [clone .part.368] (in /home/cs104/hw-ykelty/hw7/hw7_check/bst_tests/bst_tests)
==18385==    by 0x45B71C: testing::TestInfo::Run() [clone .part.369] (in /home/cs104/hw-ykelty/hw7/hw7_check/bst_tests/bst_tests)
==18385==    by 0x45B904: testing::TestCase::Run() [clone .part.370] (in /home/cs104/hw-ykelty/hw7/hw7_check/bst_tests/bst_tests)
==18385==    by 0x45DDB0: testing::internal::UnitTestImpl::RunAllTests() [clone .part.371] [clone .constprop.426] (in /home/cs104/hw-ykelty/hw7/hw7_check/bst_tests/bst_tests)
==18385==    by 0x45E1C0: testing::UnitTest::Run() (in /home/cs104/hw-ykelty/hw7/hw7_check/bst_tests/bst_tests)
==18385==    by 0x40518F: main (in /home/cs104/hw-ykelty/hw7/hw7_check/bst_tests/bst_tests)
==18385== 
>> Binary tree structure is broken!
/home/cs104/hw-ykelty/hw7/hw7_check/bst_tests/test_remove.cpp:70: Failure
Value of: verifyBST(bst, {1, 3})
  Actual: false (The left child of 1 is 2 which is larger than its parent and not allowed for a left child in a BST)
Expected: true
/home/cs104/hw-ykelty/hw7/hw7_check/bst_tests/test_remove.cpp:79: Failure
Value of: bst.root_->getLeft()
  Actual: 0x5ce76f0
Expected: nullptr
Which is: NULL
==18385== Invalid read of size 8
==18385==    at 0x43193B: BinarySearchTree<int, double>::clearHelper(Node<int, double>*) (bst.h:699)
==18385==    by 0x431980: BinarySearchTree<int, double>::clearHelper(Node<int, double>*) (bst.h:701)
==18385==    by 0x42FA7F: BinarySearchTree<int, double>::clear() (bst.h:724)
==18385==    by 0x42E1AF: BinarySearchTree<int, double>::~BinarySearchTree() (bst.h:426)
==18385==    by 0x42300A: BSTRemove_TwoChildrenRemove_3Node_Test::TestBody() (test_remove.cpp:79)
==18385==    by 0x4636F2: void testing::internal::HandleExceptionsInMethodIfSupported<testing::Test, void>(testing::Test*, void (testing::Test::*)(), char const*) (in /home/cs104/hw-ykelty/hw7/hw7_check/bst_tests/bst_tests)
==18385==    by 0x45B463: testing::Test::Run() [clone .part.368] (in /home/cs104/hw-ykelty/hw7/hw7_check/bst_tests/bst_tests)
==18385==    by 0x45B71C: testing::TestInfo::Run() [clone .part.369] (in /home/cs104/hw-ykelty/hw7/hw7_check/bst_tests/bst_tests)
==18385==    by 0x45B904: testing::TestCase::Run() [clone .part.370] (in /home/cs104/hw-ykelty/hw7/hw7_check/bst_tests/bst_tests)
==18385==    by 0x45DDB0: testing::internal::UnitTestImpl::RunAllTests() [clone .part.371] [clone .constprop.426] (in /home/cs104/hw-ykelty/hw7/hw7_check/bst_tests/bst_tests)
==18385==    by 0x45E1C0: testing::UnitTest::Run() (in /home/cs104/hw-ykelty/hw7/hw7_check/bst_tests/bst_tests)
==18385==    by 0x40518F: main (in /home/cs104/hw-ykelty/hw7/hw7_check/bst_tests/bst_tests)
==18385==  Address 0x5ce76f0 is 0 bytes inside a block of size 48 free'd
==18385==    at 0x4C2F23B: operator delete(void*) (in /usr/lib/valgrind/vgpreload_memcheck-amd64-linux.so)
==18385==    by 0x43023D: Node<int, double>::~Node() (bst.h:73)
==18385==    by 0x42E583: BinarySearchTree<int, double>::remove(int const&) (bst.h:587)
==18385==    by 0x422A16: BSTRemove_TwoChildrenRemove_3Node_Test::TestBody() (test_remove.cpp:68)
==18385==    by 0x4636F2: void testing::internal::HandleExceptionsInMethodIfSupported<testing::Test, void>(testing::Test*, void (testing::Test::*)(), char const*) (in /home/cs104/hw-ykelty/hw7/hw7_check/bst_tests/bst_tests)
==18385==    by 0x45B463: testing::Test::Run() [clone .part.368] (in /home/cs104/hw-ykelty/hw7/hw7_check/bst_tests/bst_tests)
==18385==    by 0x45B71C: testing::TestInfo::Run() [clone .part.369] (in /home/cs104/hw-ykelty/hw7/hw7_check/bst_tests/bst_tests)
==18385==    by 0x45B904: testing::TestCase::Run() [clone .part.370] (in /home/cs104/hw-ykelty/hw7/hw7_check/bst_tests/bst_tests)
==18385==    by 0x45DDB0: testing::internal::UnitTestImpl::RunAllTests() [clone .part.371] [clone .constprop.426] (in /home/cs104/hw-ykelty/hw7/hw7_check/bst_tests/bst_tests)
==18385==    by 0x45E1C0: testing::UnitTest::Run() (in /home/cs104/hw-ykelty/hw7/hw7_check/bst_tests/bst_tests)
==18385==    by 0x40518F: main (in /home/cs104/hw-ykelty/hw7/hw7_check/bst_tests/bst_tests)
==18385==  Block was alloc'd at
==18385==    at 0x4C2E17F: operator new(unsigned long) (in /usr/lib/valgrind/vgpreload_memcheck-amd64-linux.so)
==18385==    by 0x42E21B: BinarySearchTree<int, double>::insert(std::pair<int const, double> const&) (bst.h:493)
==18385==    by 0x422913: BSTRemove_TwoChildrenRemove_3Node_Test::TestBody() (test_remove.cpp:65)
==18385==    by 0x4636F2: void testing::internal::HandleExceptionsInMethodIfSupported<testing::Test, void>(testing::Test*, void (testing::Test::*)(), char const*) (in /home/cs104/hw-ykelty/hw7/hw7_check/bst_tests/bst_tests)
==18385==    by 0x45B463: testing::Test::Run() [clone .part.368] (in /home/cs104/hw-ykelty/hw7/hw7_check/bst_tests/bst_tests)
==18385==    by 0x45B71C: testing::TestInfo::Run() [clone .part.369] (in /home/cs104/hw-ykelty/hw7/hw7_check/bst_tests/bst_tests)
==18385==    by 0x45B904: testing::TestCase::Run() [clone .part.370] (in /home/cs104/hw-ykelty/hw7/hw7_check/bst_tests/bst_tests)
==18385==    by 0x45DDB0: testing::internal::UnitTestImpl::RunAllTests() [clone .part.371] [clone .constprop.426] (in /home/cs104/hw-ykelty/hw7/hw7_check/bst_tests/bst_tests)
==18385==    by 0x45E1C0: testing::UnitTest::Run() (in /home/cs104/hw-ykelty/hw7/hw7_check/bst_tests/bst_tests)
==18385==    by 0x40518F: main (in /home/cs104/hw-ykelty/hw7/hw7_check/bst_tests/bst_tests)
==18385== 
==18385== Invalid read of size 8
==18385==    at 0x42EDF0: Node<int, double>::getLeft() const (bst.h:135)
==18385==    by 0x43194D: BinarySearchTree<int, double>::clearHelper(Node<int, double>*) (bst.h:699)
==18385==    by 0x431980: BinarySearchTree<int, double>::clearHelper(Node<int, double>*) (bst.h:701)
==18385==    by 0x42FA7F: BinarySearchTree<int, double>::clear() (bst.h:724)
==18385==    by 0x42E1AF: BinarySearchTree<int, double>::~BinarySearchTree() (bst.h:426)
==18385==    by 0x42300A: BSTRemove_TwoChildrenRemove_3Node_Test::TestBody() (test_remove.cpp:79)
==18385==    by 0x4636F2: void testing::internal::HandleExceptionsInMethodIfSupported<testing::Test, void>(testing::Test*, void (testing::Test::*)(), char const*) (in /home/cs104/hw-ykelty/hw7/hw7_check/bst_tests/bst_tests)
==18385==    by 0x45B463: testing::Test::Run() [clone .part.368] (in /home/cs104/hw-ykelty/hw7/hw7_check/bst_tests/bst_tests)
==18385==    by 0x45B71C: testing::TestInfo::Run() [clone .part.369] (in /home/cs104/hw-ykelty/hw7/hw7_check/bst_tests/bst_tests)
==18385==    by 0x45B904: testing::TestCase::Run() [clone .part.370] (in /home/cs104/hw-ykelty/hw7/hw7_check/bst_tests/bst_tests)
==18385==    by 0x45DDB0: testing::internal::UnitTestImpl::RunAllTests() [clone .part.371] [clone .constprop.426] (in /home/cs104/hw-ykelty/hw7/hw7_check/bst_tests/bst_tests)
==18385==    by 0x45E1C0: testing::UnitTest::Run() (in /home/cs104/hw-ykelty/hw7/hw7_check/bst_tests/bst_tests)
==18385==  Address 0x5ce7710 is 32 bytes inside a block of size 48 free'd
==18385==    at 0x4C2F23B: operator delete(void*) (in /usr/lib/valgrind/vgpreload_memcheck-amd64-linux.so)
==18385==    by 0x43023D: Node<int, double>::~Node() (bst.h:73)
==18385==    by 0x42E583: BinarySearchTree<int, double>::remove(int const&) (bst.h:587)
==18385==    by 0x422A16: BSTRemove_TwoChildrenRemove_3Node_Test::TestBody() (test_remove.cpp:68)
==18385==    by 0x4636F2: void testing::internal::HandleExceptionsInMethodIfSupported<testing::Test, void>(testing::Test*, void (testing::Test::*)(), char const*) (in /home/cs104/hw-ykelty/hw7/hw7_check/bst_tests/bst_tests)
==18385==    by 0x45B463: testing::Test::Run() [clone .part.368] (in /home/cs104/hw-ykelty/hw7/hw7_check/bst_tests/bst_tests)
==18385==    by 0x45B71C: testing::TestInfo::Run() [clone .part.369] (in /home/cs104/hw-ykelty/hw7/hw7_check/bst_tests/bst_tests)
==18385==    by 0x45B904: testing::TestCase::Run() [clone .part.370] (in /home/cs104/hw-ykelty/hw7/hw7_check/bst_tests/bst_tests)
==18385==    by 0x45DDB0: testing::internal::UnitTestImpl::RunAllTests() [clone .part.371] [clone .constprop.426] (in /home/cs104/hw-ykelty/hw7/hw7_check/bst_tests/bst_tests)
==18385==    by 0x45E1C0: testing::UnitTest::Run() (in /home/cs104/hw-ykelty/hw7/hw7_check/bst_tests/bst_tests)
==18385==    by 0x40518F: main (in /home/cs104/hw-ykelty/hw7/hw7_check/bst_tests/bst_tests)
==18385==  Block was alloc'd at
==18385==    at 0x4C2E17F: operator new(unsigned long) (in /usr/lib/valgrind/vgpreload_memcheck-amd64-linux.so)
==18385==    by 0x42E21B: BinarySearchTree<int, double>::insert(std::pair<int const, double> const&) (bst.h:493)
==18385==    by 0x422913: BSTRemove_TwoChildrenRemove_3Node_Test::TestBody() (test_remove.cpp:65)
==18385==    by 0x4636F2: void testing::internal::HandleExceptionsInMethodIfSupported<testing::Test, void>(testing::Test*, void (testing::Test::*)(), char const*) (in /home/cs104/hw-ykelty/hw7/hw7_check/bst_tests/bst_tests)
==18385==    by 0x45B463: testing::Test::Run() [clone .part.368] (in /home/cs104/hw-ykelty/hw7/hw7_check/bst_tests/bst_tests)
==18385==    by 0x45B71C: testing::TestInfo::Run() [clone .part.369] (in /home/cs104/hw-ykelty/hw7/hw7_check/bst_tests/bst_tests)
==18385==    by 0x45B904: testing::TestCase::Run() [clone .part.370] (in /home/cs104/hw-ykelty/hw7/hw7_check/bst_tests/bst_tests)
==18385==    by 0x45DDB0: testing::internal::UnitTestImpl::RunAllTests() [clone .part.371] [clone .constprop.426] (in /home/cs104/hw-ykelty/hw7/hw7_check/bst_tests/bst_tests)
==18385==    by 0x45E1C0: testing::UnitTest::Run() (in /home/cs104/hw-ykelty/hw7/hw7_check/bst_tests/bst_tests)
==18385==    by 0x40518F: main (in /home/cs104/hw-ykelty/hw7/hw7_check/bst_tests/bst_tests)
==18385== 
==18385== Invalid read of size 8
==18385==    at 0x431985: BinarySearchTree<int, double>::clearHelper(Node<int, double>*) (bst.h:706)
==18385==    by 0x431980: BinarySearchTree<int, double>::clearHelper(Node<int, double>*) (bst.h:701)
==18385==    by 0x42FA7F: BinarySearchTree<int, double>::clear() (bst.h:724)
==18385==    by 0x42E1AF: BinarySearchTree<int, double>::~BinarySearchTree() (bst.h:426)
==18385==    by 0x42300A: BSTRemove_TwoChildrenRemove_3Node_Test::TestBody() (test_remove.cpp:79)
==18385==    by 0x4636F2: void testing::internal::HandleExceptionsInMethodIfSupported<testing::Test, void>(testing::Test*, void (testing::Test::*)(), char const*) (in /home/cs104/hw-ykelty/hw7/hw7_check/bst_tests/bst_tests)
==18385==    by 0x45B463: testing::Test::Run() [clone .part.368] (in /home/cs104/hw-ykelty/hw7/hw7_check/bst_tests/bst_tests)
==18385==    by 0x45B71C: testing::TestInfo::Run() [clone .part.369] (in /home/cs104/hw-ykelty/hw7/hw7_check/bst_tests/bst_tests)
==18385==    by 0x45B904: testing::TestCase::Run() [clone .part.370] (in /home/cs104/hw-ykelty/hw7/hw7_check/bst_tests/bst_tests)
==18385==    by 0x45DDB0: testing::internal::UnitTestImpl::RunAllTests() [clone .part.371] [clone .constprop.426] (in /home/cs104/hw-ykelty/hw7/hw7_check/bst_tests/bst_tests)
==18385==    by 0x45E1C0: testing::UnitTest::Run() (in /home/cs104/hw-ykelty/hw7/hw7_check/bst_tests/bst_tests)
==18385==    by 0x40518F: main (in /home/cs104/hw-ykelty/hw7/hw7_check/bst_tests/bst_tests)
==18385==  Address 0x5ce76f0 is 0 bytes inside a block of size 48 free'd
==18385==    at 0x4C2F23B: operator delete(void*) (in /usr/lib/valgrind/vgpreload_memcheck-amd64-linux.so)
==18385==    by 0x43023D: Node<int, double>::~Node() (bst.h:73)
==18385==    by 0x42E583: BinarySearchTree<int, double>::remove(int const&) (bst.h:587)
==18385==    by 0x422A16: BSTRemove_TwoChildrenRemove_3Node_Test::TestBody() (test_remove.cpp:68)
==18385==    by 0x4636F2: void testing::internal::HandleExceptionsInMethodIfSupported<testing::Test, void>(testing::Test*, void (testing::Test::*)(), char const*) (in /home/cs104/hw-ykelty/hw7/hw7_check/bst_tests/bst_tests)
==18385==    by 0x45B463: testing::Test::Run() [clone .part.368] (in /home/cs104/hw-ykelty/hw7/hw7_check/bst_tests/bst_tests)
==18385==    by 0x45B71C: testing::TestInfo::Run() [clone .part.369] (in /home/cs104/hw-ykelty/hw7/hw7_check/bst_tests/bst_tests)
==18385==    by 0x45B904: testing::TestCase::Run() [clone .part.370] (in /home/cs104/hw-ykelty/hw7/hw7_check/bst_tests/bst_tests)
==18385==    by 0x45DDB0: testing::internal::UnitTestImpl::RunAllTests() [clone .part.371] [clone .constprop.426] (in /home/cs104/hw-ykelty/hw7/hw7_check/bst_tests/bst_tests)
==18385==    by 0x45E1C0: testing::UnitTest::Run() (in /home/cs104/hw-ykelty/hw7/hw7_check/bst_tests/bst_tests)
==18385==    by 0x40518F: main (in /home/cs104/hw-ykelty/hw7/hw7_check/bst_tests/bst_tests)
==18385==  Block was alloc'd at
==18385==    at 0x4C2E17F: operator new(unsigned long) (in /usr/lib/valgrind/vgpreload_memcheck-amd64-linux.so)
==18385==    by 0x42E21B: BinarySearchTree<int, double>::insert(std::pair<int const, double> const&) (bst.h:493)
==18385==    by 0x422913: BSTRemove_TwoChildrenRemove_3Node_Test::TestBody() (test_remove.cpp:65)
==18385==    by 0x4636F2: void testing::internal::HandleExceptionsInMethodIfSupported<testing::Test, void>(testing::Test*, void (testing::Test::*)(), char const*) (in /home/cs104/hw-ykelty/hw7/hw7_check/bst_tests/bst_tests)
==18385==    by 0x45B463: testing::Test::Run() [clone .part.368] (in /home/cs104/hw-ykelty/hw7/hw7_check/bst_tests/bst_tests)
==18385==    by 0x45B71C: testing::TestInfo::Run() [clone .part.369] (in /home/cs104/hw-ykelty/hw7/hw7_check/bst_tests/bst_tests)
==18385==    by 0x45B904: testing::TestCase::Run() [clone .part.370] (in /home/cs104/hw-ykelty/hw7/hw7_check/bst_tests/bst_tests)
==18385==    by 0x45DDB0: testing::internal::UnitTestImpl::RunAllTests() [clone .part.371] [clone .constprop.426] (in /home/cs104/hw-ykelty/hw7/hw7_check/bst_tests/bst_tests)
==18385==    by 0x45E1C0: testing::UnitTest::Run() (in /home/cs104/hw-ykelty/hw7/hw7_check/bst_tests/bst_tests)
==18385==    by 0x40518F: main (in /home/cs104/hw-ykelty/hw7/hw7_check/bst_tests/bst_tests)
==18385== 
==18385== Invalid read of size 8
==18385==    at 0x42EDDE: Node<int, double>::getRight() const (bst.h:144)
==18385==    by 0x431997: BinarySearchTree<int, double>::clearHelper(Node<int, double>*) (bst.h:706)
==18385==    by 0x431980: BinarySearchTree<int, double>::clearHelper(Node<int, double>*) (bst.h:701)
==18385==    by 0x42FA7F: BinarySearchTree<int, double>::clear() (bst.h:724)
==18385==    by 0x42E1AF: BinarySearchTree<int, double>::~BinarySearchTree() (bst.h:426)
==18385==    by 0x42300A: BSTRemove_TwoChildrenRemove_3Node_Test::TestBody() (test_remove.cpp:79)
==18385==    by 0x4636F2: void testing::internal::HandleExceptionsInMethodIfSupported<testing::Test, void>(testing::Test*, void (testing::Test::*)(), char const*) (in /home/cs104/hw-ykelty/hw7/hw7_check/bst_tests/bst_tests)
==18385==    by 0x45B463: testing::Test::Run() [clone .part.368] (in /home/cs104/hw-ykelty/hw7/hw7_check/bst_tests/bst_tests)
==18385==    by 0x45B71C: testing::TestInfo::Run() [clone .part.369] (in /home/cs104/hw-ykelty/hw7/hw7_check/bst_tests/bst_tests)
==18385==    by 0x45B904: testing::TestCase::Run() [clone .part.370] (in /home/cs104/hw-ykelty/hw7/hw7_check/bst_tests/bst_tests)
==18385==    by 0x45DDB0: testing::internal::UnitTestImpl::RunAllTests() [clone .part.371] [clone .constprop.426] (in /home/cs104/hw-ykelty/hw7/hw7_check/bst_tests/bst_tests)
==18385==    by 0x45E1C0: testing::UnitTest::Run() (in /home/cs104/hw-ykelty/hw7/hw7_check/bst_tests/bst_tests)
==18385==  Address 0x5ce7718 is 40 bytes inside a block of size 48 free'd
==18385==    at 0x4C2F23B: operator delete(void*) (in /usr/lib/valgrind/vgpreload_memcheck-amd64-linux.so)
==18385==    by 0x43023D: Node<int, double>::~Node() (bst.h:73)
==18385==    by 0x42E583: BinarySearchTree<int, double>::remove(int const&) (bst.h:587)
==18385==    by 0x422A16: BSTRemove_TwoChildrenRemove_3Node_Test::TestBody() (test_remove.cpp:68)
==18385==    by 0x4636F2: void testing::internal::HandleExceptionsInMethodIfSupported<testing::Test, void>(testing::Test*, void (testing::Test::*)(), char const*) (in /home/cs104/hw-ykelty/hw7/hw7_check/bst_tests/bst_tests)
==18385==    by 0x45B463: testing::Test::Run() [clone .part.368] (in /home/cs104/hw-ykelty/hw7/hw7_check/bst_tests/bst_tests)
==18385==    by 0x45B71C: testing::TestInfo::Run() [clone .part.369] (in /home/cs104/hw-ykelty/hw7/hw7_check/bst_tests/bst_tests)
==18385==    by 0x45B904: testing::TestCase::Run() [clone .part.370] (in /home/cs104/hw-ykelty/hw7/hw7_check/bst_tests/bst_tests)
==18385==    by 0x45DDB0: testing::internal::UnitTestImpl::RunAllTests() [clone .part.371] [clone .constprop.426] (in /home/cs104/hw-ykelty/hw7/hw7_check/bst_tests/bst_tests)
==18385==    by 0x45E1C0: testing::UnitTest::Run() (in /home/cs104/hw-ykelty/hw7/hw7_check/bst_tests/bst_tests)
==18385==    by 0x40518F: main (in /home/cs104/hw-ykelty/hw7/hw7_check/bst_tests/bst_tests)
==18385==  Block was alloc'd at
==18385==    at 0x4C2E17F: operator new(unsigned long) (in /usr/lib/valgrind/vgpreload_memcheck-amd64-linux.so)
==18385==    by 0x42E21B: BinarySearchTree<int, double>::insert(std::pair<int const, double> const&) (bst.h:493)
==18385==    by 0x422913: BSTRemove_TwoChildrenRemove_3Node_Test::TestBody() (test_remove.cpp:65)
==18385==    by 0x4636F2: void testing::internal::HandleExceptionsInMethodIfSupported<testing::Test, void>(testing::Test*, void (testing::Test::*)(), char const*) (in /home/cs104/hw-ykelty/hw7/hw7_check/bst_tests/bst_tests)
==18385==    by 0x45B463: testing::Test::Run() [clone .part.368] (in /home/cs104/hw-ykelty/hw7/hw7_check/bst_tests/bst_tests)
==18385==    by 0x45B71C: testing::TestInfo::Run() [clone .part.369] (in /home/cs104/hw-ykelty/hw7/hw7_check/bst_tests/bst_tests)
==18385==    by 0x45B904: testing::TestCase::Run() [clone .part.370] (in /home/cs104/hw-ykelty/hw7/hw7_check/bst_tests/bst_tests)
==18385==    by 0x45DDB0: testing::internal::UnitTestImpl::RunAllTests() [clone .part.371] [clone .constprop.426] (in /home/cs104/hw-ykelty/hw7/hw7_check/bst_tests/bst_tests)
==18385==    by 0x45E1C0: testing::UnitTest::Run() (in /home/cs104/hw-ykelty/hw7/hw7_check/bst_tests/bst_tests)
==18385==    by 0x40518F: main (in /home/cs104/hw-ykelty/hw7/hw7_check/bst_tests/bst_tests)
==18385== 
==18385== Invalid read of size 8
==18385==    at 0x4319D6: BinarySearchTree<int, double>::clearHelper(Node<int, double>*) (bst.h:711)
==18385==    by 0x431980: BinarySearchTree<int, double>::clearHelper(Node<int, double>*) (bst.h:701)
==18385==    by 0x42FA7F: BinarySearchTree<int, double>::clear() (bst.h:724)
==18385==    by 0x42E1AF: BinarySearchTree<int, double>::~BinarySearchTree() (bst.h:426)
==18385==    by 0x42300A: BSTRemove_TwoChildrenRemove_3Node_Test::TestBody() (test_remove.cpp:79)
==18385==    by 0x4636F2: void testing::internal::HandleExceptionsInMethodIfSupported<testing::Test, void>(testing::Test*, void (testing::Test::*)(), char const*) (in /home/cs104/hw-ykelty/hw7/hw7_check/bst_tests/bst_tests)
==18385==    by 0x45B463: testing::Test::Run() [clone .part.368] (in /home/cs104/hw-ykelty/hw7/hw7_check/bst_tests/bst_tests)
==18385==    by 0x45B71C: testing::TestInfo::Run() [clone .part.369] (in /home/cs104/hw-ykelty/hw7/hw7_check/bst_tests/bst_tests)
==18385==    by 0x45B904: testing::TestCase::Run() [clone .part.370] (in /home/cs104/hw-ykelty/hw7/hw7_check/bst_tests/bst_tests)
==18385==    by 0x45DDB0: testing::internal::UnitTestImpl::RunAllTests() [clone .part.371] [clone .constprop.426] (in /home/cs104/hw-ykelty/hw7/hw7_check/bst_tests/bst_tests)
==18385==    by 0x45E1C0: testing::UnitTest::Run() (in /home/cs104/hw-ykelty/hw7/hw7_check/bst_tests/bst_tests)
==18385==    by 0x40518F: main (in /home/cs104/hw-ykelty/hw7/hw7_check/bst_tests/bst_tests)
==18385==  Address 0x5ce76f0 is 0 bytes inside a block of size 48 free'd
==18385==    at 0x4C2F23B: operator delete(void*) (in /usr/lib/valgrind/vgpreload_memcheck-amd64-linux.so)
==18385==    by 0x43023D: Node<int, double>::~Node() (bst.h:73)
==18385==    by 0x42E583: BinarySearchTree<int, double>::remove(int const&) (bst.h:587)
==18385==    by 0x422A16: BSTRemove_TwoChildrenRemove_3Node_Test::TestBody() (test_remove.cpp:68)
==18385==    by 0x4636F2: void testing::internal::HandleExceptionsInMethodIfSupported<testing::Test, void>(testing::Test*, void (testing::Test::*)(), char const*) (in /home/cs104/hw-ykelty/hw7/hw7_check/bst_tests/bst_tests)
==18385==    by 0x45B463: testing::Test::Run() [clone .part.368] (in /home/cs104/hw-ykelty/hw7/hw7_check/bst_tests/bst_tests)
==18385==    by 0x45B71C: testing::TestInfo::Run() [clone .part.369] (in /home/cs104/hw-ykelty/hw7/hw7_check/bst_tests/bst_tests)
==18385==    by 0x45B904: testing::TestCase::Run() [clone .part.370] (in /home/cs104/hw-ykelty/hw7/hw7_check/bst_tests/bst_tests)
==18385==    by 0x45DDB0: testing::internal::UnitTestImpl::RunAllTests() [clone .part.371] [clone .constprop.426] (in /home/cs104/hw-ykelty/hw7/hw7_check/bst_tests/bst_tests)
==18385==    by 0x45E1C0: testing::UnitTest::Run() (in /home/cs104/hw-ykelty/hw7/hw7_check/bst_tests/bst_tests)
==18385==    by 0x40518F: main (in /home/cs104/hw-ykelty/hw7/hw7_check/bst_tests/bst_tests)
==18385==  Block was alloc'd at
==18385==    at 0x4C2E17F: operator new(unsigned long) (in /usr/lib/valgrind/vgpreload_memcheck-amd64-linux.so)
==18385==    by 0x42E21B: BinarySearchTree<int, double>::insert(std::pair<int const, double> const&) (bst.h:493)
==18385==    by 0x422913: BSTRemove_TwoChildrenRemove_3Node_Test::TestBody() (test_remove.cpp:65)
==18385==    by 0x4636F2: void testing::internal::HandleExceptionsInMethodIfSupported<testing::Test, void>(testing::Test*, void (testing::Test::*)(), char const*) (in /home/cs104/hw-ykelty/hw7/hw7_check/bst_tests/bst_tests)
==18385==    by 0x45B463: testing::Test::Run() [clone .part.368] (in /home/cs104/hw-ykelty/hw7/hw7_check/bst_tests/bst_tests)
==18385==    by 0x45B71C: testing::TestInfo::Run() [clone .part.369] (in /home/cs104/hw-ykelty/hw7/hw7_check/bst_tests/bst_tests)
==18385==    by 0x45B904: testing::TestCase::Run() [clone .part.370] (in /home/cs104/hw-ykelty/hw7/hw7_check/bst_tests/bst_tests)
==18385==    by 0x45DDB0: testing::internal::UnitTestImpl::RunAllTests() [clone .part.371] [clone .constprop.426] (in /home/cs104/hw-ykelty/hw7/hw7_check/bst_tests/bst_tests)
==18385==    by 0x45E1C0: testing::UnitTest::Run() (in /home/cs104/hw-ykelty/hw7/hw7_check/bst_tests/bst_tests)
==18385==    by 0x40518F: main (in /home/cs104/hw-ykelty/hw7/hw7_check/bst_tests/bst_tests)
==18385== 
==18385== Invalid write of size 8
==18385==    at 0x4301FF: Node<int, double>::~Node() (bst.h:73)
==18385==    by 0x430231: Node<int, double>::~Node() (bst.h:73)
==18385==    by 0x4319E8: BinarySearchTree<int, double>::clearHelper(Node<int, double>*) (bst.h:711)
==18385==    by 0x431980: BinarySearchTree<int, double>::clearHelper(Node<int, double>*) (bst.h:701)
==18385==    by 0x42FA7F: BinarySearchTree<int, double>::clear() (bst.h:724)
==18385==    by 0x42E1AF: BinarySearchTree<int, double>::~BinarySearchTree() (bst.h:426)
==18385==    by 0x42300A: BSTRemove_TwoChildrenRemove_3Node_Test::TestBody() (test_remove.cpp:79)
==18385==    by 0x4636F2: void testing::internal::HandleExceptionsInMethodIfSupported<testing::Test, void>(testing::Test*, void (testing::Test::*)(), char const*) (in /home/cs104/hw-ykelty/hw7/hw7_check/bst_tests/bst_tests)
==18385==    by 0x45B463: testing::Test::Run() [clone .part.368] (in /home/cs104/hw-ykelty/hw7/hw7_check/bst_tests/bst_tests)
==18385==    by 0x45B71C: testing::TestInfo::Run() [clone .part.369] (in /home/cs104/hw-ykelty/hw7/hw7_check/bst_tests/bst_tests)
==18385==    by 0x45B904: testing::TestCase::Run() [clone .part.370] (in /home/cs104/hw-ykelty/hw7/hw7_check/bst_tests/bst_tests)
==18385==    by 0x45DDB0: testing::internal::UnitTestImpl::RunAllTests() [clone .part.371] [clone .constprop.426] (in /home/cs104/hw-ykelty/hw7/hw7_check/bst_tests/bst_tests)
==18385==  Address 0x5ce76f0 is 0 bytes inside a block of size 48 free'd
==18385==    at 0x4C2F23B: operator delete(void*) (in /usr/lib/valgrind/vgpreload_memcheck-amd64-linux.so)
==18385==    by 0x43023D: Node<int, double>::~Node() (bst.h:73)
==18385==    by 0x42E583: BinarySearchTree<int, double>::remove(int const&) (bst.h:587)
==18385==    by 0x422A16: BSTRemove_TwoChildrenRemove_3Node_Test::TestBody() (test_remove.cpp:68)
==18385==    by 0x4636F2: void testing::internal::HandleExceptionsInMethodIfSupported<testing::Test, void>(testing::Test*, void (testing::Test::*)(), char const*) (in /home/cs104/hw-ykelty/hw7/hw7_check/bst_tests/bst_tests)
==18385==    by 0x45B463: testing::Test::Run() [clone .part.368] (in /home/cs104/hw-ykelty/hw7/hw7_check/bst_tests/bst_tests)
==18385==    by 0x45B71C: testing::TestInfo::Run() [clone .part.369] (in /home/cs104/hw-ykelty/hw7/hw7_check/bst_tests/bst_tests)
==18385==    by 0x45B904: testing::TestCase::Run() [clone .part.370] (in /home/cs104/hw-ykelty/hw7/hw7_check/bst_tests/bst_tests)
==18385==    by 0x45DDB0: testing::internal::UnitTestImpl::RunAllTests() [clone .part.371] [clone .constprop.426] (in /home/cs104/hw-ykelty/hw7/hw7_check/bst_tests/bst_tests)
==18385==    by 0x45E1C0: testing::UnitTest::Run() (in /home/cs104/hw-ykelty/hw7/hw7_check/bst_tests/bst_tests)
==18385==    by 0x40518F: main (in /home/cs104/hw-ykelty/hw7/hw7_check/bst_tests/bst_tests)
==18385==  Block was alloc'd at
==18385==    at 0x4C2E17F: operator new(unsigned long) (in /usr/lib/valgrind/vgpreload_memcheck-amd64-linux.so)
==18385==    by 0x42E21B: BinarySearchTree<int, double>::insert(std::pair<int const, double> const&) (bst.h:493)
==18385==    by 0x422913: BSTRemove_TwoChildrenRemove_3Node_Test::TestBody() (test_remove.cpp:65)
==18385==    by 0x4636F2: void testing::internal::HandleExceptionsInMethodIfSupported<testing::Test, void>(testing::Test*, void (testing::Test::*)(), char const*) (in /home/cs104/hw-ykelty/hw7/hw7_check/bst_tests/bst_tests)
==18385==    by 0x45B463: testing::Test::Run() [clone .part.368] (in /home/cs104/hw-ykelty/hw7/hw7_check/bst_tests/bst_tests)
==18385==    by 0x45B71C: testing::TestInfo::Run() [clone .part.369] (in /home/cs104/hw-ykelty/hw7/hw7_check/bst_tests/bst_tests)
==18385==    by 0x45B904: testing::TestCase::Run() [clone .part.370] (in /home/cs104/hw-ykelty/hw7/hw7_check/bst_tests/bst_tests)
==18385==    by 0x45DDB0: testing::internal::UnitTestImpl::RunAllTests() [clone .part.371] [clone .constprop.426] (in /home/cs104/hw-ykelty/hw7/hw7_check/bst_tests/bst_tests)
==18385==    by 0x45E1C0: testing::UnitTest::Run() (in /home/cs104/hw-ykelty/hw7/hw7_check/bst_tests/bst_tests)
==18385==    by 0x40518F: main (in /home/cs104/hw-ykelty/hw7/hw7_check/bst_tests/bst_tests)
==18385== 
==18385== Invalid free() / delete / delete[] / realloc()
==18385==    at 0x4C2F23B: operator delete(void*) (in /usr/lib/valgrind/vgpreload_memcheck-amd64-linux.so)
==18385==    by 0x43023D: Node<int, double>::~Node() (bst.h:73)
==18385==    by 0x4319E8: BinarySearchTree<int, double>::clearHelper(Node<int, double>*) (bst.h:711)
==18385==    by 0x431980: BinarySearchTree<int, double>::clearHelper(Node<int, double>*) (bst.h:701)
==18385==    by 0x42FA7F: BinarySearchTree<int, double>::clear() (bst.h:724)
==18385==    by 0x42E1AF: BinarySearchTree<int, double>::~BinarySearchTree() (bst.h:426)
==18385==    by 0x42300A: BSTRemove_TwoChildrenRemove_3Node_Test::TestBody() (test_remove.cpp:79)
==18385==    by 0x4636F2: void testing::internal::HandleExceptionsInMethodIfSupported<testing::Test, void>(testing::Test*, void (testing::Test::*)(), char const*) (in /home/cs104/hw-ykelty/hw7/hw7_check/bst_tests/bst_tests)
==18385==    by 0x45B463: testing::Test::Run() [clone .part.368] (in /home/cs104/hw-ykelty/hw7/hw7_check/bst_tests/bst_tests)
==18385==    by 0x45B71C: testing::TestInfo::Run() [clone .part.369] (in /home/cs104/hw-ykelty/hw7/hw7_check/bst_tests/bst_tests)
==18385==    by 0x45B904: testing::TestCase::Run() [clone .part.370] (in /home/cs104/hw-ykelty/hw7/hw7_check/bst_tests/bst_tests)
[...]
==18510==    by 0x4251E2: AVLRemove_Random50x30ele_Test::TestBody() (test_remove.cpp:122)
==18510==    by 0x463382: void testing::internal::HandleExceptionsInMethodIfSupported<testing::Test, void>(testing::Test*, void (testing::Test::*)(), char const*) (in /home/cs104/hw-ykelty/hw7/hw7_check/avl_tests/avl_tests)
==18510==    by 0x45B0F3: testing::Test::Run() [clone .part.368] (in /home/cs104/hw-ykelty/hw7/hw7_check/avl_tests/avl_tests)
==18510==    by 0x45B3AC: testing::TestInfo::Run() [clone .part.369] (in /home/cs104/hw-ykelty/hw7/hw7_check/avl_tests/avl_tests)
==18510==    by 0x45B594: testing::TestCase::Run() [clone .part.370] (in /home/cs104/hw-ykelty/hw7/hw7_check/avl_tests/avl_tests)
==18510==    by 0x45DA40: testing::internal::UnitTestImpl::RunAllTests() [clone .part.371] [clone .constprop.426] (in /home/cs104/hw-ykelty/hw7/hw7_check/avl_tests/avl_tests)
==18510==    by 0x45DE50: testing::UnitTest::Run() (in /home/cs104/hw-ykelty/hw7/hw7_check/avl_tests/avl_tests)
==18510==    by 0x40518F: main (in /home/cs104/hw-ykelty/hw7/hw7_check/avl_tests/avl_tests)
==18510==  Address 0x28 is not stack'd, malloc'd or (recently) free'd
==18510== 
==18510== 
==18510== Process terminating with default action of signal 11 (SIGSEGV)
==18510==  Access not within mapped region at address 0x28
==18510==    at 0x422665: AVLNode<int, int>::setBalance(char) (avlbst.h:82)
==18510==    by 0x420032: AVLTree<int, int>::insert(std::pair<int const, int> const&) (avlbst.h:153)
==18510==    by 0x409F0E: void fillTree<int>(BinarySearchTree<int, int>&, std::set<int, std::less<int>, std::allocator<int> > const&, unsigned int) (create_bst.h:39)
==18510==    by 0x4251E2: AVLRemove_Random50x30ele_Test::TestBody() (test_remove.cpp:122)
==18510==    by 0x463382: void testing::internal::HandleExceptionsInMethodIfSupported<testing::Test, void>(testing::Test*, void (testing::Test::*)(), char const*) (in /home/cs104/hw-ykelty/hw7/hw7_check/avl_tests/avl_tests)
==18510==    by 0x45B0F3: testing::Test::Run() [clone .part.368] (in /home/cs104/hw-ykelty/hw7/hw7_check/avl_tests/avl_tests)
==18510==    by 0x45B3AC: testing::TestInfo::Run() [clone .part.369] (in /home/cs104/hw-ykelty/hw7/hw7_check/avl_tests/avl_tests)
==18510==    by 0x45B594: testing::TestCase::Run() [clone .part.370] (in /home/cs104/hw-ykelty/hw7/hw7_check/avl_tests/avl_tests)
==18510==    by 0x45DA40: testing::internal::UnitTestImpl::RunAllTests() [clone .part.371] [clone .constprop.426] (in /home/cs104/hw-ykelty/hw7/hw7_check/avl_tests/avl_tests)
==18510==    by 0x45DE50: testing::UnitTest::Run() (in /home/cs104/hw-ykelty/hw7/hw7_check/avl_tests/avl_tests)
==18510==    by 0x40518F: main (in /home/cs104/hw-ykelty/hw7/hw7_check/avl_tests/avl_tests)
==18510==  If you believe this happened as a result of a stack
==18510==  overflow in your program's main thread (unlikely but
==18510==  possible), you can try to increase the size of the
==18510==  main thread stack using the --main-stacksize= flag.
==18510==  The main thread stack size used in this run was 8388608.
==18510== 
==18510== HEAP SUMMARY:
==18510==     in use at exit: 83,070 bytes in 121 blocks
==18510==   total heap usage: 501 allocs, 380 frees, 131,424 bytes allocated
==18510== 
==18510== LEAK SUMMARY:
==18510==    definitely lost: 0 bytes in 0 blocks
==18510==    indirectly lost: 0 bytes in 0 blocks
==18510==      possibly lost: 0 bytes in 0 blocks
==18510==    still reachable: 10,366 bytes in 120 blocks
==18510==         suppressed: 72,704 bytes in 1 blocks
==18510== Reachable blocks (those to which a pointer was found) are not shown.
==18510== To see them, rerun with: --leak-check=full --show-leak-kinds=all
==18510== 
==18510== For counts of detected and suppressed errors, rerun with: -v
==18510== ERROR SUMMARY: 1 errors from 1 contexts (suppressed: 0 from 0)
<end of output>
Test time =   1.04 sec
----------------------------------------------------------
Test Failed.
"AVLRemove.Random50x30ele" end time: Jul 10 10:34 PDT
"AVLRemove.Random50x30ele" time elapsed: 00:00:01
----------------------------------------------------------

53/59 Testing: AVLStress.InsertRemove
53/59 Test: AVLStress.InsertRemove
Command: "/usr/bin/valgrind" "--tool=memcheck" "--leak-check=yes" "--trace-children=no" "--error-exitcode=113" "/home/cs104/hw-ykelty/hw7/hw7_check/avl_tests/avl_tests" "--gtest_filter=AVLStress.InsertRemove"
Directory: /home/cs104/hw-ykelty/hw7/hw7_check/avl_tests
"AVLStress.InsertRemove" start time: Jul 10 10:34 PDT
Output:
----------------------------------------------------------
==18515== Memcheck, a memory error detector
==18515== Copyright (C) 2002-2017, and GNU GPL'd, by Julian Seward et al.
==18515== Using Valgrind-3.13.0 and LibVEX; rerun with -h for copyright info
==18515== Command: /home/cs104/hw-ykelty/hw7/hw7_check/avl_tests/avl_tests --gtest_filter=AVLStress.InsertRemove
==18515== 
Running main() from gtest_main.cc
Note: Google Test filter = AVLStress.InsertRemove
[==========] Running 1 test from 1 test case.
[----------] Global test environment set-up.
[----------] 1 test from AVLStress
[ RUN      ] AVLStress.InsertRemove
==18515== Invalid write of size 1
==18515==    at 0x431223: AVLNode<int, std::__cxx11::basic_string<char, std::char_traits<char>, std::allocator<char> > >::setBalance(char) (avlbst.h:82)
==18515==    by 0x4301B6: AVLTree<int, std::__cxx11::basic_string<char, std::char_traits<char>, std::allocator<char> > >::insert(std::pair<int const, std::__cxx11::basic_string<char, std::char_traits<char>, std::allocator<char> > > const&) (avlbst.h:153)
==18515==    by 0x425A36: AVLStress_InsertRemove_Test::TestBody() (test_remove.cpp:168)
==18515==    by 0x463382: void testing::internal::HandleExceptionsInMethodIfSupported<testing::Test, void>(testing::Test*, void (testing::Test::*)(), char const*) (in /home/cs104/hw-ykelty/hw7/hw7_check/avl_tests/avl_tests)
==18515==    by 0x45B0F3: testing::Test::Run() [clone .part.368] (in /home/cs104/hw-ykelty/hw7/hw7_check/avl_tests/avl_tests)
==18515==    by 0x45B3AC: testing::TestInfo::Run() [clone .part.369] (in /home/cs104/hw-ykelty/hw7/hw7_check/avl_tests/avl_tests)
==18515==    by 0x45B594: testing::TestCase::Run() [clone .part.370] (in /home/cs104/hw-ykelty/hw7/hw7_check/avl_tests/avl_tests)
==18515==    by 0x45DA40: testing::internal::UnitTestImpl::RunAllTests() [clone .part.371] [clone .constprop.426] (in /home/cs104/hw-ykelty/hw7/hw7_check/avl_tests/avl_tests)
==18515==    by 0x45DE50: testing::UnitTest::Run() (in /home/cs104/hw-ykelty/hw7/hw7_check/avl_tests/avl_tests)
==18515==    by 0x40518F: main (in /home/cs104/hw-ykelty/hw7/hw7_check/avl_tests/avl_tests)
==18515==  Address 0x48 is not stack'd, malloc'd or (recently) free'd
==18515== 
==18515== 
==18515== Process terminating with default action of signal 11 (SIGSEGV)
==18515==  Access not within mapped region at address 0x48
==18515==    at 0x431223: AVLNode<int, std::__cxx11::basic_string<char, std::char_traits<char>, std::allocator<char> > >::setBalance(char) (avlbst.h:82)
==18515==    by 0x4301B6: AVLTree<int, std::__cxx11::basic_string<char, std::char_traits<char>, std::allocator<char> > >::insert(std::pair<int const, std::__cxx11::basic_string<char, std::char_traits<char>, std::allocator<char> > > const&) (avlbst.h:153)
==18515==    by 0x425A36: AVLStress_InsertRemove_Test::TestBody() (test_remove.cpp:168)
==18515==    by 0x463382: void testing::internal::HandleExceptionsInMethodIfSupported<testing::Test, void>(testing::Test*, void (testing::Test::*)(), char const*) (in /home/cs104/hw-ykelty/hw7/hw7_check/avl_tests/avl_tests)
==18515==    by 0x45B0F3: testing::Test::Run() [clone .part.368] (in /home/cs104/hw-ykelty/hw7/hw7_check/avl_tests/avl_tests)
==18515==    by 0x45B3AC: testing::TestInfo::Run() [clone .part.369] (in /home/cs104/hw-ykelty/hw7/hw7_check/avl_tests/avl_tests)
==18515==    by 0x45B594: testing::TestCase::Run() [clone .part.370] (in /home/cs104/hw-ykelty/hw7/hw7_check/avl_tests/avl_tests)
==18515==    by 0x45DA40: testing::internal::UnitTestImpl::RunAllTests() [clone .part.371] [clone .constprop.426] (in /home/cs104/hw-ykelty/hw7/hw7_check/avl_tests/avl_tests)
==18515==    by 0x45DE50: testing::UnitTest::Run() (in /home/cs104/hw-ykelty/hw7/hw7_check/avl_tests/avl_tests)
==18515==    by 0x40518F: main (in /home/cs104/hw-ykelty/hw7/hw7_check/avl_tests/avl_tests)
==18515==  If you believe this happened as a result of a stack
==18515==  overflow in your program's main thread (unlikely but
==18515==  possible), you can try to increase the size of the
==18515==  main thread stack using the --main-stacksize= flag.
==18515==  The main thread stack size used in this run was 8388608.
==18515== 
==18515== HEAP SUMMARY:
==18515==     in use at exit: 81,148 bytes in 89 blocks
==18515==   total heap usage: 319 allocs, 230 frees, 123,490 bytes allocated
==18515== 
==18515== LEAK SUMMARY:
==18515==    definitely lost: 0 bytes in 0 blocks
==18515==    indirectly lost: 0 bytes in 0 blocks
==18515==      possibly lost: 0 bytes in 0 blocks
==18515==    still reachable: 8,444 bytes in 88 blocks
==18515==         suppressed: 72,704 bytes in 1 blocks
==18515== Reachable blocks (those to which a pointer was found) are not shown.
==18515== To see them, rerun with: --leak-check=full --show-leak-kinds=all
==18515== 
==18515== For counts of detected and suppressed errors, rerun with: -v
==18515== ERROR SUMMARY: 1 errors from 1 contexts (suppressed: 0 from 0)
<end of output>
Test time =   1.01 sec
----------------------------------------------------------
Test Failed.
"AVLStress.InsertRemove" end time: Jul 10 10:34 PDT
"AVLStress.InsertRemove" time elapsed: 00:00:01
----------------------------------------------------------

54/59 Testing: AVLStress.Remove
54/59 Test: AVLStress.Remove
Command: "/usr/bin/valgrind" "--tool=memcheck" "--leak-check=yes" "--trace-children=no" "--error-exitcode=113" "/home/cs104/hw-ykelty/hw7/hw7_check/avl_tests/avl_tests" "--gtest_filter=AVLStress.Remove"
Directory: /home/cs104/hw-ykelty/hw7/hw7_check/avl_tests
"AVLStress.Remove" start time: Jul 10 10:34 PDT
Output:
----------------------------------------------------------
==18520== Memcheck, a memory error detector
==18520== Copyright (C) 2002-2017, and GNU GPL'd, by Julian Seward et al.
==18520== Using Valgrind-3.13.0 and LibVEX; rerun with -h for copyright info
==18520== Command: /home/cs104/hw-ykelty/hw7/hw7_check/avl_tests/avl_tests --gtest_filter=AVLStress.Remove
==18520== 
Running main() from gtest_main.cc
Note: Google Test filter = AVLStress.Remove
[==========] Running 1 test from 1 test case.
[----------] Global test environment set-up.
[----------] 1 test from AVLStress
[ RUN      ] AVLStress.Remove
==18520== Invalid write of size 1
==18520==    at 0x422665: AVLNode<int, int>::setBalance(char) (avlbst.h:82)
==18520==    by 0x420032: AVLTree<int, int>::insert(std::pair<int const, int> const&) (avlbst.h:153)
==18520==    by 0x42D492: AVLStress_Remove_Test::TestBody() (test_remove.cpp:389)
==18520==    by 0x463382: void testing::internal::HandleExceptionsInMethodIfSupported<testing::Test, void>(testing::Test*, void (testing::Test::*)(), char const*) (in /home/cs104/hw-ykelty/hw7/hw7_check/avl_tests/avl_tests)
==18520==    by 0x45B0F3: testing::Test::Run() [clone .part.368] (in /home/cs104/hw-ykelty/hw7/hw7_check/avl_tests/avl_tests)
==18520==    by 0x45B3AC: testing::TestInfo::Run() [clone .part.369] (in /home/cs104/hw-ykelty/hw7/hw7_check/avl_tests/avl_tests)
==18520==    by 0x45B594: testing::TestCase::Run() [clone .part.370] (in /home/cs104/hw-ykelty/hw7/hw7_check/avl_tests/avl_tests)
==18520==    by 0x45DA40: testing::internal::UnitTestImpl::RunAllTests() [clone .part.371] [clone .constprop.426] (in /home/cs104/hw-ykelty/hw7/hw7_check/avl_tests/avl_tests)
==18520==    by 0x45DE50: testing::UnitTest::Run() (in /home/cs104/hw-ykelty/hw7/hw7_check/avl_tests/avl_tests)
==18520==    by 0x40518F: main (in /home/cs104/hw-ykelty/hw7/hw7_check/avl_tests/avl_tests)
==18520==  Address 0x28 is not stack'd, malloc'd or (recently) free'd
==18520== 
==18520== 
==18520== Process terminating with default action of signal 11 (SIGSEGV)
==18520==  Access not within mapped region at address 0x28
==18520==    at 0x422665: AVLNode<int, int>::setBalance(char) (avlbst.h:82)
==18520==    by 0x420032: AVLTree<int, int>::insert(std::pair<int const, int> const&) (avlbst.h:153)
==18520==    by 0x42D492: AVLStress_Remove_Test::TestBody() (test_remove.cpp:389)
==18520==    by 0x463382: void testing::internal::HandleExceptionsInMethodIfSupported<testing::Test, void>(testing::Test*, void (testing::Test::*)(), char const*) (in /home/cs104/hw-ykelty/hw7/hw7_check/avl_tests/avl_tests)
==18520==    by 0x45B0F3: testing::Test::Run() [clone .part.368] (in /home/cs104/hw-ykelty/hw7/hw7_check/avl_tests/avl_tests)
==18520==    by 0x45B3AC: testing::TestInfo::Run() [clone .part.369] (in /home/cs104/hw-ykelty/hw7/hw7_check/avl_tests/avl_tests)
==18520==    by 0x45B594: testing::TestCase::Run() [clone .part.370] (in /home/cs104/hw-ykelty/hw7/hw7_check/avl_tests/avl_tests)
==18520==    by 0x45DA40: testing::internal::UnitTestImpl::RunAllTests() [clone .part.371] [clone .constprop.426] (in /home/cs104/hw-ykelty/hw7/hw7_check/avl_tests/avl_tests)
==18520==    by 0x45DE50: testing::UnitTest::Run() (in /home/cs104/hw-ykelty/hw7/hw7_check/avl_tests/avl_tests)
==18520==    by 0x40518F: main (in /home/cs104/hw-ykelty/hw7/hw7_check/avl_tests/avl_tests)
==18520==  If you believe this happened as a result of a stack
==18520==  overflow in your program's main thread (unlikely but
==18520==  possible), you can try to increase the size of the
==18520==  main thread stack using the --main-stacksize= flag.
==18520==  The main thread stack size used in this run was 8388608.
==18520== 
==18520== HEAP SUMMARY:
==18520==     in use at exit: 81,142 bytes in 89 blocks
==18520==   total heap usage: 319 allocs, 230 frees, 123,448 bytes allocated
==18520== 
==18520== LEAK SUMMARY:
==18520==    definitely lost: 0 bytes in 0 blocks
==18520==    indirectly lost: 0 bytes in 0 blocks
==18520==      possibly lost: 0 bytes in 0 blocks
==18520==    still reachable: 8,438 bytes in 88 blocks
==18520==         suppressed: 72,704 bytes in 1 blocks
==18520== Reachable blocks (those to which a pointer was found) are not shown.
==18520== To see them, rerun with: --leak-check=full --show-leak-kinds=all
==18520== 
==18520== For counts of detected and suppressed errors, rerun with: -v
==18520== ERROR SUMMARY: 1 errors from 1 contexts (suppressed: 0 from 0)
<end of output>
Test time =   1.00 sec
----------------------------------------------------------
Test Failed.
"AVLStress.Remove" end time: Jul 10 10:34 PDT
"AVLStress.Remove" time elapsed: 00:00:01
----------------------------------------------------------

55/59 Testing: AVLRuntime.InsertAscending
55/59 Test: AVLRuntime.InsertAscending
Command: "/home/cs104/hw-ykelty/hw7/hw7_check/avl_tests/avl_runtime_tests" "--gtest_filter=AVLRuntime.InsertAscending"
Directory: /home/cs104/hw-ykelty/hw7/hw7_check/avl_tests
"AVLRuntime.InsertAscending" start time: Jul 10 10:34 PDT
Output:
----------------------------------------------------------
Running main() from gtest_main.cc
Note: Google Test filter = AVLRuntime.InsertAscending
[==========] Running 1 test from 1 test case.
[----------] Global test environment set-up.
[----------] 1 test from AVLRuntime
[ RUN      ] AVLRuntime.InsertAscending
>> Evaluating runtime of AVLTree::insert() with keys in ascending order
Testing with 2^0 (1) elements (trial 1/30)
<end of output>
Test time =   0.20 sec
----------------------------------------------------------
Test Failed.
"AVLRuntime.InsertAscending" end time: Jul 10 10:35 PDT
"AVLRuntime.InsertAscending" time elapsed: 00:00:00
----------------------------------------------------------

56/59 Testing: AVLRuntime.InsertDescending
56/59 Test: AVLRuntime.InsertDescending
Command: "/home/cs104/hw-ykelty/hw7/hw7_check/avl_tests/avl_runtime_tests" "--gtest_filter=AVLRuntime.InsertDescending"
Directory: /home/cs104/hw-ykelty/hw7/hw7_check/avl_tests
"AVLRuntime.InsertDescending" start time: Jul 10 10:35 PDT
Output:
----------------------------------------------------------
Running main() from gtest_main.cc
Note: Google Test filter = AVLRuntime.InsertDescending
[==========] Running 1 test from 1 test case.
[----------] Global test environment set-up.
[----------] 1 test from AVLRuntime
[ RUN      ] AVLRuntime.InsertDescending
>> Evaluating runtime of AVLTree::insert() with keys in descending order
Testing with 2^0 (1) elements (trial 1/30)
<end of output>
Test time =   0.17 sec
----------------------------------------------------------
Test Failed.
"AVLRuntime.InsertDescending" end time: Jul 10 10:35 PDT
"AVLRuntime.InsertDescending" time elapsed: 00:00:00
----------------------------------------------------------

57/59 Testing: AVLRuntime.InsertRandom
57/59 Test: AVLRuntime.InsertRandom
Command: "/home/cs104/hw-ykelty/hw7/hw7_check/avl_tests/avl_runtime_tests" "--gtest_filter=AVLRuntime.InsertRandom"
Directory: /home/cs104/hw-ykelty/hw7/hw7_check/avl_tests
"AVLRuntime.InsertRandom" start time: Jul 10 10:35 PDT
Output:
----------------------------------------------------------
Running main() from gtest_main.cc
Note: Google Test filter = AVLRuntime.InsertRandom
[==========] Running 1 test from 1 test case.
[----------] Global test environment set-up.
[----------] 1 test from AVLRuntime
[ RUN      ] AVLRuntime.InsertRandom
>> Evaluating runtime of AVLTree::insert() with keys in random order
Testing with 2^0 (1) elements (trial 1/30)
<end of output>
Test time =   0.19 sec
----------------------------------------------------------
Test Failed.
"AVLRuntime.InsertRandom" end time: Jul 10 10:35 PDT
"AVLRuntime.InsertRandom" time elapsed: 00:00:00
----------------------------------------------------------

58/59 Testing: AVLRuntime.RemoveMin
58/59 Test: AVLRuntime.RemoveMin
Command: "/home/cs104/hw-ykelty/hw7/hw7_check/avl_tests/avl_runtime_tests" "--gtest_filter=AVLRuntime.RemoveMin"
Directory: /home/cs104/hw-ykelty/hw7/hw7_check/avl_tests
"AVLRuntime.RemoveMin" start time: Jul 10 10:35 PDT
Output:
----------------------------------------------------------
Running main() from gtest_main.cc
Note: Google Test filter = AVLRuntime.RemoveMin
[==========] Running 1 test from 1 test case.
[----------] Global test environment set-up.
[----------] 1 test from AVLRuntime
[ RUN      ] AVLRuntime.RemoveMin
>> Evaluating runtime of AVLTree::remove() on min element
Testing with 2^0 (1) elements (trial 1/30)
<end of output>
Test time =   0.22 sec
----------------------------------------------------------
Test Failed.
"AVLRuntime.RemoveMin" end time: Jul 10 10:35 PDT
"AVLRuntime.RemoveMin" time elapsed: 00:00:00
----------------------------------------------------------

59/59 Testing: AVLRuntime.RemoveMax
59/59 Test: AVLRuntime.RemoveMax
Command: "/home/cs104/hw-ykelty/hw7/hw7_check/avl_tests/avl_runtime_tests" "--gtest_filter=AVLRuntime.RemoveMax"
Directory: /home/cs104/hw-ykelty/hw7/hw7_check/avl_tests
"AVLRuntime.RemoveMax" start time: Jul 10 10:35 PDT
Output:
----------------------------------------------------------
Running main() from gtest_main.cc
Note: Google Test filter = AVLRuntime.RemoveMax
[==========] Running 1 test from 1 test case.
[----------] Global test environment set-up.
[----------] 1 test from AVLRuntime
[ RUN      ] AVLRuntime.RemoveMax
>> Evaluating runtime of AVLTree::remove() on max element
Testing with 2^0 (1) elements (trial 1/30)
<end of output>
Test time =   0.18 sec
----------------------------------------------------------
Test Failed.
"AVLRuntime.RemoveMax" end time: Jul 10 10:35 PDT
"AVLRuntime.RemoveMax" time elapsed: 00:00:00
----------------------------------------------------------

End testing: Jul 10 10:35 PDT
