Start testing: Jul 03 22:49 PDT
----------------------------------------------------------
1/83 Testing: Duplicates.Empty
1/83 Test: Duplicates.Empty
Command: "/usr/bin/valgrind" "--tool=memcheck" "--leak-check=yes" "--trace-children=no" "/home/cs104/hw-ykelty/hw4/hw4_tests/llremdup_tests/llremdup_tests" "--gtest_filter=Duplicates.Empty"
Directory: /home/cs104/hw-ykelty/hw4/hw4_tests/llremdup_tests
"Duplicates.Empty" start time: Jul 03 22:49 PDT
Output:
----------------------------------------------------------
==4607== Memcheck, a memory error detector
==4607== Copyright (C) 2002-2017, and GNU GPL'd, by Julian Seward et al.
==4607== Using Valgrind-3.13.0 and LibVEX; rerun with -h for copyright info
==4607== Command: /home/cs104/hw-ykelty/hw4/hw4_tests/llremdup_tests/llremdup_tests --gtest_filter=Duplicates.Empty
==4607== 
Running main() from gtest_main.cc
Note: Google Test filter = Duplicates.Empty
[==========] Running 1 test from 1 test case.
[----------] Global test environment set-up.
[----------] 1 test from Duplicates
[ RUN      ] Duplicates.Empty
==4607== Invalid read of size 8
==4607==    at 0x40F727: removeConsecutive(Item*) (rem_dup_lib.cpp:7)
==4607==    by 0x404F35: Duplicates_Empty_Test::TestBody() (llremdup_tests.cpp:13)
==4607==    by 0x436C02: void testing::internal::HandleExceptionsInMethodIfSupported<testing::Test, void>(testing::Test*, void (testing::Test::*)(), char const*) (in /home/cs104/hw-ykelty/hw4/hw4_tests/llremdup_tests/llremdup_tests)
==4607==    by 0x42E823: testing::Test::Run() [clone .part.368] (in /home/cs104/hw-ykelty/hw4/hw4_tests/llremdup_tests/llremdup_tests)
==4607==    by 0x42EADC: testing::TestInfo::Run() [clone .part.369] (in /home/cs104/hw-ykelty/hw4/hw4_tests/llremdup_tests/llremdup_tests)
==4607==    by 0x42ECC4: testing::TestCase::Run() [clone .part.370] (in /home/cs104/hw-ykelty/hw4/hw4_tests/llremdup_tests/llremdup_tests)
==4607==    by 0x431170: testing::internal::UnitTestImpl::RunAllTests() [clone .part.371] [clone .constprop.426] (in /home/cs104/hw-ykelty/hw4/hw4_tests/llremdup_tests/llremdup_tests)
==4607==    by 0x431580: testing::UnitTest::Run() (in /home/cs104/hw-ykelty/hw4/hw4_tests/llremdup_tests/llremdup_tests)
==4607==    by 0x404B2F: main (in /home/cs104/hw-ykelty/hw4/hw4_tests/llremdup_tests/llremdup_tests)
==4607==  Address 0x8 is not stack'd, malloc'd or (recently) free'd
==4607== 
==4607== 
==4607== Process terminating with default action of signal 11 (SIGSEGV)
==4607==  Access not within mapped region at address 0x8
==4607==    at 0x40F727: removeConsecutive(Item*) (rem_dup_lib.cpp:7)
==4607==    by 0x404F35: Duplicates_Empty_Test::TestBody() (llremdup_tests.cpp:13)
==4607==    by 0x436C02: void testing::internal::HandleExceptionsInMethodIfSupported<testing::Test, void>(testing::Test*, void (testing::Test::*)(), char const*) (in /home/cs104/hw-ykelty/hw4/hw4_tests/llremdup_tests/llremdup_tests)
==4607==    by 0x42E823: testing::Test::Run() [clone .part.368] (in /home/cs104/hw-ykelty/hw4/hw4_tests/llremdup_tests/llremdup_tests)
==4607==    by 0x42EADC: testing::TestInfo::Run() [clone .part.369] (in /home/cs104/hw-ykelty/hw4/hw4_tests/llremdup_tests/llremdup_tests)
==4607==    by 0x42ECC4: testing::TestCase::Run() [clone .part.370] (in /home/cs104/hw-ykelty/hw4/hw4_tests/llremdup_tests/llremdup_tests)
==4607==    by 0x431170: testing::internal::UnitTestImpl::RunAllTests() [clone .part.371] [clone .constprop.426] (in /home/cs104/hw-ykelty/hw4/hw4_tests/llremdup_tests/llremdup_tests)
==4607==    by 0x431580: testing::UnitTest::Run() (in /home/cs104/hw-ykelty/hw4/hw4_tests/llremdup_tests/llremdup_tests)
==4607==    by 0x404B2F: main (in /home/cs104/hw-ykelty/hw4/hw4_tests/llremdup_tests/llremdup_tests)
==4607==  If you believe this happened as a result of a stack
==4607==  overflow in your program's main thread (unlikely but
==4607==  possible), you can try to increase the size of the
==4607==  main thread stack using the --main-stacksize= flag.
==4607==  The main thread stack size used in this run was 8388608.
==4607== 
==4607== HEAP SUMMARY:
==4607==     in use at exit: 79,764 bytes in 80 blocks
==4607==   total heap usage: 311 allocs, 231 frees, 122,264 bytes allocated
==4607== 
==4607== LEAK SUMMARY:
==4607==    definitely lost: 0 bytes in 0 blocks
==4607==    indirectly lost: 0 bytes in 0 blocks
==4607==      possibly lost: 0 bytes in 0 blocks
==4607==    still reachable: 7,060 bytes in 79 blocks
==4607==         suppressed: 72,704 bytes in 1 blocks
==4607== Reachable blocks (those to which a pointer was found) are not shown.
==4607== To see them, rerun with: --leak-check=full --show-leak-kinds=all
==4607== 
==4607== For counts of detected and suppressed errors, rerun with: -v
==4607== ERROR SUMMARY: 1 errors from 1 contexts (suppressed: 0 from 0)
<end of output>
Test time =   5.70 sec
----------------------------------------------------------
Test Failed.
"Duplicates.Empty" end time: Jul 03 22:49 PDT
"Duplicates.Empty" time elapsed: 00:00:05
----------------------------------------------------------

2/83 Testing: Duplicates.OneValueNoDuplicate
2/83 Test: Duplicates.OneValueNoDuplicate
Command: "/usr/bin/valgrind" "--tool=memcheck" "--leak-check=yes" "--trace-children=no" "/home/cs104/hw-ykelty/hw4/hw4_tests/llremdup_tests/llremdup_tests" "--gtest_filter=Duplicates.OneValueNoDuplicate"
Directory: /home/cs104/hw-ykelty/hw4/hw4_tests/llremdup_tests
"Duplicates.OneValueNoDuplicate" start time: Jul 03 22:49 PDT
Output:
----------------------------------------------------------
==4613== Memcheck, a memory error detector
==4613== Copyright (C) 2002-2017, and GNU GPL'd, by Julian Seward et al.
==4613== Using Valgrind-3.13.0 and LibVEX; rerun with -h for copyright info
==4613== Command: /home/cs104/hw-ykelty/hw4/hw4_tests/llremdup_tests/llremdup_tests --gtest_filter=Duplicates.OneValueNoDuplicate
==4613== 
Running main() from gtest_main.cc
Note: Google Test filter = Duplicates.OneValueNoDuplicate
[==========] Running 1 test from 1 test case.
[----------] Global test environment set-up.
[----------] 1 test from Duplicates
[ RUN      ] Duplicates.OneValueNoDuplicate
[       OK ] Duplicates.OneValueNoDuplicate (20 ms)
[----------] 1 test from Duplicates (27 ms total)

[----------] Global test environment tear-down
[==========] 1 test from 1 test case ran. (64 ms total)
[  PASSED  ] 1 test.
==4613== 
==4613== HEAP SUMMARY:
==4613==     in use at exit: 72,704 bytes in 1 blocks
==4613==   total heap usage: 328 allocs, 327 frees, 128,721 bytes allocated
==4613== 
==4613== LEAK SUMMARY:
==4613==    definitely lost: 0 bytes in 0 blocks
==4613==    indirectly lost: 0 bytes in 0 blocks
==4613==      possibly lost: 0 bytes in 0 blocks
==4613==    still reachable: 0 bytes in 0 blocks
==4613==         suppressed: 72,704 bytes in 1 blocks
==4613== 
==4613== For counts of detected and suppressed errors, rerun with: -v
==4613== ERROR SUMMARY: 0 errors from 0 contexts (suppressed: 0 from 0)
<end of output>
Test time =   0.96 sec
----------------------------------------------------------
Test Passed.
"Duplicates.OneValueNoDuplicate" end time: Jul 03 22:49 PDT
"Duplicates.OneValueNoDuplicate" time elapsed: 00:00:00
----------------------------------------------------------

3/83 Testing: Duplicates.OneValueOneDuplicate
3/83 Test: Duplicates.OneValueOneDuplicate
Command: "/usr/bin/valgrind" "--tool=memcheck" "--leak-check=yes" "--trace-children=no" "/home/cs104/hw-ykelty/hw4/hw4_tests/llremdup_tests/llremdup_tests" "--gtest_filter=Duplicates.OneValueOneDuplicate"
Directory: /home/cs104/hw-ykelty/hw4/hw4_tests/llremdup_tests
"Duplicates.OneValueOneDuplicate" start time: Jul 03 22:49 PDT
Output:
----------------------------------------------------------
==4617== Memcheck, a memory error detector
==4617== Copyright (C) 2002-2017, and GNU GPL'd, by Julian Seward et al.
==4617== Using Valgrind-3.13.0 and LibVEX; rerun with -h for copyright info
==4617== Command: /home/cs104/hw-ykelty/hw4/hw4_tests/llremdup_tests/llremdup_tests --gtest_filter=Duplicates.OneValueOneDuplicate
==4617== 
Running main() from gtest_main.cc
Note: Google Test filter = Duplicates.OneValueOneDuplicate
[==========] Running 1 test from 1 test case.
[----------] Global test environment set-up.
[----------] 1 test from Duplicates
[ RUN      ] Duplicates.OneValueOneDuplicate
1
==4617== Invalid read of size 8
==4617==    at 0x40F727: removeConsecutive(Item*) (rem_dup_lib.cpp:7)
==4617==    by 0x40F7B2: removeConsecutive(Item*) (rem_dup_lib.cpp:17)
==4617==    by 0x4053B1: Duplicates_OneValueOneDuplicate_Test::TestBody() (llremdup_tests.cpp:33)
==4617==    by 0x436C02: void testing::internal::HandleExceptionsInMethodIfSupported<testing::Test, void>(testing::Test*, void (testing::Test::*)(), char const*) (in /home/cs104/hw-ykelty/hw4/hw4_tests/llremdup_tests/llremdup_tests)
==4617==    by 0x42E823: testing::Test::Run() [clone .part.368] (in /home/cs104/hw-ykelty/hw4/hw4_tests/llremdup_tests/llremdup_tests)
==4617==    by 0x42EADC: testing::TestInfo::Run() [clone .part.369] (in /home/cs104/hw-ykelty/hw4/hw4_tests/llremdup_tests/llremdup_tests)
==4617==    by 0x42ECC4: testing::TestCase::Run() [clone .part.370] (in /home/cs104/hw-ykelty/hw4/hw4_tests/llremdup_tests/llremdup_tests)
==4617==    by 0x431170: testing::internal::UnitTestImpl::RunAllTests() [clone .part.371] [clone .constprop.426] (in /home/cs104/hw-ykelty/hw4/hw4_tests/llremdup_tests/llremdup_tests)
==4617==    by 0x431580: testing::UnitTest::Run() (in /home/cs104/hw-ykelty/hw4/hw4_tests/llremdup_tests/llremdup_tests)
==4617==    by 0x404B2F: main (in /home/cs104/hw-ykelty/hw4/hw4_tests/llremdup_tests/llremdup_tests)
==4617==  Address 0x8 is not stack'd, malloc'd or (recently) free'd
==4617== 
==4617== 
==4617== Process terminating with default action of signal 11 (SIGSEGV)
==4617==  Access not within mapped region at address 0x8
==4617==    at 0x40F727: removeConsecutive(Item*) (rem_dup_lib.cpp:7)
==4617==    by 0x40F7B2: removeConsecutive(Item*) (rem_dup_lib.cpp:17)
==4617==    by 0x4053B1: Duplicates_OneValueOneDuplicate_Test::TestBody() (llremdup_tests.cpp:33)
==4617==    by 0x436C02: void testing::internal::HandleExceptionsInMethodIfSupported<testing::Test, void>(testing::Test*, void (testing::Test::*)(), char const*) (in /home/cs104/hw-ykelty/hw4/hw4_tests/llremdup_tests/llremdup_tests)
==4617==    by 0x42E823: testing::Test::Run() [clone .part.368] (in /home/cs104/hw-ykelty/hw4/hw4_tests/llremdup_tests/llremdup_tests)
==4617==    by 0x42EADC: testing::TestInfo::Run() [clone .part.369] (in /home/cs104/hw-ykelty/hw4/hw4_tests/llremdup_tests/llremdup_tests)
==4617==    by 0x42ECC4: testing::TestCase::Run() [clone .part.370] (in /home/cs104/hw-ykelty/hw4/hw4_tests/llremdup_tests/llremdup_tests)
==4617==    by 0x431170: testing::internal::UnitTestImpl::RunAllTests() [clone .part.371] [clone .constprop.426] (in /home/cs104/hw-ykelty/hw4/hw4_tests/llremdup_tests/llremdup_tests)
==4617==    by 0x431580: testing::UnitTest::Run() (in /home/cs104/hw-ykelty/hw4/hw4_tests/llremdup_tests/llremdup_tests)
==4617==    by 0x404B2F: main (in /home/cs104/hw-ykelty/hw4/hw4_tests/llremdup_tests/llremdup_tests)
==4617==  If you believe this happened as a result of a stack
==4617==  overflow in your program's main thread (unlikely but
==4617==  possible), you can try to increase the size of the
==4617==  main thread stack using the --main-stacksize= flag.
==4617==  The main thread stack size used in this run was 8388608.
==4617== 
==4617== HEAP SUMMARY:
==4617==     in use at exit: 79,797 bytes in 81 blocks
==4617==   total heap usage: 314 allocs, 233 frees, 122,431 bytes allocated
==4617== 
==4617== LEAK SUMMARY:
==4617==    definitely lost: 0 bytes in 0 blocks
==4617==    indirectly lost: 0 bytes in 0 blocks
==4617==      possibly lost: 0 bytes in 0 blocks
==4617==    still reachable: 7,093 bytes in 80 blocks
==4617==         suppressed: 72,704 bytes in 1 blocks
==4617== Reachable blocks (those to which a pointer was found) are not shown.
==4617== To see them, rerun with: --leak-check=full --show-leak-kinds=all
==4617== 
==4617== For counts of detected and suppressed errors, rerun with: -v
==4617== ERROR SUMMARY: 1 errors from 1 contexts (suppressed: 0 from 0)
<end of output>
Test time =   6.21 sec
----------------------------------------------------------
Test Failed.
"Duplicates.OneValueOneDuplicate" end time: Jul 03 22:49 PDT
"Duplicates.OneValueOneDuplicate" time elapsed: 00:00:06
----------------------------------------------------------

4/83 Testing: Duplicates.TwoValuesNoDuplicate
4/83 Test: Duplicates.TwoValuesNoDuplicate
Command: "/usr/bin/valgrind" "--tool=memcheck" "--leak-check=yes" "--trace-children=no" "/home/cs104/hw-ykelty/hw4/hw4_tests/llremdup_tests/llremdup_tests" "--gtest_filter=Duplicates.TwoValuesNoDuplicate"
Directory: /home/cs104/hw-ykelty/hw4/hw4_tests/llremdup_tests
"Duplicates.TwoValuesNoDuplicate" start time: Jul 03 22:49 PDT
Output:
----------------------------------------------------------
==4642== Memcheck, a memory error detector
==4642== Copyright (C) 2002-2017, and GNU GPL'd, by Julian Seward et al.
==4642== Using Valgrind-3.13.0 and LibVEX; rerun with -h for copyright info
==4642== Command: /home/cs104/hw-ykelty/hw4/hw4_tests/llremdup_tests/llremdup_tests --gtest_filter=Duplicates.TwoValuesNoDuplicate
==4642== 
Running main() from gtest_main.cc
Note: Google Test filter = Duplicates.TwoValuesNoDuplicate
[==========] Running 1 test from 1 test case.
[----------] Global test environment set-up.
[----------] 1 test from Duplicates
[ RUN      ] Duplicates.TwoValuesNoDuplicate
[       OK ] Duplicates.TwoValuesNoDuplicate (24 ms)
[----------] 1 test from Duplicates (30 ms total)

[----------] Global test environment tear-down
[==========] 1 test from 1 test case ran. (73 ms total)
[  PASSED  ] 1 test.
==4642== 
==4642== HEAP SUMMARY:
==4642==     in use at exit: 72,704 bytes in 1 blocks
==4642==   total heap usage: 329 allocs, 328 frees, 128,774 bytes allocated
==4642== 
==4642== LEAK SUMMARY:
==4642==    definitely lost: 0 bytes in 0 blocks
==4642==    indirectly lost: 0 bytes in 0 blocks
==4642==      possibly lost: 0 bytes in 0 blocks
==4642==    still reachable: 0 bytes in 0 blocks
==4642==         suppressed: 72,704 bytes in 1 blocks
==4642== 
==4642== For counts of detected and suppressed errors, rerun with: -v
==4642== ERROR SUMMARY: 0 errors from 0 contexts (suppressed: 0 from 0)
<end of output>
Test time =   0.90 sec
----------------------------------------------------------
Test Passed.
"Duplicates.TwoValuesNoDuplicate" end time: Jul 03 22:49 PDT
"Duplicates.TwoValuesNoDuplicate" time elapsed: 00:00:00
----------------------------------------------------------

5/83 Testing: Duplicates.TwoValueOneDuplicateA
5/83 Test: Duplicates.TwoValueOneDuplicateA
Command: "/usr/bin/valgrind" "--tool=memcheck" "--leak-check=yes" "--trace-children=no" "/home/cs104/hw-ykelty/hw4/hw4_tests/llremdup_tests/llremdup_tests" "--gtest_filter=Duplicates.TwoValueOneDuplicateA"
Directory: /home/cs104/hw-ykelty/hw4/hw4_tests/llremdup_tests
"Duplicates.TwoValueOneDuplicateA" start time: Jul 03 22:49 PDT
Output:
----------------------------------------------------------
==4643== Memcheck, a memory error detector
==4643== Copyright (C) 2002-2017, and GNU GPL'd, by Julian Seward et al.
==4643== Using Valgrind-3.13.0 and LibVEX; rerun with -h for copyright info
==4643== Command: /home/cs104/hw-ykelty/hw4/hw4_tests/llremdup_tests/llremdup_tests --gtest_filter=Duplicates.TwoValueOneDuplicateA
==4643== 
Running main() from gtest_main.cc
Note: Google Test filter = Duplicates.TwoValueOneDuplicateA
[==========] Running 1 test from 1 test case.
[----------] Global test environment set-up.
[----------] 1 test from Duplicates
[ RUN      ] Duplicates.TwoValueOneDuplicateA
1
[       OK ] Duplicates.TwoValueOneDuplicateA (27 ms)
[----------] 1 test from Duplicates (33 ms total)

[----------] Global test environment tear-down
[==========] 1 test from 1 test case ran. (69 ms total)
[  PASSED  ] 1 test.
==4643== 
==4643== HEAP SUMMARY:
==4643==     in use at exit: 72,704 bytes in 1 blocks
==4643==   total heap usage: 330 allocs, 329 frees, 128,823 bytes allocated
==4643== 
==4643== LEAK SUMMARY:
==4643==    definitely lost: 0 bytes in 0 blocks
==4643==    indirectly lost: 0 bytes in 0 blocks
==4643==      possibly lost: 0 bytes in 0 blocks
==4643==    still reachable: 0 bytes in 0 blocks
==4643==         suppressed: 72,704 bytes in 1 blocks
==4643== 
==4643== For counts of detected and suppressed errors, rerun with: -v
==4643== ERROR SUMMARY: 0 errors from 0 contexts (suppressed: 0 from 0)
<end of output>
Test time =   0.92 sec
----------------------------------------------------------
Test Passed.
"Duplicates.TwoValueOneDuplicateA" end time: Jul 03 22:49 PDT
"Duplicates.TwoValueOneDuplicateA" time elapsed: 00:00:00
----------------------------------------------------------

6/83 Testing: Duplicates.TwoValueOneDuplicateB
6/83 Test: Duplicates.TwoValueOneDuplicateB
Command: "/usr/bin/valgrind" "--tool=memcheck" "--leak-check=yes" "--trace-children=no" "/home/cs104/hw-ykelty/hw4/hw4_tests/llremdup_tests/llremdup_tests" "--gtest_filter=Duplicates.TwoValueOneDuplicateB"
Directory: /home/cs104/hw-ykelty/hw4/hw4_tests/llremdup_tests
"Duplicates.TwoValueOneDuplicateB" start time: Jul 03 22:49 PDT
Output:
----------------------------------------------------------
==4644== Memcheck, a memory error detector
==4644== Copyright (C) 2002-2017, and GNU GPL'd, by Julian Seward et al.
==4644== Using Valgrind-3.13.0 and LibVEX; rerun with -h for copyright info
==4644== Command: /home/cs104/hw-ykelty/hw4/hw4_tests/llremdup_tests/llremdup_tests --gtest_filter=Duplicates.TwoValueOneDuplicateB
==4644== 
Running main() from gtest_main.cc
Note: Google Test filter = Duplicates.TwoValueOneDuplicateB
[==========] Running 1 test from 1 test case.
[----------] Global test environment set-up.
[----------] 1 test from Duplicates
[ RUN      ] Duplicates.TwoValueOneDuplicateB
2
==4644== Invalid read of size 8
==4644==    at 0x40F727: removeConsecutive(Item*) (rem_dup_lib.cpp:7)
==4644==    by 0x40F7B2: removeConsecutive(Item*) (rem_dup_lib.cpp:17)
==4644==    by 0x40F7B2: removeConsecutive(Item*) (rem_dup_lib.cpp:17)
==4644==    by 0x405C33: Duplicates_TwoValueOneDuplicateB_Test::TestBody() (llremdup_tests.cpp:66)
==4644==    by 0x436C02: void testing::internal::HandleExceptionsInMethodIfSupported<testing::Test, void>(testing::Test*, void (testing::Test::*)(), char const*) (in /home/cs104/hw-ykelty/hw4/hw4_tests/llremdup_tests/llremdup_tests)
==4644==    by 0x42E823: testing::Test::Run() [clone .part.368] (in /home/cs104/hw-ykelty/hw4/hw4_tests/llremdup_tests/llremdup_tests)
==4644==    by 0x42EADC: testing::TestInfo::Run() [clone .part.369] (in /home/cs104/hw-ykelty/hw4/hw4_tests/llremdup_tests/llremdup_tests)
==4644==    by 0x42ECC4: testing::TestCase::Run() [clone .part.370] (in /home/cs104/hw-ykelty/hw4/hw4_tests/llremdup_tests/llremdup_tests)
==4644==    by 0x431170: testing::internal::UnitTestImpl::RunAllTests() [clone .part.371] [clone .constprop.426] (in /home/cs104/hw-ykelty/hw4/hw4_tests/llremdup_tests/llremdup_tests)
==4644==    by 0x431580: testing::UnitTest::Run() (in /home/cs104/hw-ykelty/hw4/hw4_tests/llremdup_tests/llremdup_tests)
==4644==    by 0x404B2F: main (in /home/cs104/hw-ykelty/hw4/hw4_tests/llremdup_tests/llremdup_tests)
==4644==  Address 0x8 is not stack'd, malloc'd or (recently) free'd
==4644== 
==4644== 
==4644== Process terminating with default action of signal 11 (SIGSEGV)
==4644==  Access not within mapped region at address 0x8
==4644==    at 0x40F727: removeConsecutive(Item*) (rem_dup_lib.cpp:7)
==4644==    by 0x40F7B2: removeConsecutive(Item*) (rem_dup_lib.cpp:17)
==4644==    by 0x40F7B2: removeConsecutive(Item*) (rem_dup_lib.cpp:17)
==4644==    by 0x405C33: Duplicates_TwoValueOneDuplicateB_Test::TestBody() (llremdup_tests.cpp:66)
==4644==    by 0x436C02: void testing::internal::HandleExceptionsInMethodIfSupported<testing::Test, void>(testing::Test*, void (testing::Test::*)(), char const*) (in /home/cs104/hw-ykelty/hw4/hw4_tests/llremdup_tests/llremdup_tests)
==4644==    by 0x42E823: testing::Test::Run() [clone .part.368] (in /home/cs104/hw-ykelty/hw4/hw4_tests/llremdup_tests/llremdup_tests)
==4644==    by 0x42EADC: testing::TestInfo::Run() [clone .part.369] (in /home/cs104/hw-ykelty/hw4/hw4_tests/llremdup_tests/llremdup_tests)
==4644==    by 0x42ECC4: testing::TestCase::Run() [clone .part.370] (in /home/cs104/hw-ykelty/hw4/hw4_tests/llremdup_tests/llremdup_tests)
==4644==    by 0x431170: testing::internal::UnitTestImpl::RunAllTests() [clone .part.371] [clone .constprop.426] (in /home/cs104/hw-ykelty/hw4/hw4_tests/llremdup_tests/llremdup_tests)
==4644==    by 0x431580: testing::UnitTest::Run() (in /home/cs104/hw-ykelty/hw4/hw4_tests/llremdup_tests/llremdup_tests)
==4644==    by 0x404B2F: main (in /home/cs104/hw-ykelty/hw4/hw4_tests/llremdup_tests/llremdup_tests)
==4644==  If you believe this happened as a result of a stack
==4644==  overflow in your program's main thread (unlikely but
==4644==  possible), you can try to increase the size of the
==4644==  main thread stack using the --main-stacksize= flag.
==4644==  The main thread stack size used in this run was 8388608.
==4644== 
==4644== HEAP SUMMARY:
==4644==     in use at exit: 79,816 bytes in 82 blocks
==4644==   total heap usage: 315 allocs, 233 frees, 122,480 bytes allocated
==4644== 
==4644== LEAK SUMMARY:
==4644==    definitely lost: 0 bytes in 0 blocks
==4644==    indirectly lost: 0 bytes in 0 blocks
==4644==      possibly lost: 0 bytes in 0 blocks
==4644==    still reachable: 7,112 bytes in 81 blocks
==4644==         suppressed: 72,704 bytes in 1 blocks
==4644== Reachable blocks (those to which a pointer was found) are not shown.
==4644== To see them, rerun with: --leak-check=full --show-leak-kinds=all
==4644== 
==4644== For counts of detected and suppressed errors, rerun with: -v
==4644== ERROR SUMMARY: 1 errors from 1 contexts (suppressed: 0 from 0)
<end of output>
Test time =   1.17 sec
----------------------------------------------------------
Test Failed.
"Duplicates.TwoValueOneDuplicateB" end time: Jul 03 22:49 PDT
"Duplicates.TwoValueOneDuplicateB" time elapsed: 00:00:01
----------------------------------------------------------

7/83 Testing: Duplicates.ThreeValuesDuplicateStart
7/83 Test: Duplicates.ThreeValuesDuplicateStart
Command: "/usr/bin/valgrind" "--tool=memcheck" "--leak-check=yes" "--trace-children=no" "/home/cs104/hw-ykelty/hw4/hw4_tests/llremdup_tests/llremdup_tests" "--gtest_filter=Duplicates.ThreeValuesDuplicateStart"
Directory: /home/cs104/hw-ykelty/hw4/hw4_tests/llremdup_tests
"Duplicates.ThreeValuesDuplicateStart" start time: Jul 03 22:49 PDT
Output:
----------------------------------------------------------
==4649== Memcheck, a memory error detector
==4649== Copyright (C) 2002-2017, and GNU GPL'd, by Julian Seward et al.
==4649== Using Valgrind-3.13.0 and LibVEX; rerun with -h for copyright info
==4649== Command: /home/cs104/hw-ykelty/hw4/hw4_tests/llremdup_tests/llremdup_tests --gtest_filter=Duplicates.ThreeValuesDuplicateStart
==4649== 
Running main() from gtest_main.cc
Note: Google Test filter = Duplicates.ThreeValuesDuplicateStart
[==========] Running 1 test from 1 test case.
[----------] Global test environment set-up.
[----------] 1 test from Duplicates
[ RUN      ] Duplicates.ThreeValuesDuplicateStart
1
[       OK ] Duplicates.ThreeValuesDuplicateStart (22 ms)
[----------] 1 test from Duplicates (29 ms total)

[----------] Global test environment tear-down
[==========] 1 test from 1 test case ran. (59 ms total)
[  PASSED  ] 1 test.
==4649== 
==4649== HEAP SUMMARY:
==4649==     in use at exit: 72,704 bytes in 1 blocks
==4649==   total heap usage: 331 allocs, 330 frees, 128,963 bytes allocated
==4649== 
==4649== LEAK SUMMARY:
==4649==    definitely lost: 0 bytes in 0 blocks
==4649==    indirectly lost: 0 bytes in 0 blocks
==4649==      possibly lost: 0 bytes in 0 blocks
==4649==    still reachable: 0 bytes in 0 blocks
==4649==         suppressed: 72,704 bytes in 1 blocks
==4649== 
==4649== For counts of detected and suppressed errors, rerun with: -v
==4649== ERROR SUMMARY: 0 errors from 0 contexts (suppressed: 0 from 0)
<end of output>
Test time =   0.84 sec
----------------------------------------------------------
Test Passed.
"Duplicates.ThreeValuesDuplicateStart" end time: Jul 03 22:49 PDT
"Duplicates.ThreeValuesDuplicateStart" time elapsed: 00:00:00
----------------------------------------------------------

8/83 Testing: Duplicates.ThreeValuesDuplicateMid
8/83 Test: Duplicates.ThreeValuesDuplicateMid
Command: "/usr/bin/valgrind" "--tool=memcheck" "--leak-check=yes" "--trace-children=no" "/home/cs104/hw-ykelty/hw4/hw4_tests/llremdup_tests/llremdup_tests" "--gtest_filter=Duplicates.ThreeValuesDuplicateMid"
Directory: /home/cs104/hw-ykelty/hw4/hw4_tests/llremdup_tests
"Duplicates.ThreeValuesDuplicateMid" start time: Jul 03 22:49 PDT
Output:
----------------------------------------------------------
==4652== Memcheck, a memory error detector
==4652== Copyright (C) 2002-2017, and GNU GPL'd, by Julian Seward et al.
==4652== Using Valgrind-3.13.0 and LibVEX; rerun with -h for copyright info
==4652== Command: /home/cs104/hw-ykelty/hw4/hw4_tests/llremdup_tests/llremdup_tests --gtest_filter=Duplicates.ThreeValuesDuplicateMid
==4652== 
Running main() from gtest_main.cc
Note: Google Test filter = Duplicates.ThreeValuesDuplicateMid
[==========] Running 1 test from 1 test case.
[----------] Global test environment set-up.
[----------] 1 test from Duplicates
[ RUN      ] Duplicates.ThreeValuesDuplicateMid
2
[       OK ] Duplicates.ThreeValuesDuplicateMid (24 ms)
[----------] 1 test from Duplicates (30 ms total)

[----------] Global test environment tear-down
[==========] 1 test from 1 test case ran. (64 ms total)
[  PASSED  ] 1 test.
==4652== 
==4652== HEAP SUMMARY:
==4652==     in use at exit: 72,704 bytes in 1 blocks
==4652==   total heap usage: 331 allocs, 330 frees, 128,905 bytes allocated
==4652== 
==4652== LEAK SUMMARY:
==4652==    definitely lost: 0 bytes in 0 blocks
==4652==    indirectly lost: 0 bytes in 0 blocks
==4652==      possibly lost: 0 bytes in 0 blocks
==4652==    still reachable: 0 bytes in 0 blocks
==4652==         suppressed: 72,704 bytes in 1 blocks
==4652== 
==4652== For counts of detected and suppressed errors, rerun with: -v
==4652== ERROR SUMMARY: 0 errors from 0 contexts (suppressed: 0 from 0)
<end of output>
Test time =   0.86 sec
----------------------------------------------------------
Test Passed.
"Duplicates.ThreeValuesDuplicateMid" end time: Jul 03 22:49 PDT
"Duplicates.ThreeValuesDuplicateMid" time elapsed: 00:00:00
----------------------------------------------------------

9/83 Testing: Duplicates.ThreeValuesDuplicateEnd
9/83 Test: Duplicates.ThreeValuesDuplicateEnd
Command: "/usr/bin/valgrind" "--tool=memcheck" "--leak-check=yes" "--trace-children=no" "/home/cs104/hw-ykelty/hw4/hw4_tests/llremdup_tests/llremdup_tests" "--gtest_filter=Duplicates.ThreeValuesDuplicateEnd"
Directory: /home/cs104/hw-ykelty/hw4/hw4_tests/llremdup_tests
"Duplicates.ThreeValuesDuplicateEnd" start time: Jul 03 22:49 PDT
Output:
----------------------------------------------------------
==4653== Memcheck, a memory error detector
==4653== Copyright (C) 2002-2017, and GNU GPL'd, by Julian Seward et al.
==4653== Using Valgrind-3.13.0 and LibVEX; rerun with -h for copyright info
==4653== Command: /home/cs104/hw-ykelty/hw4/hw4_tests/llremdup_tests/llremdup_tests --gtest_filter=Duplicates.ThreeValuesDuplicateEnd
==4653== 
Running main() from gtest_main.cc
Note: Google Test filter = Duplicates.ThreeValuesDuplicateEnd
[==========] Running 1 test from 1 test case.
[----------] Global test environment set-up.
[----------] 1 test from Duplicates
[ RUN      ] Duplicates.ThreeValuesDuplicateEnd
3
==4653== Invalid read of size 8
==4653==    at 0x40F727: removeConsecutive(Item*) (rem_dup_lib.cpp:7)
==4653==    by 0x40F7B2: removeConsecutive(Item*) (rem_dup_lib.cpp:17)
==4653==    by 0x40F7B2: removeConsecutive(Item*) (rem_dup_lib.cpp:17)
==4653==    by 0x40F7B2: removeConsecutive(Item*) (rem_dup_lib.cpp:17)
==4653==    by 0x4064B5: Duplicates_ThreeValuesDuplicateEnd_Test::TestBody() (llremdup_tests.cpp:99)
==4653==    by 0x436C02: void testing::internal::HandleExceptionsInMethodIfSupported<testing::Test, void>(testing::Test*, void (testing::Test::*)(), char const*) (in /home/cs104/hw-ykelty/hw4/hw4_tests/llremdup_tests/llremdup_tests)
==4653==    by 0x42E823: testing::Test::Run() [clone .part.368] (in /home/cs104/hw-ykelty/hw4/hw4_tests/llremdup_tests/llremdup_tests)
==4653==    by 0x42EADC: testing::TestInfo::Run() [clone .part.369] (in /home/cs104/hw-ykelty/hw4/hw4_tests/llremdup_tests/llremdup_tests)
==4653==    by 0x42ECC4: testing::TestCase::Run() [clone .part.370] (in /home/cs104/hw-ykelty/hw4/hw4_tests/llremdup_tests/llremdup_tests)
==4653==    by 0x431170: testing::internal::UnitTestImpl::RunAllTests() [clone .part.371] [clone .constprop.426] (in /home/cs104/hw-ykelty/hw4/hw4_tests/llremdup_tests/llremdup_tests)
==4653==    by 0x431580: testing::UnitTest::Run() (in /home/cs104/hw-ykelty/hw4/hw4_tests/llremdup_tests/llremdup_tests)
==4653==    by 0x404B2F: main (in /home/cs104/hw-ykelty/hw4/hw4_tests/llremdup_tests/llremdup_tests)
==4653==  Address 0x8 is not stack'd, malloc'd or (recently) free'd
==4653== 
==4653== 
==4653== Process terminating with default action of signal 11 (SIGSEGV)
==4653==  Access not within mapped region at address 0x8
==4653==    at 0x40F727: removeConsecutive(Item*) (rem_dup_lib.cpp:7)
==4653==    by 0x40F7B2: removeConsecutive(Item*) (rem_dup_lib.cpp:17)
==4653==    by 0x40F7B2: removeConsecutive(Item*) (rem_dup_lib.cpp:17)
==4653==    by 0x40F7B2: removeConsecutive(Item*) (rem_dup_lib.cpp:17)
==4653==    by 0x4064B5: Duplicates_ThreeValuesDuplicateEnd_Test::TestBody() (llremdup_tests.cpp:99)
==4653==    by 0x436C02: void testing::internal::HandleExceptionsInMethodIfSupported<testing::Test, void>(testing::Test*, void (testing::Test::*)(), char const*) (in /home/cs104/hw-ykelty/hw4/hw4_tests/llremdup_tests/llremdup_tests)
==4653==    by 0x42E823: testing::Test::Run() [clone .part.368] (in /home/cs104/hw-ykelty/hw4/hw4_tests/llremdup_tests/llremdup_tests)
==4653==    by 0x42EADC: testing::TestInfo::Run() [clone .part.369] (in /home/cs104/hw-ykelty/hw4/hw4_tests/llremdup_tests/llremdup_tests)
==4653==    by 0x42ECC4: testing::TestCase::Run() [clone .part.370] (in /home/cs104/hw-ykelty/hw4/hw4_tests/llremdup_tests/llremdup_tests)
==4653==    by 0x431170: testing::internal::UnitTestImpl::RunAllTests() [clone .part.371] [clone .constprop.426] (in /home/cs104/hw-ykelty/hw4/hw4_tests/llremdup_tests/llremdup_tests)
==4653==    by 0x431580: testing::UnitTest::Run() (in /home/cs104/hw-ykelty/hw4/hw4_tests/llremdup_tests/llremdup_tests)
==4653==    by 0x404B2F: main (in /home/cs104/hw-ykelty/hw4/hw4_tests/llremdup_tests/llremdup_tests)
==4653==  If you believe this happened as a result of a stack
==4653==  overflow in your program's main thread (unlikely but
==4653==  possible), you can try to increase the size of the
==4653==  main thread stack using the --main-stacksize= flag.
==4653==  The main thread stack size used in this run was 8388608.
==4653== 
==4653== HEAP SUMMARY:
==4653==     in use at exit: 79,838 bytes in 83 blocks
==4653==   total heap usage: 316 allocs, 233 frees, 122,558 bytes allocated
==4653== 
==4653== LEAK SUMMARY:
==4653==    definitely lost: 0 bytes in 0 blocks
==4653==    indirectly lost: 0 bytes in 0 blocks
==4653==      possibly lost: 0 bytes in 0 blocks
==4653==    still reachable: 7,134 bytes in 82 blocks
==4653==         suppressed: 72,704 bytes in 1 blocks
==4653== Reachable blocks (those to which a pointer was found) are not shown.
==4653== To see them, rerun with: --leak-check=full --show-leak-kinds=all
==4653== 
==4653== For counts of detected and suppressed errors, rerun with: -v
==4653== ERROR SUMMARY: 1 errors from 1 contexts (suppressed: 0 from 0)
<end of output>
Test time =   0.93 sec
----------------------------------------------------------
Test Failed.
"Duplicates.ThreeValuesDuplicateEnd" end time: Jul 03 22:49 PDT
"Duplicates.ThreeValuesDuplicateEnd" time elapsed: 00:00:00
----------------------------------------------------------

10/83 Testing: Duplicates.TenNumbers
10/83 Test: Duplicates.TenNumbers
Command: "/usr/bin/valgrind" "--tool=memcheck" "--leak-check=yes" "--trace-children=no" "/home/cs104/hw-ykelty/hw4/hw4_tests/llremdup_tests/llremdup_tests" "--gtest_filter=Duplicates.TenNumbers"
Directory: /home/cs104/hw-ykelty/hw4/hw4_tests/llremdup_tests
"Duplicates.TenNumbers" start time: Jul 03 22:49 PDT
Output:
----------------------------------------------------------
==4658== Memcheck, a memory error detector
==4658== Copyright (C) 2002-2017, and GNU GPL'd, by Julian Seward et al.
==4658== Using Valgrind-3.13.0 and LibVEX; rerun with -h for copyright info
==4658== Command: /home/cs104/hw-ykelty/hw4/hw4_tests/llremdup_tests/llremdup_tests --gtest_filter=Duplicates.TenNumbers
==4658== 
Running main() from gtest_main.cc
Note: Google Test filter = Duplicates.TenNumbers
[==========] Running 1 test from 1 test case.
[----------] Global test environment set-up.
[----------] 1 test from Duplicates
[ RUN      ] Duplicates.TenNumbers
1
1
1
1
1
1
1
1
1
==4658== Invalid read of size 8
==4658==    at 0x40F727: removeConsecutive(Item*) (rem_dup_lib.cpp:7)
==4658==    by 0x40F7B2: removeConsecutive(Item*) (rem_dup_lib.cpp:17)
==4658==    by 0x40F7A2: removeConsecutive(Item*) (rem_dup_lib.cpp:15)
==4658==    by 0x40F7A2: removeConsecutive(Item*) (rem_dup_lib.cpp:15)
==4658==    by 0x40F7A2: removeConsecutive(Item*) (rem_dup_lib.cpp:15)
==4658==    by 0x40F7A2: removeConsecutive(Item*) (rem_dup_lib.cpp:15)
==4658==    by 0x40F7A2: removeConsecutive(Item*) (rem_dup_lib.cpp:15)
==4658==    by 0x40F7A2: removeConsecutive(Item*) (rem_dup_lib.cpp:15)
==4658==    by 0x40F7A2: removeConsecutive(Item*) (rem_dup_lib.cpp:15)
==4658==    by 0x40F7A2: removeConsecutive(Item*) (rem_dup_lib.cpp:15)
==4658==    by 0x40678B: Duplicates_TenNumbers_Test::TestBody() (llremdup_tests.cpp:110)
==4658==    by 0x436C02: void testing::internal::HandleExceptionsInMethodIfSupported<testing::Test, void>(testing::Test*, void (testing::Test::*)(), char const*) (in /home/cs104/hw-ykelty/hw4/hw4_tests/llremdup_tests/llremdup_tests)
==4658==  Address 0x8 is not stack'd, malloc'd or (recently) free'd
==4658== 
==4658== 
==4658== Process terminating with default action of signal 11 (SIGSEGV)
==4658==  Access not within mapped region at address 0x8
==4658==    at 0x40F727: removeConsecutive(Item*) (rem_dup_lib.cpp:7)
==4658==    by 0x40F7B2: removeConsecutive(Item*) (rem_dup_lib.cpp:17)
==4658==    by 0x40F7A2: removeConsecutive(Item*) (rem_dup_lib.cpp:15)
==4658==    by 0x40F7A2: removeConsecutive(Item*) (rem_dup_lib.cpp:15)
==4658==    by 0x40F7A2: removeConsecutive(Item*) (rem_dup_lib.cpp:15)
==4658==    by 0x40F7A2: removeConsecutive(Item*) (rem_dup_lib.cpp:15)
==4658==    by 0x40F7A2: removeConsecutive(Item*) (rem_dup_lib.cpp:15)
==4658==    by 0x40F7A2: removeConsecutive(Item*) (rem_dup_lib.cpp:15)
==4658==    by 0x40F7A2: removeConsecutive(Item*) (rem_dup_lib.cpp:15)
==4658==    by 0x40F7A2: removeConsecutive(Item*) (rem_dup_lib.cpp:15)
==4658==    by 0x40678B: Duplicates_TenNumbers_Test::TestBody() (llremdup_tests.cpp:110)
==4658==    by 0x436C02: void testing::internal::HandleExceptionsInMethodIfSupported<testing::Test, void>(testing::Test*, void (testing::Test::*)(), char const*) (in /home/cs104/hw-ykelty/hw4/hw4_tests/llremdup_tests/llremdup_tests)
==4658==  If you believe this happened as a result of a stack
==4658==  overflow in your program's main thread (unlikely but
==4658==  possible), you can try to increase the size of the
==4658==  main thread stack using the --main-stacksize= flag.
==4658==  The main thread stack size used in this run was 8388608.
==4658== 
==4658== HEAP SUMMARY:
==4658==     in use at exit: 79,785 bytes in 81 blocks
==4658==   total heap usage: 322 allocs, 241 frees, 122,499 bytes allocated
==4658== 
==4658== LEAK SUMMARY:
==4658==    definitely lost: 0 bytes in 0 blocks
==4658==    indirectly lost: 0 bytes in 0 blocks
==4658==      possibly lost: 0 bytes in 0 blocks
==4658==    still reachable: 7,081 bytes in 80 blocks
==4658==         suppressed: 72,704 bytes in 1 blocks
==4658== Reachable blocks (those to which a pointer was found) are not shown.
==4658== To see them, rerun with: --leak-check=full --show-leak-kinds=all
==4658== 
==4658== For counts of detected and suppressed errors, rerun with: -v
==4658== ERROR SUMMARY: 1 errors from 1 contexts (suppressed: 0 from 0)
<end of output>
Test time =   0.93 sec
----------------------------------------------------------
Test Failed.
"Duplicates.TenNumbers" end time: Jul 03 22:49 PDT
"Duplicates.TenNumbers" time elapsed: 00:00:00
----------------------------------------------------------

11/83 Testing: Duplicates.ManyDuplicateSequences
11/83 Test: Duplicates.ManyDuplicateSequences
Command: "/usr/bin/valgrind" "--tool=memcheck" "--leak-check=yes" "--trace-children=no" "/home/cs104/hw-ykelty/hw4/hw4_tests/llremdup_tests/llremdup_tests" "--gtest_filter=Duplicates.ManyDuplicateSequences"
Directory: /home/cs104/hw-ykelty/hw4/hw4_tests/llremdup_tests
"Duplicates.ManyDuplicateSequences" start time: Jul 03 22:49 PDT
Output:
----------------------------------------------------------
==4663== Memcheck, a memory error detector
==4663== Copyright (C) 2002-2017, and GNU GPL'd, by Julian Seward et al.
==4663== Using Valgrind-3.13.0 and LibVEX; rerun with -h for copyright info
==4663== Command: /home/cs104/hw-ykelty/hw4/hw4_tests/llremdup_tests/llremdup_tests --gtest_filter=Duplicates.ManyDuplicateSequences
==4663== 
Running main() from gtest_main.cc
Note: Google Test filter = Duplicates.ManyDuplicateSequences
[==========] Running 1 test from 1 test case.
[----------] Global test environment set-up.
[----------] 1 test from Duplicates
[ RUN      ] Duplicates.ManyDuplicateSequences
1
1
-2
-2
333333
333333
333333
333333
==4663== Invalid read of size 8
==4663==    at 0x40F727: removeConsecutive(Item*) (rem_dup_lib.cpp:7)
==4663==    by 0x40F7B2: removeConsecutive(Item*) (rem_dup_lib.cpp:17)
==4663==    by 0x40F7A2: removeConsecutive(Item*) (rem_dup_lib.cpp:15)
==4663==    by 0x40F7A2: removeConsecutive(Item*) (rem_dup_lib.cpp:15)
==4663==    by 0x40F7A2: removeConsecutive(Item*) (rem_dup_lib.cpp:15)
==4663==    by 0x40F7B2: removeConsecutive(Item*) (rem_dup_lib.cpp:17)
==4663==    by 0x40F7A2: removeConsecutive(Item*) (rem_dup_lib.cpp:15)
==4663==    by 0x40F7A2: removeConsecutive(Item*) (rem_dup_lib.cpp:15)
==4663==    by 0x40F7B2: removeConsecutive(Item*) (rem_dup_lib.cpp:17)
==4663==    by 0x40F7A2: removeConsecutive(Item*) (rem_dup_lib.cpp:15)
==4663==    by 0x40F7A2: removeConsecutive(Item*) (rem_dup_lib.cpp:15)
==4663==    by 0x406A61: Duplicates_ManyDuplicateSequences_Test::TestBody() (llremdup_tests.cpp:121)
==4663==  Address 0x8 is not stack'd, malloc'd or (recently) free'd
==4663== 
==4663== 
==4663== Process terminating with default action of signal 11 (SIGSEGV)
==4663==  Access not within mapped region at address 0x8
==4663==    at 0x40F727: removeConsecutive(Item*) (rem_dup_lib.cpp:7)
==4663==    by 0x40F7B2: removeConsecutive(Item*) (rem_dup_lib.cpp:17)
==4663==    by 0x40F7A2: removeConsecutive(Item*) (rem_dup_lib.cpp:15)
==4663==    by 0x40F7A2: removeConsecutive(Item*) (rem_dup_lib.cpp:15)
==4663==    by 0x40F7A2: removeConsecutive(Item*) (rem_dup_lib.cpp:15)
==4663==    by 0x40F7B2: removeConsecutive(Item*) (rem_dup_lib.cpp:17)
==4663==    by 0x40F7A2: removeConsecutive(Item*) (rem_dup_lib.cpp:15)
==4663==    by 0x40F7A2: removeConsecutive(Item*) (rem_dup_lib.cpp:15)
==4663==    by 0x40F7B2: removeConsecutive(Item*) (rem_dup_lib.cpp:17)
==4663==    by 0x40F7A2: removeConsecutive(Item*) (rem_dup_lib.cpp:15)
==4663==    by 0x40F7A2: removeConsecutive(Item*) (rem_dup_lib.cpp:15)
==4663==    by 0x406A61: Duplicates_ManyDuplicateSequences_Test::TestBody() (llremdup_tests.cpp:121)
==4663==  If you believe this happened as a result of a stack
==4663==  overflow in your program's main thread (unlikely but
==4663==  possible), you can try to increase the size of the
==4663==  main thread stack using the --main-stacksize= flag.
==4663==  The main thread stack size used in this run was 8388608.
==4663== 
==4663== HEAP SUMMARY:
==4663==     in use at exit: 79,835 bytes in 83 blocks
==4663==   total heap usage: 323 allocs, 240 frees, 122,669 bytes allocated
==4663== 
==4663== LEAK SUMMARY:
==4663==    definitely lost: 0 bytes in 0 blocks
==4663==    indirectly lost: 0 bytes in 0 blocks
==4663==      possibly lost: 0 bytes in 0 blocks
==4663==    still reachable: 7,131 bytes in 82 blocks
==4663==         suppressed: 72,704 bytes in 1 blocks
==4663== Reachable blocks (those to which a pointer was found) are not shown.
==4663== To see them, rerun with: --leak-check=full --show-leak-kinds=all
==4663== 
==4663== For counts of detected and suppressed errors, rerun with: -v
==4663== ERROR SUMMARY: 1 errors from 1 contexts (suppressed: 0 from 0)
<end of output>
Test time =   0.95 sec
----------------------------------------------------------
Test Failed.
"Duplicates.ManyDuplicateSequences" end time: Jul 03 22:49 PDT
"Duplicates.ManyDuplicateSequences" time elapsed: 00:00:00
----------------------------------------------------------

12/83 Testing: Duplicates.DuplicatesMixed
12/83 Test: Duplicates.DuplicatesMixed
Command: "/usr/bin/valgrind" "--tool=memcheck" "--leak-check=yes" "--trace-children=no" "/home/cs104/hw-ykelty/hw4/hw4_tests/llremdup_tests/llremdup_tests" "--gtest_filter=Duplicates.DuplicatesMixed"
Directory: /home/cs104/hw-ykelty/hw4/hw4_tests/llremdup_tests
"Duplicates.DuplicatesMixed" start time: Jul 03 22:49 PDT
Output:
----------------------------------------------------------
==4668== Memcheck, a memory error detector
==4668== Copyright (C) 2002-2017, and GNU GPL'd, by Julian Seward et al.
==4668== Using Valgrind-3.13.0 and LibVEX; rerun with -h for copyright info
==4668== Command: /home/cs104/hw-ykelty/hw4/hw4_tests/llremdup_tests/llremdup_tests --gtest_filter=Duplicates.DuplicatesMixed
==4668== 
Running main() from gtest_main.cc
Note: Google Test filter = Duplicates.DuplicatesMixed
[==========] Running 1 test from 1 test case.
[----------] Global test environment set-up.
[----------] 1 test from Duplicates
[ RUN      ] Duplicates.DuplicatesMixed
[       OK ] Duplicates.DuplicatesMixed (20 ms)
[----------] 1 test from Duplicates (26 ms total)

[----------] Global test environment tear-down
[==========] 1 test from 1 test case ran. (56 ms total)
[  PASSED  ] 1 test.
==4668== 
==4668== HEAP SUMMARY:
==4668==     in use at exit: 72,704 bytes in 1 blocks
==4668==   total heap usage: 336 allocs, 335 frees, 128,885 bytes allocated
==4668== 
==4668== LEAK SUMMARY:
==4668==    definitely lost: 0 bytes in 0 blocks
==4668==    indirectly lost: 0 bytes in 0 blocks
==4668==      possibly lost: 0 bytes in 0 blocks
==4668==    still reachable: 0 bytes in 0 blocks
==4668==         suppressed: 72,704 bytes in 1 blocks
==4668== 
==4668== For counts of detected and suppressed errors, rerun with: -v
==4668== ERROR SUMMARY: 0 errors from 0 contexts (suppressed: 0 from 0)
<end of output>
Test time =   0.85 sec
----------------------------------------------------------
Test Passed.
"Duplicates.DuplicatesMixed" end time: Jul 03 22:49 PDT
"Duplicates.DuplicatesMixed" time elapsed: 00:00:00
----------------------------------------------------------

13/83 Testing: Duplicates.RandomStress500x10ele
13/83 Test: Duplicates.RandomStress500x10ele
Command: "/usr/bin/valgrind" "--tool=memcheck" "--leak-check=yes" "--trace-children=no" "/home/cs104/hw-ykelty/hw4/hw4_tests/llremdup_tests/llremdup_tests" "--gtest_filter=Duplicates.RandomStress500x10ele"
Directory: /home/cs104/hw-ykelty/hw4/hw4_tests/llremdup_tests
"Duplicates.RandomStress500x10ele" start time: Jul 03 22:49 PDT
Output:
----------------------------------------------------------
==4669== Memcheck, a memory error detector
==4669== Copyright (C) 2002-2017, and GNU GPL'd, by Julian Seward et al.
==4669== Using Valgrind-3.13.0 and LibVEX; rerun with -h for copyright info
==4669== Command: /home/cs104/hw-ykelty/hw4/hw4_tests/llremdup_tests/llremdup_tests --gtest_filter=Duplicates.RandomStress500x10ele
==4669== 
Running main() from gtest_main.cc
Note: Google Test filter = Duplicates.RandomStress500x10ele
[==========] Running 1 test from 1 test case.
[----------] Global test environment set-up.
[----------] 1 test from Duplicates
[ RUN      ] Duplicates.RandomStress500x10ele
6
2
2
2
3
4
4
5
5
7
10
5
10
10
4
8
5
2
9
6
4
8
1
7
10
7
5
5
5
6
8
5
5
5
3
4
9
3
10
6
7
5
5
3
6
6
1
2
7
2
5
8
3
1
8
10
5
9
9
6
3
8
8
8
5
8
2
4
9
5
5
7
4
7
2
1
4
4
2
2
4
1
1
1
7
10
4
3
10
3
3
9
6
6
3
7
5
2
8
5
3
1
2
2
1
5
2
9
3
8
10
6
9
4
1
3
10
10
10
2
7
10
8
9
6
1
6
8
1
1
4
7
8
4
5
5
8
2
2
1
3
3
3
2
10
7
10
4
6
8
5
7
1
6
5
6
1
4
4
10
2
6
3
5
==4669== Invalid read of size 8
==4669==    at 0x40F727: removeConsecutive(Item*) (rem_dup_lib.cpp:7)
==4669==    by 0x40F7B2: removeConsecutive(Item*) (rem_dup_lib.cpp:17)
==4669==    by 0x40F7B2: removeConsecutive(Item*) (rem_dup_lib.cpp:17)
==4669==    by 0x40F7B2: removeConsecutive(Item*) (rem_dup_lib.cpp:17)
==4669==    by 0x40F7B2: removeConsecutive(Item*) (rem_dup_lib.cpp:17)
==4669==    by 0x40F7B2: removeConsecutive(Item*) (rem_dup_lib.cpp:17)
==4669==    by 0x40F7A2: removeConsecutive(Item*) (rem_dup_lib.cpp:15)
==4669==    by 0x40F7B2: removeConsecutive(Item*) (rem_dup_lib.cpp:17)
==4669==    by 0x40F7B2: removeConsecutive(Item*) (rem_dup_lib.cpp:17)
==4669==    by 0x40F7B2: removeConsecutive(Item*) (rem_dup_lib.cpp:17)
==4669==    by 0x40F7A2: removeConsecutive(Item*) (rem_dup_lib.cpp:15)
==4669==    by 0x40F7B2: removeConsecutive(Item*) (rem_dup_lib.cpp:17)
==4669==  Address 0x8 is not stack'd, malloc'd or (recently) free'd
==4669== 
==4669== 
==4669== Process terminating with default action of signal 11 (SIGSEGV)
==4669==  Access not within mapped region at address 0x8
==4669==    at 0x40F727: removeConsecutive(Item*) (rem_dup_lib.cpp:7)
==4669==    by 0x40F7B2: removeConsecutive(Item*) (rem_dup_lib.cpp:17)
==4669==    by 0x40F7B2: removeConsecutive(Item*) (rem_dup_lib.cpp:17)
==4669==    by 0x40F7B2: removeConsecutive(Item*) (rem_dup_lib.cpp:17)
==4669==    by 0x40F7B2: removeConsecutive(Item*) (rem_dup_lib.cpp:17)
==4669==    by 0x40F7B2: removeConsecutive(Item*) (rem_dup_lib.cpp:17)
==4669==    by 0x40F7A2: removeConsecutive(Item*) (rem_dup_lib.cpp:15)
==4669==    by 0x40F7B2: removeConsecutive(Item*) (rem_dup_lib.cpp:17)
==4669==    by 0x40F7B2: removeConsecutive(Item*) (rem_dup_lib.cpp:17)
==4669==    by 0x40F7B2: removeConsecutive(Item*) (rem_dup_lib.cpp:17)
==4669==    by 0x40F7A2: removeConsecutive(Item*) (rem_dup_lib.cpp:15)
==4669==    by 0x40F7B2: removeConsecutive(Item*) (rem_dup_lib.cpp:17)
==4669==  If you believe this happened as a result of a stack
==4669==  overflow in your program's main thread (unlikely but
==4669==  possible), you can try to increase the size of the
==4669==  main thread stack using the --main-stacksize= flag.
==4669==  The main thread stack size used in this run was 8388608.
==4669== 
==4669== HEAP SUMMARY:
==4669==     in use at exit: 88,992 bytes in 530 blocks
==4669==   total heap usage: 1,827 allocs, 1,297 frees, 156,860 bytes allocated
==4669== 
==4669== LEAK SUMMARY:
==4669==    definitely lost: 0 bytes in 0 blocks
==4669==    indirectly lost: 0 bytes in 0 blocks
==4669==      possibly lost: 0 bytes in 0 blocks
==4669==    still reachable: 16,288 bytes in 529 blocks
==4669==         suppressed: 72,704 bytes in 1 blocks
==4669== Reachable blocks (those to which a pointer was found) are not shown.
==4669== To see them, rerun with: --leak-check=full --show-leak-kinds=all
==4669== 
==4669== For counts of detected and suppressed errors, rerun with: -v
==4669== ERROR SUMMARY: 1 errors from 1 contexts (suppressed: 0 from 0)
<end of output>
Test time =   1.03 sec
----------------------------------------------------------
Test Failed.
"Duplicates.RandomStress500x10ele" end time: Jul 03 22:49 PDT
"Duplicates.RandomStress500x10ele" time elapsed: 00:00:01
----------------------------------------------------------

14/83 Testing: Concatenate.BothEmpty
14/83 Test: Concatenate.BothEmpty
Command: "/usr/bin/valgrind" "--tool=memcheck" "--leak-check=yes" "--trace-children=no" "/home/cs104/hw-ykelty/hw4/hw4_tests/llremdup_tests/llremdup_tests" "--gtest_filter=Concatenate.BothEmpty"
Directory: /home/cs104/hw-ykelty/hw4/hw4_tests/llremdup_tests
"Concatenate.BothEmpty" start time: Jul 03 22:49 PDT
Output:
----------------------------------------------------------
==4674== Memcheck, a memory error detector
==4674== Copyright (C) 2002-2017, and GNU GPL'd, by Julian Seward et al.
==4674== Using Valgrind-3.13.0 and LibVEX; rerun with -h for copyright info
==4674== Command: /home/cs104/hw-ykelty/hw4/hw4_tests/llremdup_tests/llremdup_tests --gtest_filter=Concatenate.BothEmpty
==4674== 
Running main() from gtest_main.cc
Note: Google Test filter = Concatenate.BothEmpty
[==========] Running 1 test from 1 test case.
[----------] Global test environment set-up.
[----------] 1 test from Concatenate
[ RUN      ] Concatenate.BothEmpty
==4674== Invalid read of size 8
==4674==    at 0x40F7CC: concatenate(Item*, Item*) (rem_dup_lib.cpp:21)
==4674==    by 0x4072B8: Concatenate_BothEmpty_Test::TestBody() (llremdup_tests.cpp:173)
==4674==    by 0x436C02: void testing::internal::HandleExceptionsInMethodIfSupported<testing::Test, void>(testing::Test*, void (testing::Test::*)(), char const*) (in /home/cs104/hw-ykelty/hw4/hw4_tests/llremdup_tests/llremdup_tests)
==4674==    by 0x42E823: testing::Test::Run() [clone .part.368] (in /home/cs104/hw-ykelty/hw4/hw4_tests/llremdup_tests/llremdup_tests)
==4674==    by 0x42EADC: testing::TestInfo::Run() [clone .part.369] (in /home/cs104/hw-ykelty/hw4/hw4_tests/llremdup_tests/llremdup_tests)
==4674==    by 0x42ECC4: testing::TestCase::Run() [clone .part.370] (in /home/cs104/hw-ykelty/hw4/hw4_tests/llremdup_tests/llremdup_tests)
==4674==    by 0x431170: testing::internal::UnitTestImpl::RunAllTests() [clone .part.371] [clone .constprop.426] (in /home/cs104/hw-ykelty/hw4/hw4_tests/llremdup_tests/llremdup_tests)
==4674==    by 0x431580: testing::UnitTest::Run() (in /home/cs104/hw-ykelty/hw4/hw4_tests/llremdup_tests/llremdup_tests)
==4674==    by 0x404B2F: main (in /home/cs104/hw-ykelty/hw4/hw4_tests/llremdup_tests/llremdup_tests)
==4674==  Address 0x8 is not stack'd, malloc'd or (recently) free'd
==4674== 
==4674== 
==4674== Process terminating with default action of signal 11 (SIGSEGV)
==4674==  Access not within mapped region at address 0x8
==4674==    at 0x40F7CC: concatenate(Item*, Item*) (rem_dup_lib.cpp:21)
==4674==    by 0x4072B8: Concatenate_BothEmpty_Test::TestBody() (llremdup_tests.cpp:173)
==4674==    by 0x436C02: void testing::internal::HandleExceptionsInMethodIfSupported<testing::Test, void>(testing::Test*, void (testing::Test::*)(), char const*) (in /home/cs104/hw-ykelty/hw4/hw4_tests/llremdup_tests/llremdup_tests)
==4674==    by 0x42E823: testing::Test::Run() [clone .part.368] (in /home/cs104/hw-ykelty/hw4/hw4_tests/llremdup_tests/llremdup_tests)
==4674==    by 0x42EADC: testing::TestInfo::Run() [clone .part.369] (in /home/cs104/hw-ykelty/hw4/hw4_tests/llremdup_tests/llremdup_tests)
==4674==    by 0x42ECC4: testing::TestCase::Run() [clone .part.370] (in /home/cs104/hw-ykelty/hw4/hw4_tests/llremdup_tests/llremdup_tests)
==4674==    by 0x431170: testing::internal::UnitTestImpl::RunAllTests() [clone .part.371] [clone .constprop.426] (in /home/cs104/hw-ykelty/hw4/hw4_tests/llremdup_tests/llremdup_tests)
==4674==    by 0x431580: testing::UnitTest::Run() (in /home/cs104/hw-ykelty/hw4/hw4_tests/llremdup_tests/llremdup_tests)
==4674==    by 0x404B2F: main (in /home/cs104/hw-ykelty/hw4/hw4_tests/llremdup_tests/llremdup_tests)
==4674==  If you believe this happened as a result of a stack
==4674==  overflow in your program's main thread (unlikely but
==4674==  possible), you can try to increase the size of the
==4674==  main thread stack using the --main-stacksize= flag.
==4674==  The main thread stack size used in this run was 8388608.
==4674== 
==4674== HEAP SUMMARY:
==4674==     in use at exit: 79,769 bytes in 80 blocks
==4674==   total heap usage: 311 allocs, 231 frees, 122,299 bytes allocated
==4674== 
==4674== LEAK SUMMARY:
==4674==    definitely lost: 0 bytes in 0 blocks
==4674==    indirectly lost: 0 bytes in 0 blocks
==4674==      possibly lost: 0 bytes in 0 blocks
==4674==    still reachable: 7,065 bytes in 79 blocks
==4674==         suppressed: 72,704 bytes in 1 blocks
==4674== Reachable blocks (those to which a pointer was found) are not shown.
==4674== To see them, rerun with: --leak-check=full --show-leak-kinds=all
==4674== 
==4674== For counts of detected and suppressed errors, rerun with: -v
==4674== ERROR SUMMARY: 1 errors from 1 contexts (suppressed: 0 from 0)
<end of output>
Test time =   0.90 sec
----------------------------------------------------------
Test Failed.
"Concatenate.BothEmpty" end time: Jul 03 22:49 PDT
"Concatenate.BothEmpty" time elapsed: 00:00:00
----------------------------------------------------------

15/83 Testing: Concatenate.FirstEmptyOneVal
15/83 Test: Concatenate.FirstEmptyOneVal
Command: "/usr/bin/valgrind" "--tool=memcheck" "--leak-check=yes" "--trace-children=no" "/home/cs104/hw-ykelty/hw4/hw4_tests/llremdup_tests/llremdup_tests" "--gtest_filter=Concatenate.FirstEmptyOneVal"
Directory: /home/cs104/hw-ykelty/hw4/hw4_tests/llremdup_tests
"Concatenate.FirstEmptyOneVal" start time: Jul 03 22:49 PDT
Output:
----------------------------------------------------------
==4679== Memcheck, a memory error detector
==4679== Copyright (C) 2002-2017, and GNU GPL'd, by Julian Seward et al.
==4679== Using Valgrind-3.13.0 and LibVEX; rerun with -h for copyright info
==4679== Command: /home/cs104/hw-ykelty/hw4/hw4_tests/llremdup_tests/llremdup_tests --gtest_filter=Concatenate.FirstEmptyOneVal
==4679== 
Running main() from gtest_main.cc
Note: Google Test filter = Concatenate.FirstEmptyOneVal
[==========] Running 1 test from 1 test case.
[----------] Global test environment set-up.
[----------] 1 test from Concatenate
[ RUN      ] Concatenate.FirstEmptyOneVal
==4679== Invalid read of size 8
==4679==    at 0x40F7CC: concatenate(Item*, Item*) (rem_dup_lib.cpp:21)
==4679==    by 0x407478: Concatenate_FirstEmptyOneVal_Test::TestBody() (llremdup_tests.cpp:183)
==4679==    by 0x436C02: void testing::internal::HandleExceptionsInMethodIfSupported<testing::Test, void>(testing::Test*, void (testing::Test::*)(), char const*) (in /home/cs104/hw-ykelty/hw4/hw4_tests/llremdup_tests/llremdup_tests)
==4679==    by 0x42E823: testing::Test::Run() [clone .part.368] (in /home/cs104/hw-ykelty/hw4/hw4_tests/llremdup_tests/llremdup_tests)
==4679==    by 0x42EADC: testing::TestInfo::Run() [clone .part.369] (in /home/cs104/hw-ykelty/hw4/hw4_tests/llremdup_tests/llremdup_tests)
==4679==    by 0x42ECC4: testing::TestCase::Run() [clone .part.370] (in /home/cs104/hw-ykelty/hw4/hw4_tests/llremdup_tests/llremdup_tests)
==4679==    by 0x431170: testing::internal::UnitTestImpl::RunAllTests() [clone .part.371] [clone .constprop.426] (in /home/cs104/hw-ykelty/hw4/hw4_tests/llremdup_tests/llremdup_tests)
==4679==    by 0x431580: testing::UnitTest::Run() (in /home/cs104/hw-ykelty/hw4/hw4_tests/llremdup_tests/llremdup_tests)
==4679==    by 0x404B2F: main (in /home/cs104/hw-ykelty/hw4/hw4_tests/llremdup_tests/llremdup_tests)
==4679==  Address 0x8 is not stack'd, malloc'd or (recently) free'd
==4679== 
==4679== 
==4679== Process terminating with default action of signal 11 (SIGSEGV)
==4679==  Access not within mapped region at address 0x8
==4679==    at 0x40F7CC: concatenate(Item*, Item*) (rem_dup_lib.cpp:21)
==4679==    by 0x407478: Concatenate_FirstEmptyOneVal_Test::TestBody() (llremdup_tests.cpp:183)
==4679==    by 0x436C02: void testing::internal::HandleExceptionsInMethodIfSupported<testing::Test, void>(testing::Test*, void (testing::Test::*)(), char const*) (in /home/cs104/hw-ykelty/hw4/hw4_tests/llremdup_tests/llremdup_tests)
==4679==    by 0x42E823: testing::Test::Run() [clone .part.368] (in /home/cs104/hw-ykelty/hw4/hw4_tests/llremdup_tests/llremdup_tests)
==4679==    by 0x42EADC: testing::TestInfo::Run() [clone .part.369] (in /home/cs104/hw-ykelty/hw4/hw4_tests/llremdup_tests/llremdup_tests)
==4679==    by 0x42ECC4: testing::TestCase::Run() [clone .part.370] (in /home/cs104/hw-ykelty/hw4/hw4_tests/llremdup_tests/llremdup_tests)
==4679==    by 0x431170: testing::internal::UnitTestImpl::RunAllTests() [clone .part.371] [clone .constprop.426] (in /home/cs104/hw-ykelty/hw4/hw4_tests/llremdup_tests/llremdup_tests)
==4679==    by 0x431580: testing::UnitTest::Run() (in /home/cs104/hw-ykelty/hw4/hw4_tests/llremdup_tests/llremdup_tests)
==4679==    by 0x404B2F: main (in /home/cs104/hw-ykelty/hw4/hw4_tests/llremdup_tests/llremdup_tests)
==4679==  If you believe this happened as a result of a stack
==4679==  overflow in your program's main thread (unlikely but
==4679==  possible), you can try to increase the size of the
==4679==  main thread stack using the --main-stacksize= flag.
==4679==  The main thread stack size used in this run was 8388608.
==4679== 
==4679== HEAP SUMMARY:
==4679==     in use at exit: 79,792 bytes in 81 blocks
==4679==   total heap usage: 313 allocs, 232 frees, 122,368 bytes allocated
==4679== 
==4679== LEAK SUMMARY:
==4679==    definitely lost: 0 bytes in 0 blocks
==4679==    indirectly lost: 0 bytes in 0 blocks
==4679==      possibly lost: 0 bytes in 0 blocks
==4679==    still reachable: 7,088 bytes in 80 blocks
==4679==         suppressed: 72,704 bytes in 1 blocks
==4679== Reachable blocks (those to which a pointer was found) are not shown.
==4679== To see them, rerun with: --leak-check=full --show-leak-kinds=all
==4679== 
==4679== For counts of detected and suppressed errors, rerun with: -v
==4679== ERROR SUMMARY: 1 errors from 1 contexts (suppressed: 0 from 0)
<end of output>
Test time =   0.95 sec
----------------------------------------------------------
Test Failed.
"Concatenate.FirstEmptyOneVal" end time: Jul 03 22:49 PDT
"Concatenate.FirstEmptyOneVal" time elapsed: 00:00:00
----------------------------------------------------------

16/83 Testing: Concatenate.SecondEmptyOneVal
16/83 Test: Concatenate.SecondEmptyOneVal
Command: "/usr/bin/valgrind" "--tool=memcheck" "--leak-check=yes" "--trace-children=no" "/home/cs104/hw-ykelty/hw4/hw4_tests/llremdup_tests/llremdup_tests" "--gtest_filter=Concatenate.SecondEmptyOneVal"
Directory: /home/cs104/hw-ykelty/hw4/hw4_tests/llremdup_tests
"Concatenate.SecondEmptyOneVal" start time: Jul 03 22:49 PDT
Output:
----------------------------------------------------------
==4684== Memcheck, a memory error detector
==4684== Copyright (C) 2002-2017, and GNU GPL'd, by Julian Seward et al.
==4684== Using Valgrind-3.13.0 and LibVEX; rerun with -h for copyright info
==4684== Command: /home/cs104/hw-ykelty/hw4/hw4_tests/llremdup_tests/llremdup_tests --gtest_filter=Concatenate.SecondEmptyOneVal
==4684== 
Running main() from gtest_main.cc
Note: Google Test filter = Concatenate.SecondEmptyOneVal
[==========] Running 1 test from 1 test case.
[----------] Global test environment set-up.
[----------] 1 test from Concatenate
[ RUN      ] Concatenate.SecondEmptyOneVal
/home/cs104/hw-ykelty/hw4/hw4_tests/llremdup_tests/llremdup_tests.cpp:204: Failure
Value of: checkContent(list, {1})
  Actual: false (Data mismatch: expected 1 / actual -1)
Expected: true
==4684== Invalid read of size 8
==4684==    at 0x40E212: deleteList(Item*) (llremdup_test_utils.cpp:76)
==4684==    by 0x4078F5: Concatenate_SecondEmptyOneVal_Test::TestBody() (llremdup_tests.cpp:207)
==4684==    by 0x436C02: void testing::internal::HandleExceptionsInMethodIfSupported<testing::Test, void>(testing::Test*, void (testing::Test::*)(), char const*) (in /home/cs104/hw-ykelty/hw4/hw4_tests/llremdup_tests/llremdup_tests)
==4684==    by 0x42E823: testing::Test::Run() [clone .part.368] (in /home/cs104/hw-ykelty/hw4/hw4_tests/llremdup_tests/llremdup_tests)
==4684==    by 0x42EADC: testing::TestInfo::Run() [clone .part.369] (in /home/cs104/hw-ykelty/hw4/hw4_tests/llremdup_tests/llremdup_tests)
==4684==    by 0x42ECC4: testing::TestCase::Run() [clone .part.370] (in /home/cs104/hw-ykelty/hw4/hw4_tests/llremdup_tests/llremdup_tests)
==4684==    by 0x431170: testing::internal::UnitTestImpl::RunAllTests() [clone .part.371] [clone .constprop.426] (in /home/cs104/hw-ykelty/hw4/hw4_tests/llremdup_tests/llremdup_tests)
==4684==    by 0x431580: testing::UnitTest::Run() (in /home/cs104/hw-ykelty/hw4/hw4_tests/llremdup_tests/llremdup_tests)
==4684==    by 0x404B2F: main (in /home/cs104/hw-ykelty/hw4/hw4_tests/llremdup_tests/llremdup_tests)
==4684==  Address 0x5ce5548 is 8 bytes inside a block of size 16 free'd
==4684==    at 0x4C2F23B: operator delete(void*) (in /usr/lib/valgrind/vgpreload_memcheck-amd64-linux.so)
==4684==    by 0x40E225: deleteList(Item*) (llremdup_test_utils.cpp:78)
==4684==    by 0x4078E6: Concatenate_SecondEmptyOneVal_Test::TestBody() (llremdup_tests.cpp:206)
==4684==    by 0x436C02: void testing::internal::HandleExceptionsInMethodIfSupported<testing::Test, void>(testing::Test*, void (testing::Test::*)(), char const*) (in /home/cs104/hw-ykelty/hw4/hw4_tests/llremdup_tests/llremdup_tests)
==4684==    by 0x42E823: testing::Test::Run() [clone .part.368] (in /home/cs104/hw-ykelty/hw4/hw4_tests/llremdup_tests/llremdup_tests)
==4684==    by 0x42EADC: testing::TestInfo::Run() [clone .part.369] (in /home/cs104/hw-ykelty/hw4/hw4_tests/llremdup_tests/llremdup_tests)
==4684==    by 0x42ECC4: testing::TestCase::Run() [clone .part.370] (in /home/cs104/hw-ykelty/hw4/hw4_tests/llremdup_tests/llremdup_tests)
==4684==    by 0x431170: testing::internal::UnitTestImpl::RunAllTests() [clone .part.371] [clone .constprop.426] (in /home/cs104/hw-ykelty/hw4/hw4_tests/llremdup_tests/llremdup_tests)
==4684==    by 0x431580: testing::UnitTest::Run() (in /home/cs104/hw-ykelty/hw4/hw4_tests/llremdup_tests/llremdup_tests)
==4684==    by 0x404B2F: main (in /home/cs104/hw-ykelty/hw4/hw4_tests/llremdup_tests/llremdup_tests)
==4684==  Block was alloc'd at
==4684==    at 0x4C2E17F: operator new(unsigned long) (in /usr/lib/valgrind/vgpreload_memcheck-amd64-linux.so)
==4684==    by 0x40DEF8: makeList(std::vector<int, std::allocator<int> > const&) (llremdup_test_utils.cpp:23)
==4684==    by 0x407740: Concatenate_SecondEmptyOneVal_Test::TestBody() (llremdup_tests.cpp:196)
==4684==    by 0x436C02: void testing::internal::HandleExceptionsInMethodIfSupported<testing::Test, void>(testing::Test*, void (testing::Test::*)(), char const*) (in /home/cs104/hw-ykelty/hw4/hw4_tests/llremdup_tests/llremdup_tests)
==4684==    by 0x42E823: testing::Test::Run() [clone .part.368] (in /home/cs104/hw-ykelty/hw4/hw4_tests/llremdup_tests/llremdup_tests)
==4684==    by 0x42EADC: testing::TestInfo::Run() [clone .part.369] (in /home/cs104/hw-ykelty/hw4/hw4_tests/llremdup_tests/llremdup_tests)
==4684==    by 0x42ECC4: testing::TestCase::Run() [clone .part.370] (in /home/cs104/hw-ykelty/hw4/hw4_tests/llremdup_tests/llremdup_tests)
==4684==    by 0x431170: testing::internal::UnitTestImpl::RunAllTests() [clone .part.371] [clone .constprop.426] (in /home/cs104/hw-ykelty/hw4/hw4_tests/llremdup_tests/llremdup_tests)
==4684==    by 0x431580: testing::UnitTest::Run() (in /home/cs104/hw-ykelty/hw4/hw4_tests/llremdup_tests/llremdup_tests)
==4684==    by 0x404B2F: main (in /home/cs104/hw-ykelty/hw4/hw4_tests/llremdup_tests/llremdup_tests)
==4684== 
==4684== Invalid free() / delete / delete[] / realloc()
==4684==    at 0x4C2F23B: operator delete(void*) (in /usr/lib/valgrind/vgpreload_memcheck-amd64-linux.so)
==4684==    by 0x40E225: deleteList(Item*) (llremdup_test_utils.cpp:78)
==4684==    by 0x4078F5: Concatenate_SecondEmptyOneVal_Test::TestBody() (llremdup_tests.cpp:207)
==4684==    by 0x436C02: void testing::internal::HandleExceptionsInMethodIfSupported<testing::Test, void>(testing::Test*, void (testing::Test::*)(), char const*) (in /home/cs104/hw-ykelty/hw4/hw4_tests/llremdup_tests/llremdup_tests)
==4684==    by 0x42E823: testing::Test::Run() [clone .part.368] (in /home/cs104/hw-ykelty/hw4/hw4_tests/llremdup_tests/llremdup_tests)
==4684==    by 0x42EADC: testing::TestInfo::Run() [clone .part.369] (in /home/cs104/hw-ykelty/hw4/hw4_tests/llremdup_tests/llremdup_tests)
==4684==    by 0x42ECC4: testing::TestCase::Run() [clone .part.370] (in /home/cs104/hw-ykelty/hw4/hw4_tests/llremdup_tests/llremdup_tests)
==4684==    by 0x431170: testing::internal::UnitTestImpl::RunAllTests() [clone .part.371] [clone .constprop.426] (in /home/cs104/hw-ykelty/hw4/hw4_tests/llremdup_tests/llremdup_tests)
==4684==    by 0x431580: testing::UnitTest::Run() (in /home/cs104/hw-ykelty/hw4/hw4_tests/llremdup_tests/llremdup_tests)
==4684==    by 0x404B2F: main (in /home/cs104/hw-ykelty/hw4/hw4_tests/llremdup_tests/llremdup_tests)
==4684==  Address 0x5ce5540 is 0 bytes inside a block of size 16 free'd
==4684==    at 0x4C2F23B: operator delete(void*) (in /usr/lib/valgrind/vgpreload_memcheck-amd64-linux.so)
==4684==    by 0x40E225: deleteList(Item*) (llremdup_test_utils.cpp:78)
==4684==    by 0x4078E6: Concatenate_SecondEmptyOneVal_Test::TestBody() (llremdup_tests.cpp:206)
==4684==    by 0x436C02: void testing::internal::HandleExceptionsInMethodIfSupported<testing::Test, void>(testing::Test*, void (testing::Test::*)(), char const*) (in /home/cs104/hw-ykelty/hw4/hw4_tests/llremdup_tests/llremdup_tests)
==4684==    by 0x42E823: testing::Test::Run() [clone .part.368] (in /home/cs104/hw-ykelty/hw4/hw4_tests/llremdup_tests/llremdup_tests)
==4684==    by 0x42EADC: testing::TestInfo::Run() [clone .part.369] (in /home/cs104/hw-ykelty/hw4/hw4_tests/llremdup_tests/llremdup_tests)
==4684==    by 0x42ECC4: testing::TestCase::Run() [clone .part.370] (in /home/cs104/hw-ykelty/hw4/hw4_tests/llremdup_tests/llremdup_tests)
==4684==    by 0x431170: testing::internal::UnitTestImpl::RunAllTests() [clone .part.371] [clone .constprop.426] (in /home/cs104/hw-ykelty/hw4/hw4_tests/llremdup_tests/llremdup_tests)
==4684==    by 0x431580: testing::UnitTest::Run() (in /home/cs104/hw-ykelty/hw4/hw4_tests/llremdup_tests/llremdup_tests)
==4684==    by 0x404B2F: main (in /home/cs104/hw-ykelty/hw4/hw4_tests/llremdup_tests/llremdup_tests)
==4684==  Block was alloc'd at
==4684==    at 0x4C2E17F: operator new(unsigned long) (in /usr/lib/valgrind/vgpreload_memcheck-amd64-linux.so)
==4684==    by 0x40DEF8: makeList(std::vector<int, std::allocator<int> > const&) (llremdup_test_utils.cpp:23)
==4684==    by 0x407740: Concatenate_SecondEmptyOneVal_Test::TestBody() (llremdup_tests.cpp:196)
==4684==    by 0x436C02: void testing::internal::HandleExceptionsInMethodIfSupported<testing::Test, void>(testing::Test*, void (testing::Test::*)(), char const*) (in /home/cs104/hw-ykelty/hw4/hw4_tests/llremdup_tests/llremdup_tests)
==4684==    by 0x42E823: testing::Test::Run() [clone .part.368] (in /home/cs104/hw-ykelty/hw4/hw4_tests/llremdup_tests/llremdup_tests)
==4684==    by 0x42EADC: testing::TestInfo::Run() [clone .part.369] (in /home/cs104/hw-ykelty/hw4/hw4_tests/llremdup_tests/llremdup_tests)
==4684==    by 0x42ECC4: testing::TestCase::Run() [clone .part.370] (in /home/cs104/hw-ykelty/hw4/hw4_tests/llremdup_tests/llremdup_tests)
==4684==    by 0x431170: testing::internal::UnitTestImpl::RunAllTests() [clone .part.371] [clone .constprop.426] (in /home/cs104/hw-ykelty/hw4/hw4_tests/llremdup_tests/llremdup_tests)
==4684==    by 0x431580: testing::UnitTest::Run() (in /home/cs104/hw-ykelty/hw4/hw4_tests/llremdup_tests/llremdup_tests)
==4684==    by 0x404B2F: main (in /home/cs104/hw-ykelty/hw4/hw4_tests/llremdup_tests/llremdup_tests)
==4684== 
[  FAILED  ] Concatenate.SecondEmptyOneVal (45 ms)
[----------] 1 test from Concatenate (52 ms total)

[----------] Global test environment tear-down
[==========] 1 test from 1 test case ran. (87 ms total)
[  PASSED  ] 0 tests.
[  FAILED  ] 1 test, listed below:
[  FAILED  ] Concatenate.SecondEmptyOneVal

 1 FAILED TEST
==4684== 
==4684== HEAP SUMMARY:
==4684==     in use at exit: 72,704 bytes in 1 blocks
==4684==   total heap usage: 380 allocs, 380 frees, 140,439 bytes allocated
==4684== 
==4684== LEAK SUMMARY:
==4684==    definitely lost: 0 bytes in 0 blocks
==4684==    indirectly lost: 0 bytes in 0 blocks
==4684==      possibly lost: 0 bytes in 0 blocks
==4684==    still reachable: 0 bytes in 0 blocks
==4684==         suppressed: 72,704 bytes in 1 blocks
==4684== 
==4684== For counts of detected and suppressed errors, rerun with: -v
==4684== ERROR SUMMARY: 2 errors from 2 contexts (suppressed: 0 from 0)
<end of output>
Test time =   0.85 sec
----------------------------------------------------------
Test Failed.
"Concatenate.SecondEmptyOneVal" end time: Jul 03 22:49 PDT
"Concatenate.SecondEmptyOneVal" time elapsed: 00:00:00
----------------------------------------------------------

17/83 Testing: Concatenate.BothNonEmptyOneVal
17/83 Test: Concatenate.BothNonEmptyOneVal
Command: "/usr/bin/valgrind" "--tool=memcheck" "--leak-check=yes" "--trace-children=no" "/home/cs104/hw-ykelty/hw4/hw4_tests/llremdup_tests/llremdup_tests" "--gtest_filter=Concatenate.BothNonEmptyOneVal"
Directory: /home/cs104/hw-ykelty/hw4/hw4_tests/llremdup_tests
"Concatenate.BothNonEmptyOneVal" start time: Jul 03 22:49 PDT
Output:
----------------------------------------------------------
==4685== Memcheck, a memory error detector
==4685== Copyright (C) 2002-2017, and GNU GPL'd, by Julian Seward et al.
==4685== Using Valgrind-3.13.0 and LibVEX; rerun with -h for copyright info
==4685== Command: /home/cs104/hw-ykelty/hw4/hw4_tests/llremdup_tests/llremdup_tests --gtest_filter=Concatenate.BothNonEmptyOneVal
==4685== 
Running main() from gtest_main.cc
Note: Google Test filter = Concatenate.BothNonEmptyOneVal
[==========] Running 1 test from 1 test case.
[----------] Global test environment set-up.
[----------] 1 test from Concatenate
[ RUN      ] Concatenate.BothNonEmptyOneVal
/home/cs104/hw-ykelty/hw4/hw4_tests/llremdup_tests/llremdup_tests.cpp:221: Failure
Value of: checkContent(list, {1, 2})
  Actual: false (Data mismatch: expected 1 / actual -1)
Expected: true
==4685== Invalid read of size 8
==4685==    at 0x40E212: deleteList(Item*) (llremdup_test_utils.cpp:76)
==4685==    by 0x407C88: Concatenate_BothNonEmptyOneVal_Test::TestBody() (llremdup_tests.cpp:224)
==4685==    by 0x436C02: void testing::internal::HandleExceptionsInMethodIfSupported<testing::Test, void>(testing::Test*, void (testing::Test::*)(), char const*) (in /home/cs104/hw-ykelty/hw4/hw4_tests/llremdup_tests/llremdup_tests)
==4685==    by 0x42E823: testing::Test::Run() [clone .part.368] (in /home/cs104/hw-ykelty/hw4/hw4_tests/llremdup_tests/llremdup_tests)
==4685==    by 0x42EADC: testing::TestInfo::Run() [clone .part.369] (in /home/cs104/hw-ykelty/hw4/hw4_tests/llremdup_tests/llremdup_tests)
==4685==    by 0x42ECC4: testing::TestCase::Run() [clone .part.370] (in /home/cs104/hw-ykelty/hw4/hw4_tests/llremdup_tests/llremdup_tests)
==4685==    by 0x431170: testing::internal::UnitTestImpl::RunAllTests() [clone .part.371] [clone .constprop.426] (in /home/cs104/hw-ykelty/hw4/hw4_tests/llremdup_tests/llremdup_tests)
==4685==    by 0x431580: testing::UnitTest::Run() (in /home/cs104/hw-ykelty/hw4/hw4_tests/llremdup_tests/llremdup_tests)
==4685==    by 0x404B2F: main (in /home/cs104/hw-ykelty/hw4/hw4_tests/llremdup_tests/llremdup_tests)
==4685==  Address 0x5ce55e8 is 8 bytes inside a block of size 16 free'd
==4685==    at 0x4C2F23B: operator delete(void*) (in /usr/lib/valgrind/vgpreload_memcheck-amd64-linux.so)
==4685==    by 0x40E225: deleteList(Item*) (llremdup_test_utils.cpp:78)
==4685==    by 0x407C79: Concatenate_BothNonEmptyOneVal_Test::TestBody() (llremdup_tests.cpp:223)
==4685==    by 0x436C02: void testing::internal::HandleExceptionsInMethodIfSupported<testing::Test, void>(testing::Test*, void (testing::Test::*)(), char const*) (in /home/cs104/hw-ykelty/hw4/hw4_tests/llremdup_tests/llremdup_tests)
==4685==    by 0x42E823: testing::Test::Run() [clone .part.368] (in /home/cs104/hw-ykelty/hw4/hw4_tests/llremdup_tests/llremdup_tests)
==4685==    by 0x42EADC: testing::TestInfo::Run() [clone .part.369] (in /home/cs104/hw-ykelty/hw4/hw4_tests/llremdup_tests/llremdup_tests)
==4685==    by 0x42ECC4: testing::TestCase::Run() [clone .part.370] (in /home/cs104/hw-ykelty/hw4/hw4_tests/llremdup_tests/llremdup_tests)
==4685==    by 0x431170: testing::internal::UnitTestImpl::RunAllTests() [clone .part.371] [clone .constprop.426] (in /home/cs104/hw-ykelty/hw4/hw4_tests/llremdup_tests/llremdup_tests)
==4685==    by 0x431580: testing::UnitTest::Run() (in /home/cs104/hw-ykelty/hw4/hw4_tests/llremdup_tests/llremdup_tests)
==4685==    by 0x404B2F: main (in /home/cs104/hw-ykelty/hw4/hw4_tests/llremdup_tests/llremdup_tests)
==4685==  Block was alloc'd at
==4685==    at 0x4C2E17F: operator new(unsigned long) (in /usr/lib/valgrind/vgpreload_memcheck-amd64-linux.so)
==4685==    by 0x40DEF8: makeList(std::vector<int, std::allocator<int> > const&) (llremdup_test_utils.cpp:23)
==4685==    by 0x407AD1: Concatenate_BothNonEmptyOneVal_Test::TestBody() (llremdup_tests.cpp:213)
==4685==    by 0x436C02: void testing::internal::HandleExceptionsInMethodIfSupported<testing::Test, void>(testing::Test*, void (testing::Test::*)(), char const*) (in /home/cs104/hw-ykelty/hw4/hw4_tests/llremdup_tests/llremdup_tests)
==4685==    by 0x42E823: testing::Test::Run() [clone .part.368] (in /home/cs104/hw-ykelty/hw4/hw4_tests/llremdup_tests/llremdup_tests)
==4685==    by 0x42EADC: testing::TestInfo::Run() [clone .part.369] (in /home/cs104/hw-ykelty/hw4/hw4_tests/llremdup_tests/llremdup_tests)
==4685==    by 0x42ECC4: testing::TestCase::Run() [clone .part.370] (in /home/cs104/hw-ykelty/hw4/hw4_tests/llremdup_tests/llremdup_tests)
==4685==    by 0x431170: testing::internal::UnitTestImpl::RunAllTests() [clone .part.371] [clone .constprop.426] (in /home/cs104/hw-ykelty/hw4/hw4_tests/llremdup_tests/llremdup_tests)
==4685==    by 0x431580: testing::UnitTest::Run() (in /home/cs104/hw-ykelty/hw4/hw4_tests/llremdup_tests/llremdup_tests)
==4685==    by 0x404B2F: main (in /home/cs104/hw-ykelty/hw4/hw4_tests/llremdup_tests/llremdup_tests)
==4685== 
==4685== Invalid free() / delete / delete[] / realloc()
==4685==    at 0x4C2F23B: operator delete(void*) (in /usr/lib/valgrind/vgpreload_memcheck-amd64-linux.so)
==4685==    by 0x40E225: deleteList(Item*) (llremdup_test_utils.cpp:78)
==4685==    by 0x407C88: Concatenate_BothNonEmptyOneVal_Test::TestBody() (llremdup_tests.cpp:224)
==4685==    by 0x436C02: void testing::internal::HandleExceptionsInMethodIfSupported<testing::Test, void>(testing::Test*, void (testing::Test::*)(), char const*) (in /home/cs104/hw-ykelty/hw4/hw4_tests/llremdup_tests/llremdup_tests)
==4685==    by 0x42E823: testing::Test::Run() [clone .part.368] (in /home/cs104/hw-ykelty/hw4/hw4_tests/llremdup_tests/llremdup_tests)
==4685==    by 0x42EADC: testing::TestInfo::Run() [clone .part.369] (in /home/cs104/hw-ykelty/hw4/hw4_tests/llremdup_tests/llremdup_tests)
==4685==    by 0x42ECC4: testing::TestCase::Run() [clone .part.370] (in /home/cs104/hw-ykelty/hw4/hw4_tests/llremdup_tests/llremdup_tests)
==4685==    by 0x431170: testing::internal::UnitTestImpl::RunAllTests() [clone .part.371] [clone .constprop.426] (in /home/cs104/hw-ykelty/hw4/hw4_tests/llremdup_tests/llremdup_tests)
==4685==    by 0x431580: testing::UnitTest::Run() (in /home/cs104/hw-ykelty/hw4/hw4_tests/llremdup_tests/llremdup_tests)
==4685==    by 0x404B2F: main (in /home/cs104/hw-ykelty/hw4/hw4_tests/llremdup_tests/llremdup_tests)
==4685==  Address 0x5ce55e0 is 0 bytes inside a block of size 16 free'd
==4685==    at 0x4C2F23B: operator delete(void*) (in /usr/lib/valgrind/vgpreload_memcheck-amd64-linux.so)
==4685==    by 0x40E225: deleteList(Item*) (llremdup_test_utils.cpp:78)
==4685==    by 0x407C79: Concatenate_BothNonEmptyOneVal_Test::TestBody() (llremdup_tests.cpp:223)
==4685==    by 0x436C02: void testing::internal::HandleExceptionsInMethodIfSupported<testing::Test, void>(testing::Test*, void (testing::Test::*)(), char const*) (in /home/cs104/hw-ykelty/hw4/hw4_tests/llremdup_tests/llremdup_tests)
==4685==    by 0x42E823: testing::Test::Run() [clone .part.368] (in /home/cs104/hw-ykelty/hw4/hw4_tests/llremdup_tests/llremdup_tests)
==4685==    by 0x42EADC: testing::TestInfo::Run() [clone .part.369] (in /home/cs104/hw-ykelty/hw4/hw4_tests/llremdup_tests/llremdup_tests)
==4685==    by 0x42ECC4: testing::TestCase::Run() [clone .part.370] (in /home/cs104/hw-ykelty/hw4/hw4_tests/llremdup_tests/llremdup_tests)
==4685==    by 0x431170: testing::internal::UnitTestImpl::RunAllTests() [clone .part.371] [clone .constprop.426] (in /home/cs104/hw-ykelty/hw4/hw4_tests/llremdup_tests/llremdup_tests)
==4685==    by 0x431580: testing::UnitTest::Run() (in /home/cs104/hw-ykelty/hw4/hw4_tests/llremdup_tests/llremdup_tests)
==4685==    by 0x404B2F: main (in /home/cs104/hw-ykelty/hw4/hw4_tests/llremdup_tests/llremdup_tests)
==4685==  Block was alloc'd at
==4685==    at 0x4C2E17F: operator new(unsigned long) (in /usr/lib/valgrind/vgpreload_memcheck-amd64-linux.so)
==4685==    by 0x40DEF8: makeList(std::vector<int, std::allocator<int> > const&) (llremdup_test_utils.cpp:23)
==4685==    by 0x407AD1: Concatenate_BothNonEmptyOneVal_Test::TestBody() (llremdup_tests.cpp:213)
==4685==    by 0x436C02: void testing::internal::HandleExceptionsInMethodIfSupported<testing::Test, void>(testing::Test*, void (testing::Test::*)(), char const*) (in /home/cs104/hw-ykelty/hw4/hw4_tests/llremdup_tests/llremdup_tests)
==4685==    by 0x42E823: testing::Test::Run() [clone .part.368] (in /home/cs104/hw-ykelty/hw4/hw4_tests/llremdup_tests/llremdup_tests)
==4685==    by 0x42EADC: testing::TestInfo::Run() [clone .part.369] (in /home/cs104/hw-ykelty/hw4/hw4_tests/llremdup_tests/llremdup_tests)
==4685==    by 0x42ECC4: testing::TestCase::Run() [clone .part.370] (in /home/cs104/hw-ykelty/hw4/hw4_tests/llremdup_tests/llremdup_tests)
==4685==    by 0x431170: testing::internal::UnitTestImpl::RunAllTests() [clone .part.371] [clone .constprop.426] (in /home/cs104/hw-ykelty/hw4/hw4_tests/llremdup_tests/llremdup_tests)
==4685==    by 0x431580: testing::UnitTest::Run() (in /home/cs104/hw-ykelty/hw4/hw4_tests/llremdup_tests/llremdup_tests)
==4685==    by 0x404B2F: main (in /home/cs104/hw-ykelty/hw4/hw4_tests/llremdup_tests/llremdup_tests)
==4685== 
==4685== Invalid read of size 8
==4685==    at 0x40E212: deleteList(Item*) (llremdup_test_utils.cpp:76)
==4685==    by 0x407C97: Concatenate_BothNonEmptyOneVal_Test::TestBody() (llremdup_tests.cpp:225)
==4685==    by 0x436C02: void testing::internal::HandleExceptionsInMethodIfSupported<testing::Test, void>(testing::Test*, void (testing::Test::*)(), char const*) (in /home/cs104/hw-ykelty/hw4/hw4_tests/llremdup_tests/llremdup_tests)
==4685==    by 0x42E823: testing::Test::Run() [clone .part.368] (in /home/cs104/hw-ykelty/hw4/hw4_tests/llremdup_tests/llremdup_tests)
==4685==    by 0x42EADC: testing::TestInfo::Run() [clone .part.369] (in /home/cs104/hw-ykelty/hw4/hw4_tests/llremdup_tests/llremdup_tests)
==4685==    by 0x42ECC4: testing::TestCase::Run() [clone .part.370] (in /home/cs104/hw-ykelty/hw4/hw4_tests/llremdup_tests/llremdup_tests)
==4685==    by 0x431170: testing::internal::UnitTestImpl::RunAllTests() [clone .part.371] [clone .constprop.426] (in /home/cs104/hw-ykelty/hw4/hw4_tests/llremdup_tests/llremdup_tests)
[...]
Command: "/home/cs104/hw-ykelty/hw4/hw4_tests/laundry_tests/laundry_tests" "--gtest_filter=laundry_tests.NominalInput2"
Directory: /home/cs104/hw-ykelty/hw4/hw4_tests/laundry_tests
"laundry_tests.NominalInput2" start time: Jul 03 23:17 PDT
Output:
----------------------------------------------------------
Running main() from gtest_main.cc
Note: Google Test filter = laundry_tests.NominalInput2
[==========] Running 1 test from 1 test case.
[----------] Global test environment set-up.
[----------] 1 test from laundry_tests
[ RUN      ] laundry_tests.NominalInput2
This test is executing your program with the following command line: 
/usr/bin/valgrind --tool=memcheck -q --leak-check=yes --error-exitcode=113 /home/cs104/hw-ykelty/hw4/hw4_tests/laundry_tests/hw4_laundry /home/cs104/hw-ykelty/hw4/hw4_tests/laundry_tests/testFiles/NominalInput2/input.txt /home/cs104/hw-ykelty/hw4/hw4_tests/laundry_tests/testFiles/NominalInput2/output.txt
Your program's STDOUT was written to: /home/cs104/hw-ykelty/hw4/hw4_tests/laundry_tests/testFiles/NominalInput2/stdout.txt
==4785== Invalid write of size 4
==4785==    at 0x401353: Stack<int>::push(int const&) (stack.h:57)
==4785==    by 0x4010CB: main (laundry.cpp:26)
==4785==  Address 0x5abb250 is 0 bytes after a block of size 0 alloc'd
==4785==    at 0x4C2E89F: operator new[](unsigned long) (in /usr/lib/valgrind/vgpreload_memcheck-amd64-linux.so)
==4785==    by 0x4012B4: Stack<int>::Stack() (stack.h:31)
==4785==    by 0x401048: main (laundry.cpp:19)
==4785== 
==4785== Invalid read of size 4
==4785==    at 0x4010F9: main (laundry.cpp:31)
==4785==  Address 0x5abb254 is 4 bytes after a block of size 0 alloc'd
==4785==    at 0x4C2E89F: operator new[](unsigned long) (in /usr/lib/valgrind/vgpreload_memcheck-amd64-linux.so)
==4785==    by 0x4012B4: Stack<int>::Stack() (stack.h:31)
==4785==    by 0x401048: main (laundry.cpp:19)
==4785== 
==4785== 0 bytes in 1 blocks are definitely lost in loss record 1 of 2
==4785==    at 0x4C2E89F: operator new[](unsigned long) (in /usr/lib/valgrind/vgpreload_memcheck-amd64-linux.so)
==4785==    by 0x4012B4: Stack<int>::Stack() (stack.h:31)
==4785==    by 0x401048: main (laundry.cpp:19)
==4785== 
WARNING: user program created Valgrind errors!
[       OK ] laundry_tests.NominalInput2 (1202 ms)
[----------] 1 test from laundry_tests (1202 ms total)

[----------] Global test environment tear-down
[==========] 1 test from 1 test case ran. (1202 ms total)
[  PASSED  ] 1 test.
<end of output>
Test time =   1.22 sec
----------------------------------------------------------
Test Passed.
"laundry_tests.NominalInput2" end time: Jul 03 23:17 PDT
"laundry_tests.NominalInput2" time elapsed: 00:00:01
----------------------------------------------------------

78/83 Testing: laundry_tests.NominalInput3
78/83 Test: laundry_tests.NominalInput3
Command: "/home/cs104/hw-ykelty/hw4/hw4_tests/laundry_tests/laundry_tests" "--gtest_filter=laundry_tests.NominalInput3"
Directory: /home/cs104/hw-ykelty/hw4/hw4_tests/laundry_tests
"laundry_tests.NominalInput3" start time: Jul 03 23:17 PDT
Output:
----------------------------------------------------------
Running main() from gtest_main.cc
Note: Google Test filter = laundry_tests.NominalInput3
[==========] Running 1 test from 1 test case.
[----------] Global test environment set-up.
[----------] 1 test from laundry_tests
[ RUN      ] laundry_tests.NominalInput3
This test is executing your program with the following command line: 
/usr/bin/valgrind --tool=memcheck -q --leak-check=yes --error-exitcode=113 /home/cs104/hw-ykelty/hw4/hw4_tests/laundry_tests/hw4_laundry /home/cs104/hw-ykelty/hw4/hw4_tests/laundry_tests/testFiles/NominalInput3/input.txt /home/cs104/hw-ykelty/hw4/hw4_tests/laundry_tests/testFiles/NominalInput3/output.txt
Your program's STDOUT was written to: /home/cs104/hw-ykelty/hw4/hw4_tests/laundry_tests/testFiles/NominalInput3/stdout.txt
==4802== Invalid write of size 4
==4802==    at 0x401353: Stack<int>::push(int const&) (stack.h:57)
==4802==    by 0x4010CB: main (laundry.cpp:26)
==4802==  Address 0x5abb250 is 0 bytes after a block of size 0 alloc'd
==4802==    at 0x4C2E89F: operator new[](unsigned long) (in /usr/lib/valgrind/vgpreload_memcheck-amd64-linux.so)
==4802==    by 0x4012B4: Stack<int>::Stack() (stack.h:31)
==4802==    by 0x401048: main (laundry.cpp:19)
==4802== 
==4802== Invalid read of size 4
==4802==    at 0x4010F9: main (laundry.cpp:31)
==4802==  Address 0x5abb258 is 8 bytes after a block of size 0 alloc'd
==4802==    at 0x4C2E89F: operator new[](unsigned long) (in /usr/lib/valgrind/vgpreload_memcheck-amd64-linux.so)
==4802==    by 0x4012B4: Stack<int>::Stack() (stack.h:31)
==4802==    by 0x401048: main (laundry.cpp:19)
==4802== 
==4802== 0 bytes in 1 blocks are definitely lost in loss record 1 of 2
==4802==    at 0x4C2E89F: operator new[](unsigned long) (in /usr/lib/valgrind/vgpreload_memcheck-amd64-linux.so)
==4802==    by 0x4012B4: Stack<int>::Stack() (stack.h:31)
==4802==    by 0x401048: main (laundry.cpp:19)
==4802== 
WARNING: user program created Valgrind errors!
[       OK ] laundry_tests.NominalInput3 (1223 ms)
[----------] 1 test from laundry_tests (1223 ms total)

[----------] Global test environment tear-down
[==========] 1 test from 1 test case ran. (1223 ms total)
[  PASSED  ] 1 test.
<end of output>
Test time =   1.23 sec
----------------------------------------------------------
Test Passed.
"laundry_tests.NominalInput3" end time: Jul 03 23:17 PDT
"laundry_tests.NominalInput3" time elapsed: 00:00:01
----------------------------------------------------------

79/83 Testing: laundry_tests.TwoRemovals
79/83 Test: laundry_tests.TwoRemovals
Command: "/home/cs104/hw-ykelty/hw4/hw4_tests/laundry_tests/laundry_tests" "--gtest_filter=laundry_tests.TwoRemovals"
Directory: /home/cs104/hw-ykelty/hw4/hw4_tests/laundry_tests
"laundry_tests.TwoRemovals" start time: Jul 03 23:17 PDT
Output:
----------------------------------------------------------
Running main() from gtest_main.cc
Note: Google Test filter = laundry_tests.TwoRemovals
[==========] Running 1 test from 1 test case.
[----------] Global test environment set-up.
[----------] 1 test from laundry_tests
[ RUN      ] laundry_tests.TwoRemovals
This test is executing your program with the following command line: 
/usr/bin/valgrind --tool=memcheck -q --leak-check=yes --error-exitcode=113 /home/cs104/hw-ykelty/hw4/hw4_tests/laundry_tests/hw4_laundry /home/cs104/hw-ykelty/hw4/hw4_tests/laundry_tests/testFiles/TwoRemovals/input.txt /home/cs104/hw-ykelty/hw4/hw4_tests/laundry_tests/testFiles/TwoRemovals/output.txt
Your program's STDOUT was written to: /home/cs104/hw-ykelty/hw4/hw4_tests/laundry_tests/testFiles/TwoRemovals/stdout.txt
==4806== Invalid write of size 4
==4806==    at 0x401353: Stack<int>::push(int const&) (stack.h:57)
==4806==    by 0x4010CB: main (laundry.cpp:26)
==4806==  Address 0x5abb2b0 is 0 bytes after a block of size 0 alloc'd
==4806==    at 0x4C2E89F: operator new[](unsigned long) (in /usr/lib/valgrind/vgpreload_memcheck-amd64-linux.so)
==4806==    by 0x4012B4: Stack<int>::Stack() (stack.h:31)
==4806==    by 0x401048: main (laundry.cpp:19)
==4806== 
==4806== Invalid read of size 4
==4806==    at 0x4010F9: main (laundry.cpp:31)
==4806==  Address 0x5abb2b8 is 8 bytes after a block of size 0 alloc'd
==4806==    at 0x4C2E89F: operator new[](unsigned long) (in /usr/lib/valgrind/vgpreload_memcheck-amd64-linux.so)
==4806==    by 0x4012B4: Stack<int>::Stack() (stack.h:31)
==4806==    by 0x401048: main (laundry.cpp:19)
==4806== 
==4806== 0 bytes in 1 blocks are definitely lost in loss record 1 of 2
==4806==    at 0x4C2E89F: operator new[](unsigned long) (in /usr/lib/valgrind/vgpreload_memcheck-amd64-linux.so)
==4806==    by 0x4012B4: Stack<int>::Stack() (stack.h:31)
==4806==    by 0x401048: main (laundry.cpp:19)
==4806== 
WARNING: user program created Valgrind errors!
[       OK ] laundry_tests.TwoRemovals (1025 ms)
[----------] 1 test from laundry_tests (1025 ms total)

[----------] Global test environment tear-down
[==========] 1 test from 1 test case ran. (1025 ms total)
[  PASSED  ] 1 test.
<end of output>
Test time =   1.03 sec
----------------------------------------------------------
Test Passed.
"laundry_tests.TwoRemovals" end time: Jul 03 23:17 PDT
"laundry_tests.TwoRemovals" time elapsed: 00:00:01
----------------------------------------------------------

80/83 Testing: laundry_tests.ThreeRemovals
80/83 Test: laundry_tests.ThreeRemovals
Command: "/home/cs104/hw-ykelty/hw4/hw4_tests/laundry_tests/laundry_tests" "--gtest_filter=laundry_tests.ThreeRemovals"
Directory: /home/cs104/hw-ykelty/hw4/hw4_tests/laundry_tests
"laundry_tests.ThreeRemovals" start time: Jul 03 23:17 PDT
Output:
----------------------------------------------------------
Running main() from gtest_main.cc
Note: Google Test filter = laundry_tests.ThreeRemovals
[==========] Running 1 test from 1 test case.
[----------] Global test environment set-up.
[----------] 1 test from laundry_tests
[ RUN      ] laundry_tests.ThreeRemovals
This test is executing your program with the following command line: 
/usr/bin/valgrind --tool=memcheck -q --leak-check=yes --error-exitcode=113 /home/cs104/hw-ykelty/hw4/hw4_tests/laundry_tests/hw4_laundry /home/cs104/hw-ykelty/hw4/hw4_tests/laundry_tests/testFiles/ThreeRemovals/input.txt /home/cs104/hw-ykelty/hw4/hw4_tests/laundry_tests/testFiles/ThreeRemovals/output.txt
Your program's STDOUT was written to: /home/cs104/hw-ykelty/hw4/hw4_tests/laundry_tests/testFiles/ThreeRemovals/stdout.txt
==4808== Invalid write of size 4
==4808==    at 0x401353: Stack<int>::push(int const&) (stack.h:57)
==4808==    by 0x4010CB: main (laundry.cpp:26)
==4808==  Address 0x5abb250 is 0 bytes after a block of size 0 alloc'd
==4808==    at 0x4C2E89F: operator new[](unsigned long) (in /usr/lib/valgrind/vgpreload_memcheck-amd64-linux.so)
==4808==    by 0x4012B4: Stack<int>::Stack() (stack.h:31)
==4808==    by 0x401048: main (laundry.cpp:19)
==4808== 
==4808== Invalid read of size 4
==4808==    at 0x4010F9: main (laundry.cpp:31)
==4808==  Address 0x5abb258 is 8 bytes after a block of size 0 alloc'd
==4808==    at 0x4C2E89F: operator new[](unsigned long) (in /usr/lib/valgrind/vgpreload_memcheck-amd64-linux.so)
==4808==    by 0x4012B4: Stack<int>::Stack() (stack.h:31)
==4808==    by 0x401048: main (laundry.cpp:19)
==4808== 
==4808== 0 bytes in 1 blocks are definitely lost in loss record 1 of 2
==4808==    at 0x4C2E89F: operator new[](unsigned long) (in /usr/lib/valgrind/vgpreload_memcheck-amd64-linux.so)
==4808==    by 0x4012B4: Stack<int>::Stack() (stack.h:31)
==4808==    by 0x401048: main (laundry.cpp:19)
==4808== 
WARNING: user program created Valgrind errors!
[       OK ] laundry_tests.ThreeRemovals (789 ms)
[----------] 1 test from laundry_tests (789 ms total)

[----------] Global test environment tear-down
[==========] 1 test from 1 test case ran. (790 ms total)
[  PASSED  ] 1 test.
<end of output>
Test time =   0.79 sec
----------------------------------------------------------
Test Passed.
"laundry_tests.ThreeRemovals" end time: Jul 03 23:17 PDT
"laundry_tests.ThreeRemovals" time elapsed: 00:00:00
----------------------------------------------------------

81/83 Testing: laundry_tests.OverRemoval1
81/83 Test: laundry_tests.OverRemoval1
Command: "/home/cs104/hw-ykelty/hw4/hw4_tests/laundry_tests/laundry_tests" "--gtest_filter=laundry_tests.OverRemoval1"
Directory: /home/cs104/hw-ykelty/hw4/hw4_tests/laundry_tests
"laundry_tests.OverRemoval1" start time: Jul 03 23:17 PDT
Output:
----------------------------------------------------------
Running main() from gtest_main.cc
Note: Google Test filter = laundry_tests.OverRemoval1
[==========] Running 1 test from 1 test case.
[----------] Global test environment set-up.
[----------] 1 test from laundry_tests
[ RUN      ] laundry_tests.OverRemoval1
This test is executing your program with the following command line: 
/usr/bin/valgrind --tool=memcheck -q --leak-check=yes --error-exitcode=113 /home/cs104/hw-ykelty/hw4/hw4_tests/laundry_tests/hw4_laundry /home/cs104/hw-ykelty/hw4/hw4_tests/laundry_tests/testFiles/overRemoval1/input.txt /home/cs104/hw-ykelty/hw4/hw4_tests/laundry_tests/testFiles/overRemoval1/output.txt
Your program's STDOUT was written to: /home/cs104/hw-ykelty/hw4/hw4_tests/laundry_tests/testFiles/overRemoval1/stdout.txt
==4810== Invalid write of size 4
==4810==    at 0x401353: Stack<int>::push(int const&) (stack.h:57)
==4810==    by 0x4010CB: main (laundry.cpp:26)
==4810==  Address 0x5abb250 is 0 bytes after a block of size 0 alloc'd
==4810==    at 0x4C2E89F: operator new[](unsigned long) (in /usr/lib/valgrind/vgpreload_memcheck-amd64-linux.so)
==4810==    by 0x4012B4: Stack<int>::Stack() (stack.h:31)
==4810==    by 0x401048: main (laundry.cpp:19)
==4810== 
==4810== Invalid read of size 4
==4810==    at 0x4010F9: main (laundry.cpp:31)
==4810==  Address 0x5abb254 is 4 bytes after a block of size 0 alloc'd
==4810==    at 0x4C2E89F: operator new[](unsigned long) (in /usr/lib/valgrind/vgpreload_memcheck-amd64-linux.so)
==4810==    by 0x4012B4: Stack<int>::Stack() (stack.h:31)
==4810==    by 0x401048: main (laundry.cpp:19)
==4810== 
==4810== 0 bytes in 1 blocks are definitely lost in loss record 1 of 2
==4810==    at 0x4C2E89F: operator new[](unsigned long) (in /usr/lib/valgrind/vgpreload_memcheck-amd64-linux.so)
==4810==    by 0x4012B4: Stack<int>::Stack() (stack.h:31)
==4810==    by 0x401048: main (laundry.cpp:19)
==4810== 
WARNING: user program created Valgrind errors!
/home/cs104/hw-ykelty/hw4/hw4_tests/laundry_tests/laundry_tests.cpp:105: Failure
Value of: checkLaundry("overRemoval1", input, output, true)
  Actual: false (Contents do not match
got 
whiteblackblackblack
expected
white black
)
Expected: true
[  FAILED  ] laundry_tests.OverRemoval1 (756 ms)
[----------] 1 test from laundry_tests (756 ms total)

[----------] Global test environment tear-down
[==========] 1 test from 1 test case ran. (756 ms total)
[  PASSED  ] 0 tests.
[  FAILED  ] 1 test, listed below:
[  FAILED  ] laundry_tests.OverRemoval1

 1 FAILED TEST
<end of output>
Test time =   0.76 sec
----------------------------------------------------------
Test Failed.
"laundry_tests.OverRemoval1" end time: Jul 03 23:17 PDT
"laundry_tests.OverRemoval1" time elapsed: 00:00:00
----------------------------------------------------------

82/83 Testing: laundry_tests.OverRemoval2
82/83 Test: laundry_tests.OverRemoval2
Command: "/home/cs104/hw-ykelty/hw4/hw4_tests/laundry_tests/laundry_tests" "--gtest_filter=laundry_tests.OverRemoval2"
Directory: /home/cs104/hw-ykelty/hw4/hw4_tests/laundry_tests
"laundry_tests.OverRemoval2" start time: Jul 03 23:17 PDT
Output:
----------------------------------------------------------
Running main() from gtest_main.cc
Note: Google Test filter = laundry_tests.OverRemoval2
[==========] Running 1 test from 1 test case.
[----------] Global test environment set-up.
[----------] 1 test from laundry_tests
[ RUN      ] laundry_tests.OverRemoval2
This test is executing your program with the following command line: 
/usr/bin/valgrind --tool=memcheck -q --leak-check=yes --error-exitcode=113 /home/cs104/hw-ykelty/hw4/hw4_tests/laundry_tests/hw4_laundry /home/cs104/hw-ykelty/hw4/hw4_tests/laundry_tests/testFiles/overRemoval2/input.txt /home/cs104/hw-ykelty/hw4/hw4_tests/laundry_tests/testFiles/overRemoval2/output.txt
Your program's STDOUT was written to: /home/cs104/hw-ykelty/hw4/hw4_tests/laundry_tests/testFiles/overRemoval2/stdout.txt
==4812== Invalid write of size 4
==4812==    at 0x401353: Stack<int>::push(int const&) (stack.h:57)
==4812==    by 0x4010CB: main (laundry.cpp:26)
==4812==  Address 0x5abb250 is 0 bytes after a block of size 0 alloc'd
==4812==    at 0x4C2E89F: operator new[](unsigned long) (in /usr/lib/valgrind/vgpreload_memcheck-amd64-linux.so)
==4812==    by 0x4012B4: Stack<int>::Stack() (stack.h:31)
==4812==    by 0x401048: main (laundry.cpp:19)
==4812== 
==4812== Invalid read of size 4
==4812==    at 0x4010F9: main (laundry.cpp:31)
==4812==  Address 0x5abb254 is 4 bytes after a block of size 0 alloc'd
==4812==    at 0x4C2E89F: operator new[](unsigned long) (in /usr/lib/valgrind/vgpreload_memcheck-amd64-linux.so)
==4812==    by 0x4012B4: Stack<int>::Stack() (stack.h:31)
==4812==    by 0x401048: main (laundry.cpp:19)
==4812== 
==4812== 0 bytes in 1 blocks are definitely lost in loss record 1 of 2
==4812==    at 0x4C2E89F: operator new[](unsigned long) (in /usr/lib/valgrind/vgpreload_memcheck-amd64-linux.so)
==4812==    by 0x4012B4: Stack<int>::Stack() (stack.h:31)
==4812==    by 0x401048: main (laundry.cpp:19)
==4812== 
WARNING: user program created Valgrind errors!
/home/cs104/hw-ykelty/hw4/hw4_tests/laundry_tests/laundry_tests.cpp:112: Failure
Value of: checkLaundry("overRemoval2", input, output, true)
  Actual: false (Contents do not match
got 
whiteblackblackblack
whiteblackblackblack
expected
white black 
white black
)
Expected: true
[  FAILED  ] laundry_tests.OverRemoval2 (875 ms)
[----------] 1 test from laundry_tests (875 ms total)

[----------] Global test environment tear-down
[==========] 1 test from 1 test case ran. (875 ms total)
[  PASSED  ] 0 tests.
[  FAILED  ] 1 test, listed below:
[  FAILED  ] laundry_tests.OverRemoval2

 1 FAILED TEST
<end of output>
Test time =   0.88 sec
----------------------------------------------------------
Test Failed.
"laundry_tests.OverRemoval2" end time: Jul 03 23:17 PDT
"laundry_tests.OverRemoval2" time elapsed: 00:00:00
----------------------------------------------------------

83/83 Testing: laundry_tests.NoRemoval
83/83 Test: laundry_tests.NoRemoval
Command: "/home/cs104/hw-ykelty/hw4/hw4_tests/laundry_tests/laundry_tests" "--gtest_filter=laundry_tests.NoRemoval"
Directory: /home/cs104/hw-ykelty/hw4/hw4_tests/laundry_tests
"laundry_tests.NoRemoval" start time: Jul 03 23:17 PDT
Output:
----------------------------------------------------------
Running main() from gtest_main.cc
Note: Google Test filter = laundry_tests.NoRemoval
[==========] Running 1 test from 1 test case.
[----------] Global test environment set-up.
[----------] 1 test from laundry_tests
[ RUN      ] laundry_tests.NoRemoval
This test is executing your program with the following command line: 
/usr/bin/valgrind --tool=memcheck -q --leak-check=yes --error-exitcode=113 /home/cs104/hw-ykelty/hw4/hw4_tests/laundry_tests/hw4_laundry /home/cs104/hw-ykelty/hw4/hw4_tests/laundry_tests/testFiles/NoRemoval/input.txt /home/cs104/hw-ykelty/hw4/hw4_tests/laundry_tests/testFiles/NoRemoval/output.txt
Your program's STDOUT was written to: /home/cs104/hw-ykelty/hw4/hw4_tests/laundry_tests/testFiles/NoRemoval/stdout.txt
==4814== Invalid write of size 4
==4814==    at 0x401353: Stack<int>::push(int const&) (stack.h:57)
==4814==    by 0x4010CB: main (laundry.cpp:26)
==4814==  Address 0x5abb250 is 0 bytes after a block of size 0 alloc'd
==4814==    at 0x4C2E89F: operator new[](unsigned long) (in /usr/lib/valgrind/vgpreload_memcheck-amd64-linux.so)
==4814==    by 0x4012B4: Stack<int>::Stack() (stack.h:31)
==4814==    by 0x401048: main (laundry.cpp:19)
==4814== 
==4814== 0 bytes in 1 blocks are definitely lost in loss record 1 of 2
==4814==    at 0x4C2E89F: operator new[](unsigned long) (in /usr/lib/valgrind/vgpreload_memcheck-amd64-linux.so)
==4814==    by 0x4012B4: Stack<int>::Stack() (stack.h:31)
==4814==    by 0x401048: main (laundry.cpp:19)
==4814== 
WARNING: user program created Valgrind errors!
[       OK ] laundry_tests.NoRemoval (954 ms)
[----------] 1 test from laundry_tests (954 ms total)

[----------] Global test environment tear-down
[==========] 1 test from 1 test case ran. (954 ms total)
[  PASSED  ] 1 test.
<end of output>
Test time =   0.96 sec
----------------------------------------------------------
Test Passed.
"laundry_tests.NoRemoval" end time: Jul 03 23:17 PDT
"laundry_tests.NoRemoval" time elapsed: 00:00:00
----------------------------------------------------------

End testing: Jul 03 23:17 PDT
